#
# There is insufficient memory for the Java Runtime Environment to continue.
# Native memory allocation (malloc) failed to allocate 1184816 bytes for Chunk::new
# Possible reasons:
#   The system is out of physical RAM or swap space
#   The process is running with CompressedOops enabled, and the Java Heap may be blocking the growth of the native heap
# Possible solutions:
#   Reduce memory load on the system
#   Increase physical memory or swap space
#   Check if swap backing store is full
#   Decrease Java heap size (-Xmx/-Xms)
#   Decrease number of Java threads
#   Decrease Java thread stack sizes (-Xss)
#   Set larger code cache with -XX:ReservedCodeCacheSize=
#   JVM is running with Unscaled Compressed Oops mode in which the Java heap is
#     placed in the first 4GB address space. The Java Heap base address is the
#     maximum limit for the native heap growth. Please use -XX:HeapBaseMinAddress
#     to set the Java Heap base and to place the Java Heap above 4GB virtual address.
# This output file may be truncated or incomplete.
#
#  Out of Memory Error (./src/hotspot/share/memory/arena.cpp:197), pid=5312, tid=6644
#
# JRE version: OpenJDK Runtime Environment (11.0.13) (build 11.0.13+0-b1751.21-8125866)
# Java VM: OpenJDK 64-Bit Server VM (11.0.13+0-b1751.21-8125866, mixed mode, tiered, compressed oops, g1 gc, windows-amd64)
# No core dump will be written. Minidumps are not enabled by default on client versions of Windows
#

---------------  S U M M A R Y ------------

Command Line: --add-opens=java.base/java.util=ALL-UNNAMED --add-opens=java.base/java.lang=ALL-UNNAMED --add-opens=java.base/java.lang.invoke=ALL-UNNAMED --add-opens=java.base/java.util=ALL-UNNAMED --add-opens=java.prefs/java.util.prefs=ALL-UNNAMED --add-opens=java.prefs/java.util.prefs=ALL-UNNAMED --add-opens=java.base/java.nio.charset=ALL-UNNAMED --add-opens=java.base/java.net=ALL-UNNAMED --add-opens=java.base/java.util.concurrent.atomic=ALL-UNNAMED -Xmx2048m -Dfile.encoding=UTF-8 -Duser.country=US -Duser.language=en -Duser.variant org.gradle.launcher.daemon.bootstrap.GradleDaemon 7.4

Host: Intel(R) Core(TM) i5-4310M CPU @ 2.70GHz, 4 cores, 9G,  Windows 10 , 64 bit Build 19041 (10.0.19041.2364)
Time: Sun Jan  8 12:52:49 2023 Pacific Standard Time elapsed time: 484.861630 seconds (0d 0h 8m 4s)

---------------  T H R E A D  ---------------

Current thread (0x000002252a2a0800):  JavaThread "C2 CompilerThread0" daemon [_thread_in_native, id=6644, stack(0x0000003b7ff00000,0x0000003b80000000)]


Current CompileTask:
C2: 484861 19581       4       com.android.tools.r8.internal.Pn::a (1167 bytes)

Stack: [0x0000003b7ff00000,0x0000003b80000000]
Native frames: (J=compiled Java code, j=interpreted, Vv=VM code, C=native code)
V  [jvm.dll+0x6100fa]
V  [jvm.dll+0x747090]
V  [jvm.dll+0x7486ad]
V  [jvm.dll+0x748d83]
V  [jvm.dll+0x24ab48]
V  [jvm.dll+0xc04dc]
V  [jvm.dll+0xc0a0c]
V  [jvm.dll+0x35eb5b]
V  [jvm.dll+0x32b833]
V  [jvm.dll+0x32ad2a]
V  [jvm.dll+0x2032b2]
V  [jvm.dll+0x202437]
V  [jvm.dll+0x188e01]
V  [jvm.dll+0x21106b]
V  [jvm.dll+0x20f8c1]
V  [jvm.dll+0x70de0f]
V  [jvm.dll+0x706a75]
V  [jvm.dll+0x60ed66]
C  [ucrtbase.dll+0x21bb2]
C  [KERNEL32.DLL+0x17614]
C  [ntdll.dll+0x526a1]


---------------  P R O C E S S  ---------------

Threads class SMR info:
_java_thread_list=0x0000022538b70c60, length=95, elements={
0x000002250fcfa800, 0x000002252991a000, 0x000002252991d000, 0x000002252a294800,
0x000002252a297800, 0x000002252a29b000, 0x000002252a2a0800, 0x000002252a2a2800,
0x0000022529942000, 0x000002252a3e5000, 0x000002252b8d9800, 0x000002252c1f8000,
0x000002252b6b8000, 0x000002252b3f0800, 0x000002252b3f2000, 0x000002252b3ed800,
0x000002252b3ef000, 0x000002252b3f3000, 0x000002252b3ef800, 0x000002252b3f1800,
0x000002252b3f4000, 0x000002252b3ee000, 0x000002252db40000, 0x000002252db45000,
0x000002252d5ac000, 0x000002252d5a6000, 0x0000022530013800, 0x0000022530012800,
0x0000022530019000, 0x0000022530016000, 0x0000022530015000, 0x0000022530018800,
0x000002253001a000, 0x0000022530014000, 0x000002253001b000, 0x0000022530021800,
0x000002253001b800, 0x000002253001c800, 0x0000022530020800, 0x000002253001f000,
0x000002253001f800, 0x000002253001d000, 0x000002253001e000, 0x000002252d5a7800,
0x000002252d5a7000, 0x000002252d5aa000, 0x000002252d5a8800, 0x000002252d5a9800,
0x000002252d5ab000, 0x000002252d5a5800, 0x000002252d5ae800, 0x000002252d5ad800,
0x000002252d5af000, 0x000002252d5b0000, 0x000002252d5b0800, 0x000002252d5b1800,
0x000002252d5b3000, 0x000002252d5b2800, 0x000002252d5b4000, 0x000002252db43000,
0x000002252db40800, 0x000002252db42800, 0x000002252db44000, 0x000002252cf73000,
0x000002252cf74000, 0x000002252cf72000, 0x000002252cf6f800, 0x000002252cf74800,
0x000002252cf6f000, 0x000002252cf76800, 0x000002252cf75800, 0x000002252cf70800,
0x000002252cf77000, 0x000002252cf71800, 0x000002252cf7d000, 0x000002252cf79800,
0x000002252cf7d800, 0x000002252cf7a800, 0x000002252cf78000, 0x000002252cf7b000,
0x000002252cf7c000, 0x000002252cf78800, 0x000002252c649000, 0x000002252c649800,
0x000002252c645000, 0x000002252c645800, 0x000002252c646800, 0x000002252c64b800,
0x000002252c647800, 0x000002252c64a800, 0x000002252c648000, 0x000002252dd6c800,
0x000002252dd68800, 0x000002252dd6a000, 0x000002252b598800
}

Java Threads: ( => current thread )
  0x000002250fcfa800 JavaThread "main" [_thread_blocked, id=10496, stack(0x0000003b7f300000,0x0000003b7f400000)]
  0x000002252991a000 JavaThread "Reference Handler" daemon [_thread_blocked, id=9836, stack(0x0000003b7fa00000,0x0000003b7fb00000)]
  0x000002252991d000 JavaThread "Finalizer" daemon [_thread_blocked, id=2784, stack(0x0000003b7fb00000,0x0000003b7fc00000)]
  0x000002252a294800 JavaThread "Signal Dispatcher" daemon [_thread_blocked, id=14852, stack(0x0000003b7fc00000,0x0000003b7fd00000)]
  0x000002252a297800 JavaThread "Attach Listener" daemon [_thread_blocked, id=6532, stack(0x0000003b7fd00000,0x0000003b7fe00000)]
  0x000002252a29b000 JavaThread "Service Thread" daemon [_thread_blocked, id=7736, stack(0x0000003b7fe00000,0x0000003b7ff00000)]
=>0x000002252a2a0800 JavaThread "C2 CompilerThread0" daemon [_thread_in_native, id=6644, stack(0x0000003b7ff00000,0x0000003b80000000)]
  0x000002252a2a2800 JavaThread "C1 CompilerThread0" daemon [_thread_in_native, id=11060, stack(0x0000003b00000000,0x0000003b00100000)]
  0x0000022529942000 JavaThread "Sweeper thread" daemon [_thread_blocked, id=9004, stack(0x0000003b00100000,0x0000003b00200000)]
  0x000002252a3e5000 JavaThread "Common-Cleaner" daemon [_thread_blocked, id=13016, stack(0x0000003b00200000,0x0000003b00300000)]
  0x000002252b8d9800 JavaThread "Daemon health stats" [_thread_blocked, id=9688, stack(0x0000003b00700000,0x0000003b00800000)]
  0x000002252c1f8000 JavaThread "Incoming local TCP Connector on port 61221" [_thread_in_native, id=9916, stack(0x0000003b00400000,0x0000003b00500000)]
  0x000002252b6b8000 JavaThread "Daemon periodic checks" [_thread_blocked, id=4016, stack(0x0000003b00800000,0x0000003b00900000)]
  0x000002252b3f0800 JavaThread "Cache worker for journal cache (C:\Users\Bayan\.gradle\caches\journal-1)" [_thread_blocked, id=4856, stack(0x0000003b01100000,0x0000003b01200000)]
  0x000002252b3f2000 JavaThread "File lock request listener" [_thread_in_native, id=4316, stack(0x0000003b01200000,0x0000003b01300000)]
  0x000002252b3ed800 JavaThread "Cache worker for file hash cache (C:\Users\Bayan\.gradle\caches\7.4\fileHashes)" [_thread_blocked, id=2448, stack(0x0000003b01300000,0x0000003b01400000)]
  0x000002252b3ef000 JavaThread "File watcher server" daemon [_thread_in_native, id=14184, stack(0x0000003b01500000,0x0000003b01600000)]
  0x000002252b3f3000 JavaThread "File watcher consumer" daemon [_thread_blocked, id=8596, stack(0x0000003b01600000,0x0000003b01700000)]
  0x000002252b3ef800 JavaThread "jar transforms" [_thread_blocked, id=9052, stack(0x0000003b01700000,0x0000003b01800000)]
  0x000002252b3f1800 JavaThread "jar transforms Thread 2" [_thread_blocked, id=3712, stack(0x0000003b01800000,0x0000003b01900000)]
  0x000002252b3f4000 JavaThread "jar transforms Thread 3" [_thread_blocked, id=13464, stack(0x0000003b01900000,0x0000003b01a00000)]
  0x000002252b3ee000 JavaThread "jar transforms Thread 4" [_thread_blocked, id=6168, stack(0x0000003b01a00000,0x0000003b01b00000)]
  0x000002252db40000 JavaThread "Cache worker for execution history cache (C:\Users\Bayan\.gradle\caches\7.4\executionHistory)" [_thread_blocked, id=4392, stack(0x0000003b01f00000,0x0000003b02000000)]
  0x000002252db45000 JavaThread "Cache worker for file content cache (C:\Users\Bayan\.gradle\caches\7.4\fileContent)" [_thread_blocked, id=11100, stack(0x0000003b02000000,0x0000003b02100000)]
  0x000002252d5ac000 JavaThread "Memory manager" [_thread_blocked, id=9872, stack(0x0000003b04b00000,0x0000003b04c00000)]
  0x000002252d5a6000 JavaThread "pool-3-thread-1" [_thread_blocked, id=2752, stack(0x0000003b04c00000,0x0000003b04d00000)]
  0x0000022530013800 JavaThread "Daemon Thread 2" [_thread_blocked, id=7864, stack(0x0000003b00900000,0x0000003b00a00000)]
  0x0000022530012800 JavaThread "Handler for socket connection from /127.0.0.1:61221 to /127.0.0.1:61635" [_thread_in_native, id=14792, stack(0x0000003b00a00000,0x0000003b00b00000)]
  0x0000022530019000 JavaThread "Cancel handler" [_thread_blocked, id=6960, stack(0x0000003b00c00000,0x0000003b00d00000)]
  0x0000022530016000 JavaThread "Daemon worker Thread 2" [_thread_blocked, id=8096, stack(0x0000003b00d00000,0x0000003b00e00000)]
  0x0000022530015000 JavaThread "Asynchronous log dispatcher for DefaultDaemonConnection: socket connection from /127.0.0.1:61221 to /127.0.0.1:61635" [_thread_blocked, id=8832, stack(0x0000003b00e00000,0x0000003b00f00000)]
  0x0000022530018800 JavaThread "Daemon client event forwarder" [_thread_blocked, id=13988, stack(0x0000003b01000000,0x0000003b01100000)]
  0x000002253001a000 JavaThread "Cache worker for file hash cache (C:\Users\Bayan\AndroidStudioProjects\Testing\.gradle\7.4\fileHashes)" [_thread_blocked, id=1472, stack(0x0000003b01400000,0x0000003b01500000)]
  0x0000022530014000 JavaThread "Cache worker for checksums cache (C:\Users\Bayan\AndroidStudioProjects\Testing\.gradle\7.4\checksums)" [_thread_blocked, id=6648, stack(0x0000003b01b00000,0x0000003b01c00000)]
  0x000002253001b000 JavaThread "Cache worker for cache directory md-rule (C:\Users\Bayan\.gradle\caches\7.4\md-rule)" [_thread_blocked, id=1168, stack(0x0000003b01c00000,0x0000003b01d00000)]
  0x0000022530021800 JavaThread "Cache worker for cache directory md-supplier (C:\Users\Bayan\.gradle\caches\7.4\md-supplier)" [_thread_blocked, id=10332, stack(0x0000003b01d00000,0x0000003b01e00000)]
  0x000002253001b800 JavaThread "Cache worker for dependencies-accessors (C:\Users\Bayan\AndroidStudioProjects\Testing\.gradle\7.4\dependencies-accessors)" [_thread_blocked, id=5332, stack(0x0000003b02100000,0x0000003b02200000)]
  0x000002253001c800 JavaThread "Cache worker for Build Output Cleanup Cache (C:\Users\Bayan\AndroidStudioProjects\Testing\.gradle\buildOutputCleanup)" [_thread_blocked, id=9900, stack(0x0000003b02200000,0x0000003b02300000)]
  0x0000022530020800 JavaThread "Unconstrained build operations" [_thread_blocked, id=2508, stack(0x0000003b02300000,0x0000003b02400000)]
  0x000002253001f000 JavaThread "Unconstrained build operations Thread 2" [_thread_blocked, id=7436, stack(0x0000003b02400000,0x0000003b02500000)]
  0x000002253001f800 JavaThread "Unconstrained build operations Thread 3" [_thread_blocked, id=8996, stack(0x0000003b02500000,0x0000003b02600000)]
  0x000002253001d000 JavaThread "Unconstrained build operations Thread 4" [_thread_blocked, id=11708, stack(0x0000003b02600000,0x0000003b02700000)]
  0x000002253001e000 JavaThread "Unconstrained build operations Thread 5" [_thread_blocked, id=13068, stack(0x0000003b02700000,0x0000003b02800000)]
  0x000002252d5a7800 JavaThread "Unconstrained build operations Thread 6" [_thread_blocked, id=8884, stack(0x0000003b02800000,0x0000003b02900000)]
  0x000002252d5a7000 JavaThread "Unconstrained build operations Thread 7" [_thread_blocked, id=13320, stack(0x0000003b02900000,0x0000003b02a00000)]
  0x000002252d5aa000 JavaThread "Unconstrained build operations Thread 8" [_thread_blocked, id=11684, stack(0x0000003b02a00000,0x0000003b02b00000)]
  0x000002252d5a8800 JavaThread "Unconstrained build operations Thread 9" [_thread_blocked, id=10492, stack(0x0000003b02b00000,0x0000003b02c00000)]
  0x000002252d5a9800 JavaThread "Unconstrained build operations Thread 10" [_thread_blocked, id=9556, stack(0x0000003b02c00000,0x0000003b02d00000)]
  0x000002252d5ab000 JavaThread "Unconstrained build operations Thread 11" [_thread_blocked, id=6432, stack(0x0000003b02d00000,0x0000003b02e00000)]
  0x000002252d5a5800 JavaThread "Unconstrained build operations Thread 12" [_thread_blocked, id=10184, stack(0x0000003b02e00000,0x0000003b02f00000)]
  0x000002252d5ae800 JavaThread "Unconstrained build operations Thread 13" [_thread_blocked, id=624, stack(0x0000003b02f00000,0x0000003b03000000)]
  0x000002252d5ad800 JavaThread "Unconstrained build operations Thread 14" [_thread_blocked, id=4260, stack(0x0000003b03000000,0x0000003b03100000)]
  0x000002252d5af000 JavaThread "Unconstrained build operations Thread 15" [_thread_blocked, id=4964, stack(0x0000003b03100000,0x0000003b03200000)]
  0x000002252d5b0000 JavaThread "Unconstrained build operations Thread 16" [_thread_blocked, id=4984, stack(0x0000003b03200000,0x0000003b03300000)]
  0x000002252d5b0800 JavaThread "Unconstrained build operations Thread 17" [_thread_blocked, id=7600, stack(0x0000003b03300000,0x0000003b03400000)]
  0x000002252d5b1800 JavaThread "Unconstrained build operations Thread 18" [_thread_blocked, id=13092, stack(0x0000003b03400000,0x0000003b03500000)]
  0x000002252d5b3000 JavaThread "Unconstrained build operations Thread 19" [_thread_blocked, id=6784, stack(0x0000003b03500000,0x0000003b03600000)]
  0x000002252d5b2800 JavaThread "Unconstrained build operations Thread 20" [_thread_blocked, id=6720, stack(0x0000003b03600000,0x0000003b03700000)]
  0x000002252d5b4000 JavaThread "Unconstrained build operations Thread 21" [_thread_blocked, id=8152, stack(0x0000003b03700000,0x0000003b03800000)]
  0x000002252db43000 JavaThread "Unconstrained build operations Thread 22" [_thread_blocked, id=8216, stack(0x0000003b03800000,0x0000003b03900000)]
  0x000002252db40800 JavaThread "Unconstrained build operations Thread 23" [_thread_blocked, id=13152, stack(0x0000003b03900000,0x0000003b03a00000)]
  0x000002252db42800 JavaThread "Unconstrained build operations Thread 24" [_thread_blocked, id=13028, stack(0x0000003b03a00000,0x0000003b03b00000)]
  0x000002252db44000 JavaThread "Unconstrained build operations Thread 25" [_thread_blocked, id=7792, stack(0x0000003b03b00000,0x0000003b03c00000)]
  0x000002252cf73000 JavaThread "Unconstrained build operations Thread 26" [_thread_blocked, id=5824, stack(0x0000003b03c00000,0x0000003b03d00000)]
  0x000002252cf74000 JavaThread "Unconstrained build operations Thread 27" [_thread_blocked, id=13208, stack(0x0000003b03d00000,0x0000003b03e00000)]
  0x000002252cf72000 JavaThread "Unconstrained build operations Thread 28" [_thread_blocked, id=12368, stack(0x0000003b03e00000,0x0000003b03f00000)]
  0x000002252cf6f800 JavaThread "Unconstrained build operations Thread 29" [_thread_blocked, id=6016, stack(0x0000003b03f00000,0x0000003b04000000)]
  0x000002252cf74800 JavaThread "Unconstrained build operations Thread 30" [_thread_blocked, id=3172, stack(0x0000003b04000000,0x0000003b04100000)]
  0x000002252cf6f000 JavaThread "Unconstrained build operations Thread 31" [_thread_blocked, id=12384, stack(0x0000003b04100000,0x0000003b04200000)]
  0x000002252cf76800 JavaThread "Unconstrained build operations Thread 32" [_thread_blocked, id=13052, stack(0x0000003b04200000,0x0000003b04300000)]
  0x000002252cf75800 JavaThread "Unconstrained build operations Thread 33" [_thread_blocked, id=4164, stack(0x0000003b04300000,0x0000003b04400000)]
  0x000002252cf70800 JavaThread "Unconstrained build operations Thread 34" [_thread_blocked, id=8812, stack(0x0000003b04400000,0x0000003b04500000)]
  0x000002252cf77000 JavaThread "Unconstrained build operations Thread 35" [_thread_blocked, id=5844, stack(0x0000003b04500000,0x0000003b04600000)]
  0x000002252cf71800 JavaThread "Unconstrained build operations Thread 36" [_thread_blocked, id=6640, stack(0x0000003b04600000,0x0000003b04700000)]
  0x000002252cf7d000 JavaThread "Unconstrained build operations Thread 37" [_thread_blocked, id=1764, stack(0x0000003b04700000,0x0000003b04800000)]
  0x000002252cf79800 JavaThread "Unconstrained build operations Thread 38" [_thread_blocked, id=13184, stack(0x0000003b04800000,0x0000003b04900000)]
  0x000002252cf7d800 JavaThread "Unconstrained build operations Thread 39" [_thread_blocked, id=1060, stack(0x0000003b04900000,0x0000003b04a00000)]
  0x000002252cf7a800 JavaThread "Unconstrained build operations Thread 40" [_thread_blocked, id=10020, stack(0x0000003b04a00000,0x0000003b04b00000)]
  0x000002252cf78000 JavaThread "Configuration cache report writer" [_thread_blocked, id=4552, stack(0x0000003b04f00000,0x0000003b05000000)]
  0x000002252cf7b000 JavaThread "pool-6-thread-1" [_thread_blocked, id=11416, stack(0x0000003b05000000,0x0000003b05100000)]
  0x000002252cf7c000 JavaThread "build event listener" [_thread_blocked, id=12040, stack(0x0000003b05100000,0x0000003b05200000)]
  0x000002252cf78800 JavaThread "File lock release action executor" [_thread_blocked, id=14320, stack(0x0000003b00f00000,0x0000003b01000000)]
  0x000002252c649000 JavaThread "included builds" [_thread_blocked, id=7364, stack(0x0000003b04d00000,0x0000003b04e00000)]
  0x000002252c649800 JavaThread "Execution worker for ':'" [_thread_blocked, id=15300, stack(0x0000003b05200000,0x0000003b05300000)]
  0x000002252c645000 JavaThread "Execution worker for ':' Thread 2" [_thread_blocked, id=9588, stack(0x0000003b05300000,0x0000003b05400000)]
  0x000002252c645800 JavaThread "Execution worker for ':' Thread 3" [_thread_blocked, id=15132, stack(0x0000003b05400000,0x0000003b05500000)]
  0x000002252c646800 JavaThread "Cache worker for execution history cache (C:\Users\Bayan\AndroidStudioProjects\Testing\.gradle\7.4\executionHistory)" [_thread_blocked, id=14060, stack(0x0000003b05500000,0x0000003b05600000)]
  0x000002252c64b800 JavaThread "WorkerExecutor Queue" [_thread_in_Java, id=11868, stack(0x0000003b05600000,0x0000003b05700000)]
  0x000002252c647800 JavaThread "WorkerExecutor Queue Thread 2" [_thread_blocked, id=13696, stack(0x0000003b05800000,0x0000003b05900000)]
  0x000002252c64a800 JavaThread "WorkerExecutor Queue Thread 3" [_thread_in_vm, id=7728, stack(0x0000003b05900000,0x0000003b05a00000)]
  0x000002252c648000 JavaThread "pool-7-thread-1" [_thread_blocked, id=9884, stack(0x0000003b05a00000,0x0000003b05b00000)]
  0x000002252dd6c800 JavaThread "stderr" [_thread_in_native, id=13004, stack(0x0000003b05b00000,0x0000003b05c00000)]
  0x000002252dd68800 JavaThread "stdout" [_thread_in_native, id=11932, stack(0x0000003b05c00000,0x0000003b05d00000)]
  0x000002252dd6a000 JavaThread "WorkerExecutor Queue Thread 4" [_thread_in_Java, id=12444, stack(0x0000003b05700000,0x0000003b05800000)]
  0x000002252b598800 JavaThread "C2 CompilerThread1" daemon [_thread_in_native, id=11088, stack(0x0000003b04e00000,0x0000003b04f00000)]

Other Threads:
  0x0000022529915800 VMThread "VM Thread" [stack: 0x0000003b7f900000,0x0000003b7fa00000] [id=11328]
  0x000002252a414000 WatcherThread [stack: 0x0000003b00300000,0x0000003b00400000] [id=6704]
  0x000002250fd13800 GCTaskThread "GC Thread#0" [stack: 0x0000003b7f400000,0x0000003b7f500000] [id=13616]
  0x000002252aa7a800 GCTaskThread "GC Thread#1" [stack: 0x0000003b00500000,0x0000003b00600000] [id=4268]
  0x000002252aa11800 GCTaskThread "GC Thread#2" [stack: 0x0000003b00600000,0x0000003b00700000] [id=8520]
  0x000002252bffd000 GCTaskThread "GC Thread#3" [stack: 0x0000003b00b00000,0x0000003b00c00000] [id=11748]
  0x000002250fd47000 ConcurrentGCThread "G1 Main Marker" [stack: 0x0000003b7f500000,0x0000003b7f600000] [id=6372]
  0x000002250fd49000 ConcurrentGCThread "G1 Conc#0" [stack: 0x0000003b7f600000,0x0000003b7f700000] [id=7420]
  0x000002250fddd800 ConcurrentGCThread "G1 Refine#0" [stack: 0x0000003b7f700000,0x0000003b7f800000] [id=12376]
  0x000002250fdde800 ConcurrentGCThread "G1 Young RemSet Sampling" [stack: 0x0000003b7f800000,0x0000003b7f900000] [id=6628]

Threads with active compile tasks:
C2 CompilerThread0 484895 19581       4       com.android.tools.r8.internal.Pn::a (1167 bytes)
C1 CompilerThread0 484895 19703       3       com.android.tools.r8.graph.n0::g1 (17 bytes)
C2 CompilerThread1 484895 19696 %     4       com.android.tools.r8.graph.I::c @ 10 (43 bytes)

VM state:not at safepoint (normal execution)

VM Mutex/Monitor currently owned by a thread:  ([mutex/lock_event])
[0x000002250fcf5d00] CodeCache_lock - owner thread: 0x0000000000000000

Heap address: 0x0000000080000000, size: 2048 MB, Compressed Oops mode: 32-bit
Narrow klass base: 0x0000000000000000, Narrow klass shift: 3
Compressed class space size: 1073741824 Address: 0x0000000100000000

Heap:
 garbage-first heap   total 284672K, used 240640K [0x0000000080000000, 0x0000000100000000)
  region size 1024K, 28 young (28672K), 4 survivors (4096K)
 Metaspace       used 142227K, capacity 146409K, committed 146736K, reserved 1177600K
  class space    used 17766K, capacity 19254K, committed 19328K, reserved 1048576K
Heap Regions: E=young(eden), S=young(survivor), O=old, HS=humongous(starts), HC=humongous(continues), CS=collection set, F=free, A=archive, TAMS=top-at-mark-start (previous, next)
|   0|0x0000000080000000, 0x0000000080100000, 0x0000000080100000|100%|HS|  |TAMS 0x0000000080100000, 0x0000000080000000| Complete 
|   1|0x0000000080100000, 0x0000000080200000, 0x0000000080200000|100%|HC|  |TAMS 0x0000000080200000, 0x0000000080100000| Complete 
|   2|0x0000000080200000, 0x0000000080300000, 0x0000000080300000|100%|HC|  |TAMS 0x0000000080300000, 0x0000000080200000| Complete 
|   3|0x0000000080300000, 0x0000000080400000, 0x0000000080400000|100%| O|  |TAMS 0x0000000080400000, 0x0000000080300000| Untracked 
|   4|0x0000000080400000, 0x0000000080500000, 0x0000000080500000|100%| O|  |TAMS 0x0000000080500000, 0x0000000080400000| Untracked 
|   5|0x0000000080500000, 0x0000000080600000, 0x0000000080600000|100%| O|  |TAMS 0x0000000080600000, 0x0000000080500000| Untracked 
|   6|0x0000000080600000, 0x0000000080700000, 0x0000000080700000|100%| O|  |TAMS 0x0000000080700000, 0x0000000080600000| Untracked 
|   7|0x0000000080700000, 0x0000000080800000, 0x0000000080800000|100%| O|  |TAMS 0x0000000080800000, 0x0000000080700000| Untracked 
|   8|0x0000000080800000, 0x0000000080900000, 0x0000000080900000|100%| O|  |TAMS 0x0000000080900000, 0x0000000080800000| Untracked 
|   9|0x0000000080900000, 0x0000000080a00000, 0x0000000080a00000|100%| O|  |TAMS 0x0000000080a00000, 0x0000000080900000| Untracked 
|  10|0x0000000080a00000, 0x0000000080b00000, 0x0000000080b00000|100%| O|  |TAMS 0x0000000080b00000, 0x0000000080a00000| Untracked 
|  11|0x0000000080b00000, 0x0000000080c00000, 0x0000000080c00000|100%| O|  |TAMS 0x0000000080c00000, 0x0000000080b00000| Untracked 
|  12|0x0000000080c00000, 0x0000000080d00000, 0x0000000080d00000|100%| O|  |TAMS 0x0000000080d00000, 0x0000000080c00000| Untracked 
|  13|0x0000000080d00000, 0x0000000080e00000, 0x0000000080e00000|100%| O|  |TAMS 0x0000000080e00000, 0x0000000080d00000| Untracked 
|  14|0x0000000080e00000, 0x0000000080f00000, 0x0000000080f00000|100%| O|  |TAMS 0x0000000080f00000, 0x0000000080e00000| Untracked 
|  15|0x0000000080f00000, 0x0000000081000000, 0x0000000081000000|100%| O|  |TAMS 0x0000000081000000, 0x0000000080f00000| Untracked 
|  16|0x0000000081000000, 0x0000000081100000, 0x0000000081100000|100%|HS|  |TAMS 0x0000000081100000, 0x0000000081000000| Complete 
|  17|0x0000000081100000, 0x0000000081200000, 0x0000000081200000|100%|HC|  |TAMS 0x0000000081200000, 0x0000000081100000| Complete 
|  18|0x0000000081200000, 0x0000000081300000, 0x0000000081300000|100%|HS|  |TAMS 0x0000000081300000, 0x0000000081200000| Complete 
|  19|0x0000000081300000, 0x0000000081400000, 0x0000000081400000|100%|HC|  |TAMS 0x0000000081400000, 0x0000000081300000| Complete 
|  20|0x0000000081400000, 0x0000000081500000, 0x0000000081500000|100%|HC|  |TAMS 0x0000000081500000, 0x0000000081400000| Complete 
|  21|0x0000000081500000, 0x0000000081600000, 0x0000000081600000|100%|HS|  |TAMS 0x0000000081600000, 0x0000000081500000| Complete 
|  22|0x0000000081600000, 0x0000000081700000, 0x0000000081700000|100%|HC|  |TAMS 0x0000000081700000, 0x0000000081600000| Complete 
|  23|0x0000000081700000, 0x0000000081800000, 0x0000000081800000|100%|HC|  |TAMS 0x0000000081800000, 0x0000000081700000| Complete 
|  24|0x0000000081800000, 0x0000000081900000, 0x0000000081900000|100%|HC|  |TAMS 0x0000000081900000, 0x0000000081800000| Complete 
|  25|0x0000000081900000, 0x0000000081a00000, 0x0000000081a00000|100%|HC|  |TAMS 0x0000000081a00000, 0x0000000081900000| Complete 
|  26|0x0000000081a00000, 0x0000000081b00000, 0x0000000081b00000|100%|HS|  |TAMS 0x0000000081b00000, 0x0000000081a00000| Complete 
|  27|0x0000000081b00000, 0x0000000081c00000, 0x0000000081c00000|100%|HC|  |TAMS 0x0000000081c00000, 0x0000000081b00000| Complete 
|  28|0x0000000081c00000, 0x0000000081d00000, 0x0000000081d00000|100%|HC|  |TAMS 0x0000000081d00000, 0x0000000081c00000| Complete 
|  29|0x0000000081d00000, 0x0000000081e00000, 0x0000000081e00000|100%|HS|  |TAMS 0x0000000081e00000, 0x0000000081d00000| Complete 
|  30|0x0000000081e00000, 0x0000000081f00000, 0x0000000081f00000|100%|HS|  |TAMS 0x0000000081f00000, 0x0000000081e00000| Complete 
|  31|0x0000000081f00000, 0x0000000082000000, 0x0000000082000000|100%|HC|  |TAMS 0x0000000082000000, 0x0000000081f00000| Complete 
|  32|0x0000000082000000, 0x0000000082100000, 0x0000000082100000|100%|HC|  |TAMS 0x0000000082100000, 0x0000000082000000| Complete 
|  33|0x0000000082100000, 0x0000000082200000, 0x0000000082200000|100%|HC|  |TAMS 0x0000000082200000, 0x0000000082100000| Complete 
|  34|0x0000000082200000, 0x0000000082300000, 0x0000000082300000|100%| O|  |TAMS 0x0000000082300000, 0x0000000082200000| Untracked 
|  35|0x0000000082300000, 0x0000000082400000, 0x0000000082400000|100%| O|  |TAMS 0x0000000082400000, 0x0000000082300000| Untracked 
|  36|0x0000000082400000, 0x0000000082500000, 0x0000000082500000|100%| O|  |TAMS 0x0000000082500000, 0x0000000082400000| Untracked 
|  37|0x0000000082500000, 0x0000000082600000, 0x0000000082600000|100%| O|  |TAMS 0x0000000082600000, 0x0000000082500000| Untracked 
|  38|0x0000000082600000, 0x0000000082700000, 0x0000000082700000|100%| O|  |TAMS 0x0000000082700000, 0x0000000082600000| Untracked 
|  39|0x0000000082700000, 0x0000000082800000, 0x0000000082800000|100%|HS|  |TAMS 0x0000000082800000, 0x0000000082700000| Complete 
|  40|0x0000000082800000, 0x0000000082900000, 0x0000000082900000|100%|HC|  |TAMS 0x0000000082900000, 0x0000000082800000| Complete 
|  41|0x0000000082900000, 0x0000000082a00000, 0x0000000082a00000|100%|HC|  |TAMS 0x0000000082a00000, 0x0000000082900000| Complete 
|  42|0x0000000082a00000, 0x0000000082b00000, 0x0000000082b00000|100%| O|  |TAMS 0x0000000082b00000, 0x0000000082a00000| Untracked 
|  43|0x0000000082b00000, 0x0000000082c00000, 0x0000000082c00000|100%| O|  |TAMS 0x0000000082c00000, 0x0000000082b00000| Untracked 
|  44|0x0000000082c00000, 0x0000000082d00000, 0x0000000082d00000|100%| O|  |TAMS 0x0000000082d00000, 0x0000000082c00000| Untracked 
|  45|0x0000000082d00000, 0x0000000082e00000, 0x0000000082e00000|100%| O|  |TAMS 0x0000000082e00000, 0x0000000082d00000| Untracked 
|  46|0x0000000082e00000, 0x0000000082f00000, 0x0000000082f00000|100%| O|  |TAMS 0x0000000082f00000, 0x0000000082e00000| Untracked 
|  47|0x0000000082f00000, 0x0000000083000000, 0x0000000083000000|100%| O|  |TAMS 0x0000000083000000, 0x0000000082f00000| Untracked 
|  48|0x0000000083000000, 0x0000000083100000, 0x0000000083100000|100%|HS|  |TAMS 0x0000000083100000, 0x0000000083000000| Complete 
|  49|0x0000000083100000, 0x0000000083200000, 0x0000000083200000|100%|HC|  |TAMS 0x0000000083200000, 0x0000000083100000| Complete 
|  50|0x0000000083200000, 0x0000000083300000, 0x0000000083300000|100%|HC|  |TAMS 0x0000000083300000, 0x0000000083200000| Complete 
|  51|0x0000000083300000, 0x0000000083400000, 0x0000000083400000|100%|HC|  |TAMS 0x0000000083400000, 0x0000000083300000| Complete 
|  52|0x0000000083400000, 0x0000000083500000, 0x0000000083500000|100%|HS|  |TAMS 0x0000000083500000, 0x0000000083400000| Complete 
|  53|0x0000000083500000, 0x0000000083600000, 0x0000000083600000|100%|HC|  |TAMS 0x0000000083600000, 0x0000000083500000| Complete 
|  54|0x0000000083600000, 0x0000000083700000, 0x0000000083700000|100%|HC|  |TAMS 0x0000000083700000, 0x0000000083600000| Complete 
|  55|0x0000000083700000, 0x0000000083800000, 0x0000000083800000|100%|HS|  |TAMS 0x0000000083800000, 0x0000000083700000| Complete 
|  56|0x0000000083800000, 0x0000000083900000, 0x0000000083900000|100%|HC|  |TAMS 0x0000000083900000, 0x0000000083800000| Complete 
|  57|0x0000000083900000, 0x0000000083a00000, 0x0000000083a00000|100%| O|  |TAMS 0x0000000083a00000, 0x0000000083900000| Untracked 
|  58|0x0000000083a00000, 0x0000000083b00000, 0x0000000083b00000|100%| O|  |TAMS 0x0000000083b00000, 0x0000000083a00000| Untracked 
|  59|0x0000000083b00000, 0x0000000083c00000, 0x0000000083c00000|100%| O|  |TAMS 0x0000000083c00000, 0x0000000083b00000| Untracked 
|  60|0x0000000083c00000, 0x0000000083d00000, 0x0000000083d00000|100%| O|  |TAMS 0x0000000083d00000, 0x0000000083c00000| Untracked 
|  61|0x0000000083d00000, 0x0000000083e00000, 0x0000000083e00000|100%|HS|  |TAMS 0x0000000083e00000, 0x0000000083d00000| Complete 
|  62|0x0000000083e00000, 0x0000000083f00000, 0x0000000083f00000|100%| O|  |TAMS 0x0000000083f00000, 0x0000000083e00000| Untracked 
|  63|0x0000000083f00000, 0x0000000084000000, 0x0000000084000000|100%| O|  |TAMS 0x0000000084000000, 0x0000000083f00000| Untracked 
|  64|0x0000000084000000, 0x0000000084100000, 0x0000000084100000|100%| O|  |TAMS 0x0000000084100000, 0x0000000084000000| Untracked 
|  65|0x0000000084100000, 0x0000000084200000, 0x0000000084200000|100%| O|  |TAMS 0x0000000084200000, 0x0000000084100000| Untracked 
|  66|0x0000000084200000, 0x0000000084300000, 0x0000000084300000|100%| O|  |TAMS 0x0000000084300000, 0x0000000084200000| Untracked 
|  67|0x0000000084300000, 0x0000000084400000, 0x0000000084400000|100%|HS|  |TAMS 0x0000000084400000, 0x0000000084300000| Complete 
|  68|0x0000000084400000, 0x0000000084500000, 0x0000000084500000|100%|HC|  |TAMS 0x0000000084500000, 0x0000000084400000| Complete 
|  69|0x0000000084500000, 0x0000000084600000, 0x0000000084600000|100%|HC|  |TAMS 0x0000000084600000, 0x0000000084500000| Complete 
|  70|0x0000000084600000, 0x0000000084700000, 0x0000000084700000|100%|HC|  |TAMS 0x0000000084700000, 0x0000000084600000| Complete 
|  71|0x0000000084700000, 0x0000000084800000, 0x0000000084800000|100%|HC|  |TAMS 0x0000000084800000, 0x0000000084700000| Complete 
|  72|0x0000000084800000, 0x0000000084900000, 0x0000000084900000|100%| O|  |TAMS 0x0000000084900000, 0x0000000084800000| Untracked 
|  73|0x0000000084900000, 0x0000000084a00000, 0x0000000084a00000|100%| O|  |TAMS 0x0000000084a00000, 0x0000000084900000| Untracked 
|  74|0x0000000084a00000, 0x0000000084b00000, 0x0000000084b00000|100%| O|  |TAMS 0x0000000084b00000, 0x0000000084a00000| Untracked 
|  75|0x0000000084b00000, 0x0000000084c00000, 0x0000000084c00000|100%|HS|  |TAMS 0x0000000084c00000, 0x0000000084b00000| Complete 
|  76|0x0000000084c00000, 0x0000000084d00000, 0x0000000084d00000|100%|HS|  |TAMS 0x0000000084d00000, 0x0000000084c00000| Complete 
|  77|0x0000000084d00000, 0x0000000084e00000, 0x0000000084e00000|100%|HS|  |TAMS 0x0000000084e00000, 0x0000000084d00000| Complete 
|  78|0x0000000084e00000, 0x0000000084f00000, 0x0000000084f00000|100%|HC|  |TAMS 0x0000000084f00000, 0x0000000084e00000| Complete 
|  79|0x0000000084f00000, 0x0000000085000000, 0x0000000085000000|100%|HC|  |TAMS 0x0000000085000000, 0x0000000084f00000| Complete 
|  80|0x0000000085000000, 0x0000000085100000, 0x0000000085100000|100%|HC|  |TAMS 0x0000000085100000, 0x0000000085000000| Complete 
|  81|0x0000000085100000, 0x0000000085200000, 0x0000000085200000|100%| O|  |TAMS 0x0000000085200000, 0x0000000085100000| Untracked 
|  82|0x0000000085200000, 0x0000000085300000, 0x0000000085300000|100%| O|  |TAMS 0x0000000085300000, 0x0000000085200000| Untracked 
|  83|0x0000000085300000, 0x0000000085400000, 0x0000000085400000|100%| O|  |TAMS 0x0000000085400000, 0x0000000085300000| Untracked 
|  84|0x0000000085400000, 0x0000000085500000, 0x0000000085500000|100%| O|  |TAMS 0x0000000085500000, 0x0000000085400000| Untracked 
|  85|0x0000000085500000, 0x0000000085600000, 0x0000000085600000|100%| O|  |TAMS 0x0000000085600000, 0x0000000085500000| Untracked 
|  86|0x0000000085600000, 0x0000000085700000, 0x0000000085700000|100%|HS|  |TAMS 0x0000000085700000, 0x0000000085600000| Complete 
|  87|0x0000000085700000, 0x0000000085800000, 0x0000000085800000|100%|HC|  |TAMS 0x0000000085800000, 0x0000000085700000| Complete 
|  88|0x0000000085800000, 0x0000000085900000, 0x0000000085900000|100%| O|  |TAMS 0x0000000085900000, 0x0000000085800000| Untracked 
|  89|0x0000000085900000, 0x0000000085a00000, 0x0000000085a00000|100%| O|  |TAMS 0x0000000085a00000, 0x0000000085900000| Untracked 
|  90|0x0000000085a00000, 0x0000000085b00000, 0x0000000085b00000|100%| O|  |TAMS 0x0000000085b00000, 0x0000000085a00000| Untracked 
|  91|0x0000000085b00000, 0x0000000085c00000, 0x0000000085c00000|100%| O|  |TAMS 0x0000000085c00000, 0x0000000085b00000| Untracked 
|  92|0x0000000085c00000, 0x0000000085d00000, 0x0000000085d00000|100%| O|  |TAMS 0x0000000085d00000, 0x0000000085c00000| Untracked 
|  93|0x0000000085d00000, 0x0000000085e00000, 0x0000000085e00000|100%| O|  |TAMS 0x0000000085e00000, 0x0000000085d00000| Untracked 
|  94|0x0000000085e00000, 0x0000000085f00000, 0x0000000085f00000|100%| O|  |TAMS 0x0000000085f00000, 0x0000000085e00000| Untracked 
|  95|0x0000000085f00000, 0x0000000086000000, 0x0000000086000000|100%| O|  |TAMS 0x0000000086000000, 0x0000000085f00000| Untracked 
|  96|0x0000000086000000, 0x0000000086100000, 0x0000000086100000|100%| O|  |TAMS 0x0000000086100000, 0x0000000086000000| Untracked 
|  97|0x0000000086100000, 0x0000000086200000, 0x0000000086200000|100%| O|  |TAMS 0x0000000086200000, 0x0000000086100000| Untracked 
|  98|0x0000000086200000, 0x0000000086300000, 0x0000000086300000|100%| O|  |TAMS 0x0000000086300000, 0x0000000086200000| Untracked 
|  99|0x0000000086300000, 0x0000000086400000, 0x0000000086400000|100%| O|  |TAMS 0x0000000086400000, 0x0000000086300000| Untracked 
| 100|0x0000000086400000, 0x0000000086500000, 0x0000000086500000|100%| O|  |TAMS 0x0000000086500000, 0x0000000086400000| Untracked 
| 101|0x0000000086500000, 0x0000000086600000, 0x0000000086600000|100%| O|  |TAMS 0x0000000086600000, 0x0000000086500000| Untracked 
| 102|0x0000000086600000, 0x0000000086700000, 0x0000000086700000|100%| O|  |TAMS 0x0000000086700000, 0x0000000086600000| Untracked 
| 103|0x0000000086700000, 0x0000000086800000, 0x0000000086800000|100%| O|  |TAMS 0x0000000086800000, 0x0000000086700000| Untracked 
| 104|0x0000000086800000, 0x0000000086900000, 0x0000000086900000|100%| O|  |TAMS 0x0000000086900000, 0x0000000086800000| Untracked 
| 105|0x0000000086900000, 0x0000000086a00000, 0x0000000086a00000|100%| O|  |TAMS 0x0000000086a00000, 0x0000000086900000| Untracked 
| 106|0x0000000086a00000, 0x0000000086b00000, 0x0000000086b00000|100%| O|  |TAMS 0x0000000086b00000, 0x0000000086a00000| Untracked 
| 107|0x0000000086b00000, 0x0000000086c00000, 0x0000000086c00000|100%| O|  |TAMS 0x0000000086c00000, 0x0000000086b00000| Untracked 
| 108|0x0000000086c00000, 0x0000000086d00000, 0x0000000086d00000|100%| O|  |TAMS 0x0000000086d00000, 0x0000000086c00000| Untracked 
| 109|0x0000000086d00000, 0x0000000086e00000, 0x0000000086e00000|100%| O|  |TAMS 0x0000000086e00000, 0x0000000086d00000| Untracked 
| 110|0x0000000086e00000, 0x0000000086f00000, 0x0000000086f00000|100%| O|  |TAMS 0x0000000086f00000, 0x0000000086e00000| Untracked 
| 111|0x0000000086f00000, 0x0000000087000000, 0x0000000087000000|100%| O|  |TAMS 0x0000000087000000, 0x0000000086f00000| Untracked 
| 112|0x0000000087000000, 0x0000000087100000, 0x0000000087100000|100%| O|  |TAMS 0x0000000087100000, 0x0000000087000000| Untracked 
| 113|0x0000000087100000, 0x0000000087200000, 0x0000000087200000|100%| O|  |TAMS 0x0000000087200000, 0x0000000087100000| Untracked 
| 114|0x0000000087200000, 0x0000000087300000, 0x0000000087300000|100%|HS|  |TAMS 0x0000000087300000, 0x0000000087200000| Complete 
| 115|0x0000000087300000, 0x0000000087400000, 0x0000000087400000|100%|HC|  |TAMS 0x0000000087400000, 0x0000000087300000| Complete 
| 116|0x0000000087400000, 0x0000000087500000, 0x0000000087500000|100%|HS|  |TAMS 0x0000000087500000, 0x0000000087400000| Complete 
| 117|0x0000000087500000, 0x0000000087600000, 0x0000000087600000|100%|HC|  |TAMS 0x0000000087600000, 0x0000000087500000| Complete 
| 118|0x0000000087600000, 0x0000000087700000, 0x0000000087700000|100%|HC|  |TAMS 0x0000000087700000, 0x0000000087600000| Complete 
| 119|0x0000000087700000, 0x0000000087800000, 0x0000000087800000|100%|HS|  |TAMS 0x0000000087800000, 0x0000000087700000| Complete 
| 120|0x0000000087800000, 0x0000000087900000, 0x0000000087900000|100%|HC|  |TAMS 0x0000000087900000, 0x0000000087800000| Complete 
| 121|0x0000000087900000, 0x0000000087a00000, 0x0000000087a00000|100%|HC|  |TAMS 0x0000000087a00000, 0x0000000087900000| Complete 
| 122|0x0000000087a00000, 0x0000000087b00000, 0x0000000087b00000|100%|HC|  |TAMS 0x0000000087b00000, 0x0000000087a00000| Complete 
| 123|0x0000000087b00000, 0x0000000087c00000, 0x0000000087c00000|100%|HC|  |TAMS 0x0000000087c00000, 0x0000000087b00000| Complete 
| 124|0x0000000087c00000, 0x0000000087d00000, 0x0000000087d00000|100%|HS|  |TAMS 0x0000000087d00000, 0x0000000087c00000| Complete 
| 125|0x0000000087d00000, 0x0000000087e00000, 0x0000000087e00000|100%|HC|  |TAMS 0x0000000087e00000, 0x0000000087d00000| Complete 
| 126|0x0000000087e00000, 0x0000000087f00000, 0x0000000087f00000|100%|HC|  |TAMS 0x0000000087f00000, 0x0000000087e00000| Complete 
| 127|0x0000000087f00000, 0x0000000088000000, 0x0000000088000000|100%|HS|  |TAMS 0x0000000088000000, 0x0000000087f00000| Complete 
| 128|0x0000000088000000, 0x0000000088100000, 0x0000000088100000|100%|HS|  |TAMS 0x0000000088100000, 0x0000000088000000| Complete 
| 129|0x0000000088100000, 0x0000000088200000, 0x0000000088200000|100%|HC|  |TAMS 0x0000000088200000, 0x0000000088100000| Complete 
| 130|0x0000000088200000, 0x0000000088300000, 0x0000000088300000|100%|HC|  |TAMS 0x0000000088300000, 0x0000000088200000| Complete 
| 131|0x0000000088300000, 0x0000000088400000, 0x0000000088400000|100%|HC|  |TAMS 0x0000000088400000, 0x0000000088300000| Complete 
| 132|0x0000000088400000, 0x0000000088500000, 0x0000000088500000|100%| O|  |TAMS 0x0000000088500000, 0x0000000088400000| Untracked 
| 133|0x0000000088500000, 0x0000000088600000, 0x0000000088600000|100%| O|  |TAMS 0x0000000088600000, 0x0000000088500000| Untracked 
| 134|0x0000000088600000, 0x0000000088700000, 0x0000000088700000|100%| O|  |TAMS 0x0000000088700000, 0x0000000088600000| Untracked 
| 135|0x0000000088700000, 0x0000000088800000, 0x0000000088800000|100%| O|  |TAMS 0x0000000088800000, 0x0000000088700000| Untracked 
| 136|0x0000000088800000, 0x0000000088900000, 0x0000000088900000|100%| O|  |TAMS 0x0000000088900000, 0x0000000088800000| Untracked 
| 137|0x0000000088900000, 0x0000000088a00000, 0x0000000088a00000|100%| O|  |TAMS 0x000000008891c000, 0x0000000088900000| Untracked 
| 138|0x0000000088a00000, 0x0000000088b00000, 0x0000000088b00000|100%| O|  |TAMS 0x0000000088b00000, 0x0000000088a00000| Untracked 
| 139|0x0000000088b00000, 0x0000000088c00000, 0x0000000088c00000|100%| O|  |TAMS 0x0000000088c00000, 0x0000000088b00000| Untracked 
| 140|0x0000000088c00000, 0x0000000088d00000, 0x0000000088d00000|100%| O|  |TAMS 0x0000000088d00000, 0x0000000088c00000| Untracked 
| 141|0x0000000088d00000, 0x0000000088e00000, 0x0000000088e00000|100%| O|  |TAMS 0x0000000088e00000, 0x0000000088d00000| Untracked 
| 142|0x0000000088e00000, 0x0000000088f00000, 0x0000000088f00000|100%| O|  |TAMS 0x0000000088f00000, 0x0000000088e00000| Untracked 
| 143|0x0000000088f00000, 0x0000000089000000, 0x0000000089000000|100%| O|  |TAMS 0x0000000088f00000, 0x0000000088f00000| Untracked 
| 144|0x0000000089000000, 0x0000000089000000, 0x0000000089100000|  0%| F|  |TAMS 0x0000000089000000, 0x0000000089000000| Untracked 
| 145|0x0000000089100000, 0x0000000089200000, 0x0000000089200000|100%| O|  |TAMS 0x0000000089200000, 0x0000000089100000| Untracked 
| 146|0x0000000089200000, 0x0000000089300000, 0x0000000089300000|100%| O|  |TAMS 0x0000000089300000, 0x0000000089200000| Untracked 
| 147|0x0000000089300000, 0x0000000089400000, 0x0000000089400000|100%| O|  |TAMS 0x0000000089400000, 0x0000000089300000| Untracked 
| 148|0x0000000089400000, 0x0000000089500000, 0x0000000089500000|100%| O|  |TAMS 0x0000000089500000, 0x0000000089400000| Untracked 
| 149|0x0000000089500000, 0x0000000089500000, 0x0000000089600000|  0%| F|  |TAMS 0x0000000089500000, 0x0000000089500000| Untracked 
| 150|0x0000000089600000, 0x0000000089700000, 0x0000000089700000|100%| O|  |TAMS 0x0000000089600000, 0x0000000089600000| Untracked 
| 151|0x0000000089700000, 0x0000000089800000, 0x0000000089800000|100%| O|  |TAMS 0x0000000089800000, 0x0000000089700000| Untracked 
| 152|0x0000000089800000, 0x0000000089900000, 0x0000000089900000|100%| O|  |TAMS 0x0000000089900000, 0x0000000089800000| Untracked 
| 153|0x0000000089900000, 0x0000000089a00000, 0x0000000089a00000|100%| O|  |TAMS 0x0000000089a00000, 0x0000000089900000| Untracked 
| 154|0x0000000089a00000, 0x0000000089b00000, 0x0000000089b00000|100%| O|  |TAMS 0x0000000089b00000, 0x0000000089a00000| Untracked 
| 155|0x0000000089b00000, 0x0000000089c00000, 0x0000000089c00000|100%| O|  |TAMS 0x0000000089c00000, 0x0000000089b00000| Untracked 
| 156|0x0000000089c00000, 0x0000000089d00000, 0x0000000089d00000|100%| O|  |TAMS 0x0000000089d00000, 0x0000000089c00000| Untracked 
| 157|0x0000000089d00000, 0x0000000089d00000, 0x0000000089e00000|  0%| F|  |TAMS 0x0000000089d00000, 0x0000000089d00000| Untracked 
| 158|0x0000000089e00000, 0x0000000089f00000, 0x0000000089f00000|100%| O|  |TAMS 0x0000000089f00000, 0x0000000089e00000| Untracked 
| 159|0x0000000089f00000, 0x000000008a000000, 0x000000008a000000|100%| O|  |TAMS 0x000000008a000000, 0x0000000089f00000| Untracked 
| 160|0x000000008a000000, 0x000000008a100000, 0x000000008a100000|100%| O|  |TAMS 0x000000008a100000, 0x000000008a000000| Untracked 
| 161|0x000000008a100000, 0x000000008a200000, 0x000000008a200000|100%| O|  |TAMS 0x000000008a200000, 0x000000008a100000| Untracked 
| 162|0x000000008a200000, 0x000000008a300000, 0x000000008a300000|100%| O|  |TAMS 0x000000008a300000, 0x000000008a200000| Untracked 
| 163|0x000000008a300000, 0x000000008a300000, 0x000000008a400000|  0%| F|  |TAMS 0x000000008a300000, 0x000000008a300000| Untracked 
| 164|0x000000008a400000, 0x000000008a500000, 0x000000008a500000|100%| O|  |TAMS 0x000000008a500000, 0x000000008a400000| Untracked 
| 165|0x000000008a500000, 0x000000008a600000, 0x000000008a600000|100%| O|  |TAMS 0x000000008a600000, 0x000000008a500000| Untracked 
| 166|0x000000008a600000, 0x000000008a700000, 0x000000008a700000|100%| O|  |TAMS 0x000000008a700000, 0x000000008a600000| Untracked 
| 167|0x000000008a700000, 0x000000008a800000, 0x000000008a800000|100%| O|  |TAMS 0x000000008a800000, 0x000000008a700000| Untracked 
| 168|0x000000008a800000, 0x000000008a900000, 0x000000008a900000|100%| O|  |TAMS 0x000000008a900000, 0x000000008a800000| Untracked 
| 169|0x000000008a900000, 0x000000008aa00000, 0x000000008aa00000|100%| O|  |TAMS 0x000000008aa00000, 0x000000008a900000| Untracked 
| 170|0x000000008aa00000, 0x000000008ab00000, 0x000000008ab00000|100%| O|  |TAMS 0x000000008ab00000, 0x000000008aa00000| Untracked 
| 171|0x000000008ab00000, 0x000000008ac00000, 0x000000008ac00000|100%| O|  |TAMS 0x000000008ac00000, 0x000000008ab00000| Untracked 
| 172|0x000000008ac00000, 0x000000008ad00000, 0x000000008ad00000|100%| O|  |TAMS 0x000000008ad00000, 0x000000008ac00000| Untracked 
| 173|0x000000008ad00000, 0x000000008ae00000, 0x000000008ae00000|100%| O|  |TAMS 0x000000008ae00000, 0x000000008ad00000| Untracked 
| 174|0x000000008ae00000, 0x000000008af00000, 0x000000008af00000|100%| O|  |TAMS 0x000000008af00000, 0x000000008ae00000| Untracked 
| 175|0x000000008af00000, 0x000000008b000000, 0x000000008b000000|100%| O|  |TAMS 0x000000008b000000, 0x000000008af00000| Untracked 
| 176|0x000000008b000000, 0x000000008b100000, 0x000000008b100000|100%| O|  |TAMS 0x000000008b100000, 0x000000008b000000| Untracked 
| 177|0x000000008b100000, 0x000000008b200000, 0x000000008b200000|100%| O|  |TAMS 0x000000008b200000, 0x000000008b100000| Untracked 
| 178|0x000000008b200000, 0x000000008b300000, 0x000000008b300000|100%| O|  |TAMS 0x000000008b300000, 0x000000008b200000| Untracked 
| 179|0x000000008b300000, 0x000000008b400000, 0x000000008b400000|100%| O|  |TAMS 0x000000008b400000, 0x000000008b300000| Untracked 
| 180|0x000000008b400000, 0x000000008b500000, 0x000000008b500000|100%| O|  |TAMS 0x000000008b500000, 0x000000008b400000| Untracked 
| 181|0x000000008b500000, 0x000000008b600000, 0x000000008b600000|100%| O|  |TAMS 0x000000008b600000, 0x000000008b500000| Untracked 
| 182|0x000000008b600000, 0x000000008b700000, 0x000000008b700000|100%| O|  |TAMS 0x000000008b700000, 0x000000008b600000| Untracked 
| 183|0x000000008b700000, 0x000000008b800000, 0x000000008b800000|100%| O|  |TAMS 0x000000008b800000, 0x000000008b700000| Untracked 
| 184|0x000000008b800000, 0x000000008b900000, 0x000000008b900000|100%| O|  |TAMS 0x000000008b900000, 0x000000008b800000| Untracked 
| 185|0x000000008b900000, 0x000000008b900000, 0x000000008ba00000|  0%| F|  |TAMS 0x000000008b900000, 0x000000008b900000| Untracked 
| 186|0x000000008ba00000, 0x000000008bb00000, 0x000000008bb00000|100%| O|  |TAMS 0x000000008bb00000, 0x000000008ba00000| Untracked 
| 187|0x000000008bb00000, 0x000000008bc00000, 0x000000008bc00000|100%| O|  |TAMS 0x000000008bc00000, 0x000000008bb00000| Untracked 
| 188|0x000000008bc00000, 0x000000008bd00000, 0x000000008bd00000|100%| O|  |TAMS 0x000000008bd00000, 0x000000008bc00000| Untracked 
| 189|0x000000008bd00000, 0x000000008be00000, 0x000000008be00000|100%| O|  |TAMS 0x000000008be00000, 0x000000008bd00000| Untracked 
| 190|0x000000008be00000, 0x000000008bf00000, 0x000000008bf00000|100%| O|  |TAMS 0x000000008bf00000, 0x000000008be00000| Untracked 
| 191|0x000000008bf00000, 0x000000008c000000, 0x000000008c000000|100%| O|  |TAMS 0x000000008c000000, 0x000000008bf00000| Untracked 
| 192|0x000000008c000000, 0x000000008c000000, 0x000000008c100000|  0%| F|  |TAMS 0x000000008c000000, 0x000000008c000000| Untracked 
| 193|0x000000008c100000, 0x000000008c200000, 0x000000008c200000|100%| O|  |TAMS 0x000000008c200000, 0x000000008c100000| Untracked 
| 194|0x000000008c200000, 0x000000008c300000, 0x000000008c300000|100%| O|  |TAMS 0x000000008c300000, 0x000000008c200000| Untracked 
| 195|0x000000008c300000, 0x000000008c400000, 0x000000008c400000|100%| O|  |TAMS 0x000000008c400000, 0x000000008c300000| Untracked 
| 196|0x000000008c400000, 0x000000008c500000, 0x000000008c500000|100%| O|  |TAMS 0x000000008c500000, 0x000000008c400000| Untracked 
| 197|0x000000008c500000, 0x000000008c600000, 0x000000008c600000|100%| O|  |TAMS 0x000000008c600000, 0x000000008c500000| Untracked 
| 198|0x000000008c600000, 0x000000008c700000, 0x000000008c700000|100%| O|  |TAMS 0x000000008c700000, 0x000000008c600000| Untracked 
| 199|0x000000008c700000, 0x000000008c800000, 0x000000008c800000|100%| O|  |TAMS 0x000000008c700000, 0x000000008c700000| Untracked 
| 200|0x000000008c800000, 0x000000008c900000, 0x000000008c900000|100%|HS|  |TAMS 0x000000008c800000, 0x000000008c800000| Complete 
| 201|0x000000008c900000, 0x000000008ca00000, 0x000000008ca00000|100%|HC|  |TAMS 0x000000008c900000, 0x000000008c900000| Complete 
| 202|0x000000008ca00000, 0x000000008cb00000, 0x000000008cb00000|100%| O|  |TAMS 0x000000008ca00000, 0x000000008ca00000| Untracked 
| 203|0x000000008cb00000, 0x000000008cc00000, 0x000000008cc00000|100%| O|  |TAMS 0x000000008cb00000, 0x000000008cb00000| Untracked 
| 204|0x000000008cc00000, 0x000000008cd00000, 0x000000008cd00000|100%| O|  |TAMS 0x000000008cc00000, 0x000000008cc00000| Untracked 
| 205|0x000000008cd00000, 0x000000008ce00000, 0x000000008ce00000|100%| O|  |TAMS 0x000000008cd00000, 0x000000008cd00000| Untracked 
| 206|0x000000008ce00000, 0x000000008cf00000, 0x000000008cf00000|100%| O|  |TAMS 0x000000008ce00000, 0x000000008ce00000| Untracked 
| 207|0x000000008cf00000, 0x000000008d000000, 0x000000008d000000|100%| O|  |TAMS 0x000000008cf00000, 0x000000008cf00000| Untracked 
| 208|0x000000008d000000, 0x000000008d100000, 0x000000008d100000|100%| O|  |TAMS 0x000000008d000000, 0x000000008d000000| Untracked 
| 209|0x000000008d100000, 0x000000008d200000, 0x000000008d200000|100%| O|  |TAMS 0x000000008d100000, 0x000000008d100000| Untracked 
| 210|0x000000008d200000, 0x000000008d300000, 0x000000008d300000|100%| O|  |TAMS 0x000000008d200000, 0x000000008d200000| Untracked 
| 211|0x000000008d300000, 0x000000008d400000, 0x000000008d400000|100%| O|  |TAMS 0x000000008d300000, 0x000000008d300000| Untracked 
| 212|0x000000008d400000, 0x000000008d500000, 0x000000008d500000|100%| O|  |TAMS 0x000000008d400000, 0x000000008d400000| Untracked 
| 213|0x000000008d500000, 0x000000008d600000, 0x000000008d600000|100%| O|  |TAMS 0x000000008d500000, 0x000000008d500000| Untracked 
| 214|0x000000008d600000, 0x000000008d600000, 0x000000008d700000|  0%| F|  |TAMS 0x000000008d600000, 0x000000008d600000| Untracked 
| 215|0x000000008d700000, 0x000000008d700000, 0x000000008d800000|  0%| F|  |TAMS 0x000000008d700000, 0x000000008d700000| Untracked 
| 216|0x000000008d800000, 0x000000008d800000, 0x000000008d900000|  0%| F|  |TAMS 0x000000008d800000, 0x000000008d800000| Untracked 
| 217|0x000000008d900000, 0x000000008d900000, 0x000000008da00000|  0%| F|  |TAMS 0x000000008d900000, 0x000000008d900000| Untracked 
| 218|0x000000008da00000, 0x000000008da00000, 0x000000008db00000|  0%| F|  |TAMS 0x000000008da00000, 0x000000008da00000| Untracked 
| 219|0x000000008db00000, 0x000000008db00000, 0x000000008dc00000|  0%| F|  |TAMS 0x000000008db00000, 0x000000008db00000| Untracked 
| 220|0x000000008dc00000, 0x000000008dc00000, 0x000000008dd00000|  0%| F|  |TAMS 0x000000008dc00000, 0x000000008dc00000| Untracked 
| 221|0x000000008dd00000, 0x000000008dd00000, 0x000000008de00000|  0%| F|  |TAMS 0x000000008dd00000, 0x000000008dd00000| Untracked 
| 222|0x000000008de00000, 0x000000008de00000, 0x000000008df00000|  0%| F|  |TAMS 0x000000008de00000, 0x000000008de00000| Untracked 
| 223|0x000000008df00000, 0x000000008df00000, 0x000000008e000000|  0%| F|  |TAMS 0x000000008df00000, 0x000000008df00000| Untracked 
| 224|0x000000008e000000, 0x000000008e000000, 0x000000008e100000|  0%| F|  |TAMS 0x000000008e000000, 0x000000008e000000| Untracked 
| 225|0x000000008e100000, 0x000000008e100000, 0x000000008e200000|  0%| F|  |TAMS 0x000000008e100000, 0x000000008e100000| Untracked 
| 226|0x000000008e200000, 0x000000008e200000, 0x000000008e300000|  0%| F|  |TAMS 0x000000008e200000, 0x000000008e200000| Untracked 
| 227|0x000000008e300000, 0x000000008e300000, 0x000000008e400000|  0%| F|  |TAMS 0x000000008e300000, 0x000000008e300000| Untracked 
| 228|0x000000008e400000, 0x000000008e400000, 0x000000008e500000|  0%| F|  |TAMS 0x000000008e400000, 0x000000008e400000| Untracked 
| 229|0x000000008e500000, 0x000000008e500000, 0x000000008e600000|  0%| F|  |TAMS 0x000000008e500000, 0x000000008e500000| Untracked 
| 230|0x000000008e600000, 0x000000008e600000, 0x000000008e700000|  0%| F|  |TAMS 0x000000008e600000, 0x000000008e600000| Untracked 
| 231|0x000000008e700000, 0x000000008e700000, 0x000000008e800000|  0%| F|  |TAMS 0x000000008e700000, 0x000000008e700000| Untracked 
| 232|0x000000008e800000, 0x000000008e800000, 0x000000008e900000|  0%| F|  |TAMS 0x000000008e800000, 0x000000008e800000| Untracked 
| 233|0x000000008e900000, 0x000000008e900000, 0x000000008ea00000|  0%| F|  |TAMS 0x000000008e900000, 0x000000008e900000| Untracked 
| 234|0x000000008ea00000, 0x000000008ea00000, 0x000000008eb00000|  0%| F|  |TAMS 0x000000008ea00000, 0x000000008ea00000| Untracked 
| 235|0x000000008eb00000, 0x000000008eb00000, 0x000000008ec00000|  0%| F|  |TAMS 0x000000008eb00000, 0x000000008eb00000| Untracked 
| 236|0x000000008ec00000, 0x000000008ec00000, 0x000000008ed00000|  0%| F|  |TAMS 0x000000008ec00000, 0x000000008ec00000| Untracked 
| 237|0x000000008ed00000, 0x000000008ed00000, 0x000000008ee00000|  0%| F|  |TAMS 0x000000008ed00000, 0x000000008ed00000| Untracked 
| 238|0x000000008ee00000, 0x000000008ee00000, 0x000000008ef00000|  0%| F|  |TAMS 0x000000008ee00000, 0x000000008ee00000| Untracked 
| 239|0x000000008ef00000, 0x000000008ef00000, 0x000000008f000000|  0%| F|  |TAMS 0x000000008ef00000, 0x000000008ef00000| Untracked 
| 240|0x000000008f000000, 0x000000008f000000, 0x000000008f100000|  0%| F|  |TAMS 0x000000008f000000, 0x000000008f000000| Untracked 
| 241|0x000000008f100000, 0x000000008f100000, 0x000000008f200000|  0%| F|  |TAMS 0x000000008f100000, 0x000000008f100000| Untracked 
| 242|0x000000008f200000, 0x000000008f300000, 0x000000008f300000|100%| S|CS|TAMS 0x000000008f200000, 0x000000008f200000| Complete 
| 243|0x000000008f300000, 0x000000008f400000, 0x000000008f400000|100%| S|CS|TAMS 0x000000008f300000, 0x000000008f300000| Complete 
| 244|0x000000008f400000, 0x000000008f500000, 0x000000008f500000|100%| S|CS|TAMS 0x000000008f400000, 0x000000008f400000| Complete 
| 245|0x000000008f500000, 0x000000008f600000, 0x000000008f600000|100%| S|CS|TAMS 0x000000008f500000, 0x000000008f500000| Complete 
| 246|0x000000008f600000, 0x000000008f600000, 0x000000008f700000|  0%| F|  |TAMS 0x000000008f600000, 0x000000008f600000| Untracked 
| 247|0x000000008f700000, 0x000000008f700000, 0x000000008f800000|  0%| F|  |TAMS 0x000000008f700000, 0x000000008f700000| Untracked 
| 248|0x000000008f800000, 0x000000008f800000, 0x000000008f900000|  0%| F|  |TAMS 0x000000008f800000, 0x000000008f800000| Untracked 
| 249|0x000000008f900000, 0x000000008f900000, 0x000000008fa00000|  0%| F|  |TAMS 0x000000008f900000, 0x000000008f900000| Untracked 
| 250|0x000000008fa00000, 0x000000008fa00000, 0x000000008fb00000|  0%| F|  |TAMS 0x000000008fa00000, 0x000000008fa00000| Untracked 
| 251|0x000000008fb00000, 0x000000008fb00000, 0x000000008fc00000|  0%| F|  |TAMS 0x000000008fb00000, 0x000000008fb00000| Untracked 
| 252|0x000000008fc00000, 0x000000008fc00000, 0x000000008fd00000|  0%| F|  |TAMS 0x000000008fc00000, 0x000000008fc00000| Untracked 
| 253|0x000000008fd00000, 0x000000008fd2a930, 0x000000008fe00000| 19%| E|  |TAMS 0x000000008fd00000, 0x000000008fd00000| Complete 
| 254|0x000000008fe00000, 0x000000008ff00000, 0x000000008ff00000|100%| E|CS|TAMS 0x000000008fe00000, 0x000000008fe00000| Complete 
| 255|0x000000008ff00000, 0x0000000090000000, 0x0000000090000000|100%| E|CS|TAMS 0x000000008ff00000, 0x000000008ff00000| Complete 
| 256|0x0000000090000000, 0x0000000090100000, 0x0000000090100000|100%| E|CS|TAMS 0x0000000090000000, 0x0000000090000000| Complete 
| 257|0x0000000090100000, 0x0000000090200000, 0x0000000090200000|100%| E|CS|TAMS 0x0000000090100000, 0x0000000090100000| Complete 
| 258|0x0000000090200000, 0x0000000090300000, 0x0000000090300000|100%| E|CS|TAMS 0x0000000090200000, 0x0000000090200000| Complete 
| 259|0x0000000090300000, 0x0000000090400000, 0x0000000090400000|100%| E|CS|TAMS 0x0000000090300000, 0x0000000090300000| Complete 
| 260|0x0000000090400000, 0x0000000090500000, 0x0000000090500000|100%| E|CS|TAMS 0x0000000090400000, 0x0000000090400000| Complete 
| 261|0x0000000090500000, 0x0000000090600000, 0x0000000090600000|100%| E|CS|TAMS 0x0000000090500000, 0x0000000090500000| Complete 
| 262|0x0000000090600000, 0x0000000090700000, 0x0000000090700000|100%| E|CS|TAMS 0x0000000090600000, 0x0000000090600000| Complete 
| 263|0x0000000090700000, 0x0000000090800000, 0x0000000090800000|100%| E|CS|TAMS 0x0000000090700000, 0x0000000090700000| Complete 
| 264|0x0000000090800000, 0x0000000090900000, 0x0000000090900000|100%| E|CS|TAMS 0x0000000090800000, 0x0000000090800000| Complete 
| 265|0x0000000090900000, 0x0000000090a00000, 0x0000000090a00000|100%| E|CS|TAMS 0x0000000090900000, 0x0000000090900000| Complete 
| 266|0x0000000090a00000, 0x0000000090b00000, 0x0000000090b00000|100%| E|CS|TAMS 0x0000000090a00000, 0x0000000090a00000| Complete 
| 267|0x0000000090b00000, 0x0000000090c00000, 0x0000000090c00000|100%| E|CS|TAMS 0x0000000090b00000, 0x0000000090b00000| Complete 
| 268|0x0000000090c00000, 0x0000000090d00000, 0x0000000090d00000|100%| E|CS|TAMS 0x0000000090c00000, 0x0000000090c00000| Complete 
| 269|0x0000000090d00000, 0x0000000090e00000, 0x0000000090e00000|100%| E|CS|TAMS 0x0000000090d00000, 0x0000000090d00000| Complete 
| 270|0x0000000090e00000, 0x0000000090f00000, 0x0000000090f00000|100%| E|CS|TAMS 0x0000000090e00000, 0x0000000090e00000| Complete 
| 271|0x0000000090f00000, 0x0000000091000000, 0x0000000091000000|100%| E|CS|TAMS 0x0000000090f00000, 0x0000000090f00000| Complete 
| 272|0x0000000091000000, 0x0000000091100000, 0x0000000091100000|100%| E|CS|TAMS 0x0000000091000000, 0x0000000091000000| Complete 
| 273|0x0000000091100000, 0x0000000091200000, 0x0000000091200000|100%| E|CS|TAMS 0x0000000091100000, 0x0000000091100000| Complete 
| 274|0x0000000091200000, 0x0000000091300000, 0x0000000091300000|100%| E|CS|TAMS 0x0000000091200000, 0x0000000091200000| Complete 
| 275|0x0000000091300000, 0x0000000091400000, 0x0000000091400000|100%| E|CS|TAMS 0x0000000091300000, 0x0000000091300000| Complete 
| 276|0x0000000091400000, 0x0000000091500000, 0x0000000091500000|100%| E|CS|TAMS 0x0000000091400000, 0x0000000091400000| Complete 
| 277|0x0000000091500000, 0x0000000091600000, 0x0000000091600000|100%| E|CS|TAMS 0x0000000091500000, 0x0000000091500000| Complete 

Card table byte_map: [0x0000022522c20000,0x0000022523020000] _byte_map_base: 0x0000022522820000

Marking Bits (Prev, Next): (CMBitMap*) 0x000002250fd3e098, (CMBitMap*) 0x000002250fd3e0d0
 Prev Bits: [0x0000022523420000, 0x0000022525420000)
 Next Bits: [0x0000022525420000, 0x0000022527420000)

Polling page: 0x000002250de70000

Metaspace:

Usage:
  Non-class:    124.20 MB capacity,   121.60 MB ( 98%) used,     2.15 MB (  2%) free+waste,   459.75 KB ( <1%) overhead. 
      Class:     18.82 MB capacity,    17.36 MB ( 92%) used,     1.25 MB (  7%) free+waste,   211.31 KB (  1%) overhead. 
       Both:    143.02 MB capacity,   138.96 MB ( 97%) used,     3.41 MB (  2%) free+waste,   671.06 KB ( <1%) overhead. 

Virtual space:
  Non-class space:      126.00 MB reserved,     124.42 MB ( 99%) committed 
      Class space:        1.00 GB reserved,      18.88 MB (  2%) committed 
             Both:        1.12 GB reserved,     143.30 MB ( 12%) committed 

Chunk freelists:
   Non-Class:  31.00 KB
       Class:  0 bytes
        Both:  31.00 KB

MaxMetaspaceSize: 17179869184.00 GB
CompressedClassSpaceSize: 1.00 GB
Initial GC threshold: 20.80 MB
Current GC threshold: 219.45 MB
CDS: off

CodeHeap 'non-profiled nmethods': size=120064Kb used=13044Kb max_used=13044Kb free=107019Kb
 bounds [0x000002251b2e0000, 0x000002251bfa0000, 0x0000022522820000]
CodeHeap 'profiled nmethods': size=120000Kb used=43878Kb max_used=43878Kb free=76122Kb
 bounds [0x0000022513db0000, 0x0000022516890000, 0x000002251b2e0000]
CodeHeap 'non-nmethods': size=5696Kb used=2506Kb max_used=2541Kb free=3189Kb
 bounds [0x0000022513820000, 0x0000022513aa0000, 0x0000022513db0000]
 total_blobs=19833 nmethods=18780 adapters=963
 compilation: enabled
              stopped_count=0, restarted_count=0
 full_count=0

Compilation events (20 events):
Event: 484.851 Thread 0x000002252a2a2800 nmethod 19658 0x0000022516858010 code [0x0000022516858220, 0x00000225168587e8]
Event: 484.851 Thread 0x000002252a2a2800 19664       3       com.android.tools.r8.internal.Kb::a (280 bytes)
Event: 484.856 Thread 0x000002252a2a2800 nmethod 19664 0x0000022516858a90 code [0x0000022516859140, 0x000002251685d348]
Event: 484.856 Thread 0x000002252a2a2800 19665       3       com.android.tools.r8.graph.n0$a::<init> (96 bytes)
Event: 484.857 Thread 0x000002252a2a2800 nmethod 19665 0x000002251685ea10 code [0x000002251685ec80, 0x000002251685f698]
Event: 484.857 Thread 0x000002252a2a2800 19667       3       com.android.tools.r8.internal.Tn::A (80 bytes)
Event: 484.859 Thread 0x000002252a2a2800 nmethod 19667 0x000002251685f990 code [0x000002251685fd40, 0x0000022516861558]
Event: 484.859 Thread 0x000002252a2a2800 19653       3       com.android.tools.r8.internal.Tn::b (10 bytes)
Event: 484.859 Thread 0x000002252a2a2800 nmethod 19653 0x0000022516861e10 code [0x0000022516861fc0, 0x0000022516862168]
Event: 484.859 Thread 0x000002252a2a2800 19666       3       com.android.tools.r8.internal.JF::a (24 bytes)
Event: 484.859 Thread 0x000002252a2a2800 nmethod 19666 0x0000022516862210 code [0x00000225168623e0, 0x0000022516862658]
Event: 484.859 Thread 0x000002252a2a2800 19654       3       com.android.tools.r8.ir.regalloc.b::a (26 bytes)
Event: 484.860 Thread 0x000002252a2a2800 nmethod 19654 0x0000022516862790 code [0x00000225168629a0, 0x0000022516862f68]
Event: 484.860 Thread 0x000002252a2a2800 19660       1       com.android.tools.r8.internal.NK::hasNext (2 bytes)
Event: 484.860 Thread 0x000002252a2a2800 nmethod 19660 0x000002251bf95210 code [0x000002251bf953c0, 0x000002251bf95478]
Event: 484.860 Thread 0x000002252a2a2800 19647       1       com.android.tools.r8.internal.qv::n2 (2 bytes)
Event: 484.860 Thread 0x000002252a2a2800 nmethod 19647 0x000002251bf95510 code [0x000002251bf956c0, 0x000002251bf95778]
Event: 484.860 Thread 0x000002252a2a2800 19648       1       com.android.tools.r8.internal.K2::k2 (3 bytes)
Event: 484.860 Thread 0x000002252a2a2800 nmethod 19648 0x000002251bf95810 code [0x000002251bf959c0, 0x000002251bf95a78]
Event: 484.860 Thread 0x000002252a2a2800 19668       1       com.android.tools.r8.internal.kv::L1 (2 bytes)

GC Heap History (20 events):
Event: 459.576 GC heap before
{Heap before GC invocations=63 (full 0):
 garbage-first heap   total 284672K, used 243693K [0x0000000080000000, 0x0000000100000000)
  region size 1024K, 53 young (54272K), 4 survivors (4096K)
 Metaspace       used 126829K, capacity 129982K, committed 130096K, reserved 1163264K
  class space    used 15621K, capacity 16697K, committed 16768K, reserved 1048576K
}
Event: 459.595 GC heap after
{Heap after GC invocations=64 (full 0):
 garbage-first heap   total 284672K, used 197945K [0x0000000080000000, 0x0000000100000000)
  region size 1024K, 7 young (7168K), 7 survivors (7168K)
 Metaspace       used 126829K, capacity 129982K, committed 130096K, reserved 1163264K
  class space    used 15621K, capacity 16697K, committed 16768K, reserved 1048576K
}
Event: 460.002 GC heap before
{Heap before GC invocations=64 (full 0):
 garbage-first heap   total 284672K, used 203065K [0x0000000080000000, 0x0000000100000000)
  region size 1024K, 13 young (13312K), 7 survivors (7168K)
 Metaspace       used 126842K, capacity 129985K, committed 130096K, reserved 1163264K
  class space    used 15621K, capacity 16697K, committed 16768K, reserved 1048576K
}
Event: 460.016 GC heap after
{Heap after GC invocations=65 (full 0):
 garbage-first heap   total 284672K, used 197865K [0x0000000080000000, 0x0000000100000000)
  region size 1024K, 2 young (2048K), 2 survivors (2048K)
 Metaspace       used 126842K, capacity 129985K, committed 130096K, reserved 1163264K
  class space    used 15621K, capacity 16697K, committed 16768K, reserved 1048576K
}
Event: 461.062 GC heap before
{Heap before GC invocations=65 (full 0):
 garbage-first heap   total 284672K, used 242921K [0x0000000080000000, 0x0000000100000000)
  region size 1024K, 47 young (48128K), 2 survivors (2048K)
 Metaspace       used 127001K, capacity 130208K, committed 130352K, reserved 1163264K
  class space    used 15626K, capacity 16699K, committed 16768K, reserved 1048576K
}
Event: 461.075 GC heap after
{Heap after GC invocations=66 (full 0):
 garbage-first heap   total 284672K, used 199900K [0x0000000080000000, 0x0000000100000000)
  region size 1024K, 4 young (4096K), 4 survivors (4096K)
 Metaspace       used 127001K, capacity 130208K, committed 130352K, reserved 1163264K
  class space    used 15626K, capacity 16699K, committed 16768K, reserved 1048576K
}
Event: 462.474 GC heap before
{Heap before GC invocations=67 (full 0):
 garbage-first heap   total 284672K, used 243932K [0x0000000080000000, 0x0000000100000000)
  region size 1024K, 48 young (49152K), 4 survivors (4096K)
 Metaspace       used 127578K, capacity 130722K, committed 130992K, reserved 1163264K
  class space    used 15680K, capacity 16777K, committed 16896K, reserved 1048576K
}
Event: 462.487 GC heap after
{Heap after GC invocations=68 (full 0):
 garbage-first heap   total 284672K, used 202938K [0x0000000080000000, 0x0000000100000000)
  region size 1024K, 6 young (6144K), 6 survivors (6144K)
 Metaspace       used 127578K, capacity 130722K, committed 130992K, reserved 1163264K
  class space    used 15680K, capacity 16777K, committed 16896K, reserved 1048576K
}
Event: 469.996 GC heap before
{Heap before GC invocations=68 (full 0):
 garbage-first heap   total 284672K, used 210106K [0x0000000080000000, 0x0000000100000000)
  region size 1024K, 13 young (13312K), 6 survivors (6144K)
 Metaspace       used 128379K, capacity 131512K, committed 131760K, reserved 1165312K
  class space    used 15779K, capacity 16875K, committed 16896K, reserved 1048576K
}
Event: 470.007 GC heap after
{Heap after GC invocations=69 (full 0):
 garbage-first heap   total 284672K, used 202481K [0x0000000080000000, 0x0000000100000000)
  region size 1024K, 1 young (1024K), 1 survivors (1024K)
 Metaspace       used 128379K, capacity 131512K, committed 131760K, reserved 1165312K
  class space    used 15779K, capacity 16875K, committed 16896K, reserved 1048576K
}
Event: 472.747 GC heap before
{Heap before GC invocations=69 (full 0):
 garbage-first heap   total 284672K, used 245489K [0x0000000080000000, 0x0000000100000000)
  region size 1024K, 44 young (45056K), 1 survivors (1024K)
 Metaspace       used 129205K, capacity 132493K, committed 132656K, reserved 1165312K
  class space    used 15870K, capacity 16982K, committed 17024K, reserved 1048576K
}
Event: 472.763 GC heap after
{Heap after GC invocations=70 (full 0):
 garbage-first heap   total 284672K, used 204874K [0x0000000080000000, 0x0000000100000000)
  region size 1024K, 4 young (4096K), 4 survivors (4096K)
 Metaspace       used 129205K, capacity 132493K, committed 132656K, reserved 1165312K
  class space    used 15870K, capacity 16982K, committed 17024K, reserved 1048576K
}
Event: 473.662 GC heap before
{Heap before GC invocations=70 (full 0):
 garbage-first heap   total 284672K, used 228426K [0x0000000080000000, 0x0000000100000000)
  region size 1024K, 29 young (29696K), 4 survivors (4096K)
 Metaspace       used 130705K, capacity 134189K, committed 134320K, reserved 1167360K
  class space    used 16098K, capacity 17285K, committed 17408K, reserved 1048576K
}
Event: 473.671 GC heap after
{Heap after GC invocations=71 (full 0):
 garbage-first heap   total 284672K, used 206775K [0x0000000080000000, 0x0000000100000000)
  region size 1024K, 5 young (5120K), 5 survivors (5120K)
 Metaspace       used 130705K, capacity 134189K, committed 134320K, reserved 1167360K
  class space    used 16098K, capacity 17285K, committed 17408K, reserved 1048576K
}
Event: 482.476 GC heap before
{Heap before GC invocations=72 (full 0):
 garbage-first heap   total 284672K, used 247735K [0x0000000080000000, 0x0000000100000000)
  region size 1024K, 42 young (43008K), 5 survivors (5120K)
 Metaspace       used 134594K, capacity 138296K, committed 138416K, reserved 1169408K
  class space    used 16623K, capacity 17862K, committed 17920K, reserved 1048576K
}
Event: 482.493 GC heap after
{Heap after GC invocations=73 (full 0):
 garbage-first heap   total 284672K, used 213821K [0x0000000080000000, 0x0000000100000000)
  region size 1024K, 6 young (6144K), 6 survivors (6144K)
 Metaspace       used 134594K, capacity 138296K, committed 138416K, reserved 1169408K
  class space    used 16623K, capacity 17862K, committed 17920K, reserved 1048576K
}
Event: 482.671 GC heap before
{Heap before GC invocations=73 (full 0):
 garbage-first heap   total 284672K, used 219965K [0x0000000080000000, 0x0000000100000000)
  region size 1024K, 13 young (13312K), 6 survivors (6144K)
 Metaspace       used 135006K, capacity 138759K, committed 139056K, reserved 1171456K
  class space    used 16684K, capacity 17931K, committed 18048K, reserved 1048576K
}
Event: 482.692 GC heap after
{Heap after GC invocations=74 (full 0):
 garbage-first heap   total 284672K, used 213698K [0x0000000080000000, 0x0000000100000000)
  region size 1024K, 2 young (2048K), 2 survivors (2048K)
 Metaspace       used 135006K, capacity 138759K, committed 139056K, reserved 1171456K
  class space    used 16684K, capacity 17931K, committed 18048K, reserved 1048576K
}
Event: 483.933 GC heap before
{Heap before GC invocations=74 (full 0):
 garbage-first heap   total 284672K, used 243394K [0x0000000080000000, 0x0000000100000000)
  region size 1024K, 32 young (32768K), 2 survivors (2048K)
 Metaspace       used 140634K, capacity 144756K, committed 144944K, reserved 1175552K
  class space    used 17581K, capacity 19051K, committed 19072K, reserved 1048576K
}
Event: 483.955 GC heap after
{Heap after GC invocations=75 (full 0):
 garbage-first heap   total 284672K, used 217088K [0x0000000080000000, 0x0000000100000000)
  region size 1024K, 4 young (4096K), 4 survivors (4096K)
 Metaspace       used 140634K, capacity 144756K, committed 144944K, reserved 1175552K
  class space    used 17581K, capacity 19051K, committed 19072K, reserved 1048576K
}

Deoptimization events (20 events):
Event: 484.575 Thread 0x000002252c64b800 Uncommon trap: trap_request=0xffffff4d fr.pc=0x000002251b352040 relative=0x0000000000000580
Event: 484.575 Thread 0x000002252c64b800 Uncommon trap: reason=unstable_if action=reinterpret pc=0x000002251b352040 method=com.android.tools.r8.graph.I1.b(Ljava/lang/String;Ljava/lang/String;Lcom/android/tools/r8/origin/Origin;Lcom/android/tools/r8/graph/s0;Lcom/android/tools/r8/DiagnosticsHandl
Event: 484.575 Thread 0x000002252c64b800 DEOPT PACKING pc=0x000002251b352040 sp=0x0000003b056faf50
Event: 484.575 Thread 0x000002252c64b800 DEOPT UNPACKING pc=0x000002251386a1af sp=0x0000003b056faea0 mode 2
Event: 484.600 Thread 0x000002252c64b800 Uncommon trap: trap_request=0xffffffde fr.pc=0x000002251bf5e5b4 relative=0x0000000000000c14
Event: 484.600 Thread 0x000002252c64b800 Uncommon trap: reason=class_check action=maybe_recompile pc=0x000002251bf5e5b4 method=com.android.tools.r8.internal.Vn.next()Ljava/lang/Object; @ 99 c2
Event: 484.600 Thread 0x000002252c64b800 DEOPT PACKING pc=0x000002251bf5e5b4 sp=0x0000003b056fbe10
Event: 484.600 Thread 0x000002252c64b800 DEOPT UNPACKING pc=0x000002251386a1af sp=0x0000003b056fbdf8 mode 2
Event: 484.600 Thread 0x000002252c64b800 Uncommon trap: trap_request=0xffffffde fr.pc=0x000002251bf5e5b4 relative=0x0000000000000c14
Event: 484.600 Thread 0x000002252c64b800 Uncommon trap: reason=class_check action=maybe_recompile pc=0x000002251bf5e5b4 method=com.android.tools.r8.internal.Vn.next()Ljava/lang/Object; @ 99 c2
Event: 484.600 Thread 0x000002252c64b800 DEOPT PACKING pc=0x000002251bf5e5b4 sp=0x0000003b056fbe10
Event: 484.600 Thread 0x000002252c64b800 DEOPT UNPACKING pc=0x000002251386a1af sp=0x0000003b056fbdf8 mode 2
Event: 484.609 Thread 0x000002252c64a800 Uncommon trap: trap_request=0xffffff4d fr.pc=0x000002251b4ce470 relative=0x0000000000000050
Event: 484.609 Thread 0x000002252c64a800 Uncommon trap: reason=unstable_if action=reinterpret pc=0x000002251b4ce470 method=com.android.tools.r8.graph.I1.b(Ljava/lang/String;Ljava/lang/String;Lcom/android/tools/r8/origin/Origin;Lcom/android/tools/r8/graph/s0;Lcom/android/tools/r8/DiagnosticsHandl
Event: 484.609 Thread 0x000002252c64a800 DEOPT PACKING pc=0x000002251b4ce470 sp=0x0000003b059fb270
Event: 484.609 Thread 0x000002252c64a800 DEOPT UNPACKING pc=0x000002251386a1af sp=0x0000003b059fb230 mode 2
Event: 484.839 Thread 0x000002252c64b800 Uncommon trap: trap_request=0xffffff4d fr.pc=0x000002251b38bf54 relative=0x0000000000000034
Event: 484.839 Thread 0x000002252c64b800 Uncommon trap: reason=unstable_if action=reinterpret pc=0x000002251b38bf54 method=com.android.tools.r8.internal.z3.a(I)Z @ 6 c2
Event: 484.839 Thread 0x000002252c64b800 DEOPT PACKING pc=0x000002251b38bf54 sp=0x0000003b056faef0
Event: 484.840 Thread 0x000002252c64b800 DEOPT UNPACKING pc=0x000002251386a1af sp=0x0000003b056fae78 mode 2

Classes redefined (0 events):
No events

Internal exceptions (20 events):
Event: 482.047 Thread 0x000002252c64b800 Exception <a 'sun/nio/fs/WindowsException'{0x000000009059ccb8}> (0x000000009059ccb8) thrown at [./src/hotspot/share/prims/jni.cpp, line 616]
Event: 482.052 Thread 0x000002252c64a800 Exception <a 'sun/nio/fs/WindowsException'{0x000000008fddc600}> (0x000000008fddc600) thrown at [./src/hotspot/share/prims/jni.cpp, line 616]
Event: 482.234 Thread 0x000002252dd6a000 Exception <a 'java/lang/NoSuchMethodError'{0x000000008f39dff8}: 'java.lang.Object java.lang.invoke.DirectMethodHandle$Holder.invokeStaticInit(java.lang.Object, java.lang.Object, java.lang.Object, java.lang.Object, java.lang.Object, java.lang.Object, java.lang.Object, java.lang.Object, java.lang.Object, java.lang.Object, java.lang.Object, java.lang.Object, java.lang.Object, java.lang.Object, java.lang.Object, java.lang.Object, java.lang.Object, java.lang.Object, int, java.lang.Object, java.lang.Object)'> (0
Event: 482.296 Thread 0x000002252c64a800 Exception <a 'java/lang/IncompatibleClassChangeError'{0x000000008f2b2658}: Found class java.lang.Object, but interface was expected> (0x000000008f2b2658) thrown at [./src/hotspot/share/interpreter/linkResolver.cpp, line 839]
Event: 482.911 Thread 0x000002252dd6a000 Exception <a 'java/lang/NoSuchMethodError'{0x00000000911181d8}: 'void java.lang.invoke.DirectMethodHandle$Holder.invokeStatic(java.lang.Object, java.lang.Object, java.lang.Object, int)'> (0x00000000911181d8) thrown at [./src/hotspot/share/interpreter/linkResolver.cpp, line 773]
Event: 482.911 Thread 0x000002252c647800 Exception <a 'java/lang/NoSuchMethodError'{0x0000000091143060}: 'void java.lang.invoke.DirectMethodHandle$Holder.invokeStatic(java.lang.Object, java.lang.Object, java.lang.Object, int)'> (0x0000000091143060) thrown at [./src/hotspot/share/interpreter/linkResolver.cpp, line 773]
Event: 482.911 Thread 0x000002252c64b800 Exception <a 'java/lang/NoSuchMethodError'{0x0000000091127dd8}: 'void java.lang.invoke.DirectMethodHandle$Holder.invokeStatic(java.lang.Object, java.lang.Object, java.lang.Object, int)'> (0x0000000091127dd8) thrown at [./src/hotspot/share/interpreter/linkResolver.cpp, line 773]
Event: 482.912 Thread 0x000002252c647800 Exception <a 'java/lang/IncompatibleClassChangeError'{0x000000009114adf0}: Found class java.lang.Object, but interface was expected> (0x000000009114adf0) thrown at [./src/hotspot/share/interpreter/linkResolver.cpp, line 839]
Event: 482.912 Thread 0x000002252c64a800 Exception <a 'java/lang/IncompatibleClassChangeError'{0x0000000091138de8}: Found class java.lang.Object, but interface was expected> (0x0000000091138de8) thrown at [./src/hotspot/share/interpreter/linkResolver.cpp, line 839]
Event: 482.912 Thread 0x000002252c64b800 Exception <a 'java/lang/IncompatibleClassChangeError'{0x000000009112d788}: Found class java.lang.Object, but interface was expected> (0x000000009112d788) thrown at [./src/hotspot/share/interpreter/linkResolver.cpp, line 839]
Event: 483.253 Thread 0x000002252c64b800 Exception <a 'java/lang/NoSuchMethodError'{0x00000000907f0720}: 'java.lang.Object java.lang.invoke.DirectMethodHandle$Holder.invokeStatic(java.lang.Object, int, java.lang.Object, java.lang.Object)'> (0x00000000907f0720) thrown at [./src/hotspot/share/interpreter/linkResolver.cpp, line 773]
Event: 483.254 Thread 0x000002252dd6a000 Exception <a 'java/lang/NoSuchMethodError'{0x00000000907e4390}: 'java.lang.Object java.lang.invoke.DirectMethodHandle$Holder.invokeStatic(java.lang.Object, int, java.lang.Object, java.lang.Object)'> (0x00000000907e4390) thrown at [./src/hotspot/share/interpreter/linkResolver.cpp, line 773]
Event: 483.253 Thread 0x000002252c647800 Exception <a 'java/lang/NoSuchMethodError'{0x00000000907bf790}: 'java.lang.Object java.lang.invoke.DirectMethodHandle$Holder.invokeStatic(java.lang.Object, int, java.lang.Object, java.lang.Object)'> (0x00000000907bf790) thrown at [./src/hotspot/share/interpreter/linkResolver.cpp, line 773]
Event: 483.561 Thread 0x000002252c64a800 Exception <a 'java/lang/IncompatibleClassChangeError'{0x00000000901cfca0}: Found class java.lang.Object, but interface was expected> (0x00000000901cfca0) thrown at [./src/hotspot/share/interpreter/linkResolver.cpp, line 839]
Event: 483.561 Thread 0x000002252dd6a000 Exception <a 'java/lang/IncompatibleClassChangeError'{0x00000000901c5088}: Found class java.lang.Object, but interface was expected> (0x00000000901c5088) thrown at [./src/hotspot/share/interpreter/linkResolver.cpp, line 839]
Event: 483.561 Thread 0x000002252c64b800 Exception <a 'java/lang/IncompatibleClassChangeError'{0x0000000090194328}: Found class java.lang.Object, but interface was expected> (0x0000000090194328) thrown at [./src/hotspot/share/interpreter/linkResolver.cpp, line 839]
Event: 483.562 Thread 0x000002252c64b800 Exception <a 'java/lang/IncompatibleClassChangeError'{0x00000000901dca10}: Found class java.lang.Object, but interface was expected> (0x00000000901dca10) thrown at [./src/hotspot/share/interpreter/linkResolver.cpp, line 839]
Event: 483.562 Thread 0x000002252dd6a000 Exception <a 'java/lang/IncompatibleClassChangeError'{0x00000000901c5fe0}: Found class java.lang.Object, but interface was expected> (0x00000000901c5fe0) thrown at [./src/hotspot/share/interpreter/linkResolver.cpp, line 839]
Event: 483.688 Thread 0x000002252dd6a000 Exception <a 'java/lang/NoSuchMethodError'{0x000000008fe272e0}: 'void java.lang.invoke.DirectMethodHandle$Holder.invokeSpecial(java.lang.Object, java.lang.Object, int, java.lang.Object)'> (0x000000008fe272e0) thrown at [./src/hotspot/share/interpreter/linkResolver.cpp, line 773]
Event: 483.733 Thread 0x000002252c64b800 Exception <a 'java/lang/NoSuchMethodError'{0x000000008fce3730}: 'long java.lang.invoke.DirectMethodHandle$Holder.invokeStatic(java.lang.Object, java.lang.Object)'> (0x000000008fce3730) thrown at [./src/hotspot/share/interpreter/linkResolver.cpp, line 773]

Events (20 events):
Event: 484.698 loading class com/android/tools/r8/internal/re
Event: 484.698 loading class com/android/tools/r8/internal/re done
Event: 484.698 loading class com/android/tools/r8/internal/ue
Event: 484.698 loading class com/android/tools/r8/internal/ue done
Event: 484.698 loading class com/android/tools/r8/internal/re
Event: 484.698 loading class com/android/tools/r8/internal/re done
Event: 484.698 loading class com/android/tools/r8/internal/mH
Event: 484.698 loading class com/android/tools/r8/internal/mH done
Event: 484.699 loading class com/android/tools/r8/internal/mH
Event: 484.699 loading class com/android/tools/r8/internal/mH done
Event: 484.700 loading class com/android/tools/r8/internal/se
Event: 484.700 loading class com/android/tools/r8/internal/se done
Event: 484.701 loading class com/android/tools/r8/internal/pH
Event: 484.701 loading class com/android/tools/r8/internal/pH done
Event: 484.701 loading class com/android/tools/r8/graph/M
Event: 484.701 loading class com/android/tools/r8/graph/M done
Event: 484.701 loading class com/android/tools/r8/internal/ue
Event: 484.701 loading class com/android/tools/r8/internal/ue done
Event: 484.751 loading class com/android/tools/r8/internal/pD
Event: 484.751 loading class com/android/tools/r8/internal/pD done


Dynamic libraries:
0x00007ff63d380000 - 0x00007ff63d38a000 	C:\Users\Bayan\AppData\Local\JetBrains\Toolbox\apps\AndroidStudio\ch-0\213.7172.25.2113.9123335\jre\bin\java.exe
0x00007ff8009d0000 - 0x00007ff800bc8000 	C:\Windows\SYSTEM32\ntdll.dll
0x00007ffffea00000 - 0x00007ffffeabf000 	C:\Windows\System32\KERNEL32.DLL
0x00007ffffe5c0000 - 0x00007ffffe892000 	C:\Windows\System32\KERNELBASE.dll
0x00007ffffe440000 - 0x00007ffffe540000 	C:\Windows\System32\ucrtbase.dll
0x00007fffe92b0000 - 0x00007fffe92c7000 	C:\Users\Bayan\AppData\Local\JetBrains\Toolbox\apps\AndroidStudio\ch-0\213.7172.25.2113.9123335\jre\bin\VCRUNTIME140.dll
0x00007fffe9130000 - 0x00007fffe9149000 	C:\Users\Bayan\AppData\Local\JetBrains\Toolbox\apps\AndroidStudio\ch-0\213.7172.25.2113.9123335\jre\bin\jli.dll
0x00007ffffeef0000 - 0x00007fffff091000 	C:\Windows\System32\USER32.dll
0x00007fffe6b60000 - 0x00007fffe6dfa000 	C:\Windows\WinSxS\amd64_microsoft.windows.common-controls_6595b64144ccf1df_6.0.19041.1110_none_60b5254171f9507e\COMCTL32.dll
0x00007ffffe590000 - 0x00007ffffe5b2000 	C:\Windows\System32\win32u.dll
0x00007ff800630000 - 0x00007ff8006ce000 	C:\Windows\System32\msvcrt.dll
0x00007ff800800000 - 0x00007ff80082b000 	C:\Windows\System32\GDI32.dll
0x00007ffffe0b0000 - 0x00007ffffe1bf000 	C:\Windows\System32\gdi32full.dll
0x00007ffffe2f0000 - 0x00007ffffe38d000 	C:\Windows\System32\msvcp_win.dll
0x00007ff800280000 - 0x00007ff8002b2000 	C:\Windows\System32\IMM32.DLL
0x00007fffe31f0000 - 0x00007fffe328d000 	C:\Users\Bayan\AppData\Local\JetBrains\Toolbox\apps\AndroidStudio\ch-0\213.7172.25.2113.9123335\jre\bin\msvcp140.dll
0x00007fffd2be0000 - 0x00007fffd36e2000 	C:\Users\Bayan\AppData\Local\JetBrains\Toolbox\apps\AndroidStudio\ch-0\213.7172.25.2113.9123335\jre\bin\server\jvm.dll
0x00007ffffeb20000 - 0x00007ffffebce000 	C:\Windows\System32\ADVAPI32.dll
0x00007fffff9c0000 - 0x00007fffffa5c000 	C:\Windows\System32\sechost.dll
0x00007ff800150000 - 0x00007ff800275000 	C:\Windows\System32\RPCRT4.dll
0x00007ff8002c0000 - 0x00007ff8002c8000 	C:\Windows\System32\PSAPI.DLL
0x00007ffff9370000 - 0x00007ffff9379000 	C:\Windows\SYSTEM32\WSOCK32.dll
0x00007fffff180000 - 0x00007fffff1eb000 	C:\Windows\System32\WS2_32.dll
0x00007fffec140000 - 0x00007fffec167000 	C:\Windows\SYSTEM32\WINMM.dll
0x00007ffff4dd0000 - 0x00007ffff4dda000 	C:\Windows\SYSTEM32\VERSION.dll
0x00007ffffbf70000 - 0x00007ffffbf82000 	C:\Windows\SYSTEM32\kernel.appcore.dll
0x00007ffff7970000 - 0x00007ffff7981000 	C:\Users\Bayan\AppData\Local\JetBrains\Toolbox\apps\AndroidStudio\ch-0\213.7172.25.2113.9123335\jre\bin\verify.dll
0x00007ffff6870000 - 0x00007ffff6a54000 	C:\Windows\SYSTEM32\DBGHELP.DLL
0x00007ffff6790000 - 0x00007ffff67c5000 	C:\Windows\SYSTEM32\dbgcore.DLL
0x00007ffffe260000 - 0x00007ffffe2e2000 	C:\Windows\System32\bcryptPrimitives.dll
0x00007ffff7760000 - 0x00007ffff7789000 	C:\Users\Bayan\AppData\Local\JetBrains\Toolbox\apps\AndroidStudio\ch-0\213.7172.25.2113.9123335\jre\bin\java.dll
0x00007ffff7a10000 - 0x00007ffff7a1b000 	C:\Users\Bayan\AppData\Local\JetBrains\Toolbox\apps\AndroidStudio\ch-0\213.7172.25.2113.9123335\jre\bin\jimage.dll
0x00007ffff7470000 - 0x00007ffff7488000 	C:\Users\Bayan\AppData\Local\JetBrains\Toolbox\apps\AndroidStudio\ch-0\213.7172.25.2113.9123335\jre\bin\zip.dll
0x00007fffff270000 - 0x00007fffff9b4000 	C:\Windows\System32\SHELL32.dll
0x00007ffffc170000 - 0x00007ffffc902000 	C:\Windows\SYSTEM32\windows.storage.dll
0x00007ff8002d0000 - 0x00007ff800625000 	C:\Windows\System32\combase.dll
0x00007ffffdb10000 - 0x00007ffffdb40000 	C:\Windows\SYSTEM32\Wldp.dll
0x00007ffffee40000 - 0x00007ffffeeed000 	C:\Windows\System32\SHCORE.dll
0x00007ffffeac0000 - 0x00007ffffeb15000 	C:\Windows\System32\shlwapi.dll
0x00007ffffdff0000 - 0x00007ffffe00f000 	C:\Windows\SYSTEM32\profapi.dll
0x00007ffff5510000 - 0x00007ffff552a000 	C:\Users\Bayan\AppData\Local\JetBrains\Toolbox\apps\AndroidStudio\ch-0\213.7172.25.2113.9123335\jre\bin\net.dll
0x00007ffff5050000 - 0x00007ffff515c000 	C:\Windows\SYSTEM32\WINHTTP.dll
0x00007ffffd870000 - 0x00007ffffd8da000 	C:\Windows\system32\mswsock.dll
0x00007ffff22c0000 - 0x00007ffff22d4000 	C:\Users\Bayan\AppData\Local\JetBrains\Toolbox\apps\AndroidStudio\ch-0\213.7172.25.2113.9123335\jre\bin\nio.dll
0x00007ffff1100000 - 0x00007ffff1127000 	C:\Users\Bayan\.gradle\native\e1d6ef7f7dcc3fd88c89a11ec53ec762bb8ba0a96d01ffa2cd45eb1d1d8dd5c5\windows-amd64\native-platform.dll
0x00007fffdf690000 - 0x00007fffdf7d4000 	C:\Users\Bayan\.gradle\native\0d407fdbe67a94daf76414ababcb853783967236a71b16ec16e742cd7a986fd3\windows-amd64\native-platform-file-events.dll
0x00007ffff76b0000 - 0x00007ffff76ba000 	C:\Users\Bayan\AppData\Local\JetBrains\Toolbox\apps\AndroidStudio\ch-0\213.7172.25.2113.9123335\jre\bin\management.dll
0x00007ffff7430000 - 0x00007ffff743d000 	C:\Users\Bayan\AppData\Local\JetBrains\Toolbox\apps\AndroidStudio\ch-0\213.7172.25.2113.9123335\jre\bin\management_ext.dll
0x00007ffffda60000 - 0x00007ffffda78000 	C:\Windows\SYSTEM32\CRYPTSP.dll
0x00007ffffd120000 - 0x00007ffffd154000 	C:\Windows\system32\rsaenh.dll
0x00007ffffe230000 - 0x00007ffffe257000 	C:\Windows\System32\bcrypt.dll
0x00007ffffdfb0000 - 0x00007ffffdfde000 	C:\Windows\SYSTEM32\USERENV.dll
0x00007ffffda80000 - 0x00007ffffda8c000 	C:\Windows\SYSTEM32\CRYPTBASE.dll
0x00007ffffd510000 - 0x00007ffffd54b000 	C:\Windows\SYSTEM32\IPHLPAPI.DLL
0x00007ff800000000 - 0x00007ff800008000 	C:\Windows\System32\NSI.dll
0x00007ffff5d30000 - 0x00007ffff5d47000 	C:\Windows\SYSTEM32\dhcpcsvc6.DLL
0x00007ffff5ed0000 - 0x00007ffff5eed000 	C:\Windows\SYSTEM32\dhcpcsvc.DLL
0x00007ffffd560000 - 0x00007ffffd62a000 	C:\Windows\SYSTEM32\DNSAPI.dll
0x00007ffff1e50000 - 0x00007ffff1e77000 	C:\Users\Bayan\AppData\Local\JetBrains\Toolbox\apps\AndroidStudio\ch-0\213.7172.25.2113.9123335\jre\bin\sunec.dll
0x00007ffff3c80000 - 0x00007ffff3c8a000 	C:\Windows\System32\rasadhlp.dll
0x00007ffff3d30000 - 0x00007ffff3db0000 	C:\Windows\System32\fwpuclnt.dll
0x00007fffdb6c0000 - 0x00007fffdb6de000 	C:\Users\Bayan\AppData\Local\Temp\native-platform7481994819652584117dir\native-platform.dll

dbghelp: loaded successfully - version: 4.0.5 - missing functions: none
symbol engine: initialized successfully - sym options: 0x614 - pdb path: .;C:\Users\Bayan\AppData\Local\JetBrains\Toolbox\apps\AndroidStudio\ch-0\213.7172.25.2113.9123335\jre\bin;C:\Windows\SYSTEM32;C:\Windows\WinSxS\amd64_microsoft.windows.common-controls_6595b64144ccf1df_6.0.19041.1110_none_60b5254171f9507e;C:\Users\Bayan\AppData\Local\JetBrains\Toolbox\apps\AndroidStudio\ch-0\213.7172.25.2113.9123335\jre\bin\server;C:\Users\Bayan\.gradle\native\e1d6ef7f7dcc3fd88c89a11ec53ec762bb8ba0a96d01ffa2cd45eb1d1d8dd5c5\windows-amd64;C:\Users\Bayan\.gradle\native\0d407fdbe67a94daf76414ababcb853783967236a71b16ec16e742cd7a986fd3\windows-amd64;C:\Users\Bayan\AppData\Local\Temp\native-platform7481994819652584117dir

VM Arguments:
jvm_args: --add-opens=java.base/java.util=ALL-UNNAMED --add-opens=java.base/java.lang=ALL-UNNAMED --add-opens=java.base/java.lang.invoke=ALL-UNNAMED --add-opens=java.base/java.util=ALL-UNNAMED --add-opens=java.prefs/java.util.prefs=ALL-UNNAMED --add-opens=java.prefs/java.util.prefs=ALL-UNNAMED --add-opens=java.base/java.nio.charset=ALL-UNNAMED --add-opens=java.base/java.net=ALL-UNNAMED --add-opens=java.base/java.util.concurrent.atomic=ALL-UNNAMED -Xmx2048m -Dfile.encoding=UTF-8 -Duser.country=US -Duser.language=en -Duser.variant 
java_command: org.gradle.launcher.daemon.bootstrap.GradleDaemon 7.4
java_class_path (initial): C:\Users\Bayan\.gradle\wrapper\dists\gradle-7.4-bin\c0gwcg53nkjbqw7r0h0umtfvt\gradle-7.4\lib\gradle-launcher-7.4.jar
Launcher Type: SUN_STANDARD

[Global flags]
     intx CICompilerCount                          = 3                                         {product} {ergonomic}
     uint ConcGCThreads                            = 1                                         {product} {ergonomic}
     uint G1ConcRefinementThreads                  = 4                                         {product} {ergonomic}
   size_t G1HeapRegionSize                         = 1048576                                   {product} {ergonomic}
    uintx GCDrainStackTargetSize                   = 64                                        {product} {ergonomic}
   size_t InitialHeapSize                          = 167772160                                 {product} {ergonomic}
   size_t MarkStackSize                            = 4194304                                   {product} {ergonomic}
   size_t MaxHeapSize                              = 2147483648                                {product} {command line}
   size_t MaxNewSize                               = 1287651328                                {product} {ergonomic}
   size_t MinHeapDeltaBytes                        = 1048576                                   {product} {ergonomic}
    uintx NonNMethodCodeHeapSize                   = 5830732                                {pd product} {ergonomic}
    uintx NonProfiledCodeHeapSize                  = 122913754                              {pd product} {ergonomic}
    uintx ProfiledCodeHeapSize                     = 122913754                              {pd product} {ergonomic}
    uintx ReservedCodeCacheSize                    = 251658240                              {pd product} {ergonomic}
     bool SegmentedCodeCache                       = true                                      {product} {ergonomic}
     bool UseCompressedClassPointers               = true                                 {lp64_product} {ergonomic}
     bool UseCompressedOops                        = true                                 {lp64_product} {ergonomic}
     bool UseG1GC                                  = true                                      {product} {ergonomic}
     bool UseLargePagesIndividualAllocation        = false                                  {pd product} {ergonomic}

Logging:
Log output configuration:
 #0: stdout all=warning uptime,level,tags
 #1: stderr all=off uptime,level,tags

Environment Variables:
PATH=C:\Windows\system32;C:\Windows;C:\Windows\System32\Wbem;C:\Windows\System32\WindowsPowerShell\v1.0\;C:\Windows\System32\OpenSSH\;C:\Program Files\dotnet\;C:\Program Files\Git\cmd;C:\Users\Bayan\AppData\Local\Programs\Python\Python311\Scripts\;C:\Users\Bayan\AppData\Local\Programs\Python\Python311\;C:\Users\Bayan\AppData\Local\Microsoft\WindowsApps;C:\Users\Bayan\AppData\Local\JetBrains\Toolbox\scripts;C:\Users\Bayan\Programs\Executable;C:\Users\Bayan\Programs\Installer\yt-dlp\yt-dlp-gui\src\dist\yt-dlp-gui;
USERNAME=Bayan
OS=Windows_NT
PROCESSOR_IDENTIFIER=Intel64 Family 6 Model 60 Stepping 3, GenuineIntel



---------------  S Y S T E M  ---------------

OS: Windows 10 , 64 bit Build 19041 (10.0.19041.2364)
OS uptime: 1 days 18:51 hours

CPU:total 4 (initial active 4) (2 cores per cpu, 2 threads per core) family 6 model 60 stepping 3 microcode 0x27, cmov, cx8, fxsr, mmx, sse, sse2, sse3, ssse3, sse4.1, sse4.2, popcnt, avx, avx2, aes, clmul, erms, lzcnt, ht, tsc, tscinvbit, bmi1, bmi2, fma

Memory: 4k page, system-wide physical 10165M (614M free)
TotalPageFile size 10165M (AvailPageFile size 4M)
current process WorkingSet (physical memory assigned to process): 644M, peak: 644M
current process commit charge ("private bytes"): 676M, peak: 676M

vm_info: OpenJDK 64-Bit Server VM (11.0.13+0-b1751.21-8125866) for windows-amd64 JRE (11.0.13+0-b1751.21-8125866), built on Feb  2 2022 03:00:22 by "builder" with MS VC++ 14.0 (VS2015)

END.
