#
# There is insufficient memory for the Java Runtime Environment to continue.
# Native memory allocation (mmap) failed to map 33554432 bytes for Failed to commit area from 0x000000008a000000 to 0x000000008c000000 of length 33554432.
# Possible reasons:
#   The system is out of physical RAM or swap space
#   The process is running with CompressedOops enabled, and the Java Heap may be blocking the growth of the native heap
# Possible solutions:
#   Reduce memory load on the system
#   Increase physical memory or swap space
#   Check if swap backing store is full
#   Decrease Java heap size (-Xmx/-Xms)
#   Decrease number of Java threads
#   Decrease Java thread stack sizes (-Xss)
#   Set larger code cache with -XX:ReservedCodeCacheSize=
#   JVM is running with Unscaled Compressed Oops mode in which the Java heap is
#     placed in the first 4GB address space. The Java Heap base address is the
#     maximum limit for the native heap growth. Please use -XX:HeapBaseMinAddress
#     to set the Java Heap base and to place the Java Heap above 4GB virtual address.
# This output file may be truncated or incomplete.
#
#  Out of Memory Error (./src/hotspot/os/windows/os_windows.cpp:3619), pid=7980, tid=1892
#
# JRE version: OpenJDK Runtime Environment (11.0.13) (build 11.0.13+0-b1751.21-8125866)
# Java VM: OpenJDK 64-Bit Server VM (11.0.13+0-b1751.21-8125866, mixed mode, tiered, compressed oops, g1 gc, windows-amd64)
# No core dump will be written. Minidumps are not enabled by default on client versions of Windows
#

---------------  S U M M A R Y ------------

Command Line: --add-opens=java.base/java.util=ALL-UNNAMED --add-opens=java.base/java.lang=ALL-UNNAMED --add-opens=java.base/java.lang.invoke=ALL-UNNAMED --add-opens=java.base/java.util=ALL-UNNAMED --add-opens=java.prefs/java.util.prefs=ALL-UNNAMED --add-opens=java.prefs/java.util.prefs=ALL-UNNAMED --add-opens=java.base/java.nio.charset=ALL-UNNAMED --add-opens=java.base/java.net=ALL-UNNAMED --add-opens=java.base/java.util.concurrent.atomic=ALL-UNNAMED -Xmx2048m -Dfile.encoding=UTF-8 -Duser.country=US -Duser.language=en -Duser.variant org.gradle.launcher.daemon.bootstrap.GradleDaemon 7.4

Host: Intel(R) Core(TM) i5-4310M CPU @ 2.70GHz, 4 cores, 9G,  Windows 10 , 64 bit Build 19041 (10.0.19041.2364)
Time: Sun Jan  8 12:41:25 2023 Pacific Standard Time elapsed time: 4.368807 seconds (0d 0h 0m 4s)

---------------  T H R E A D  ---------------

Current thread (0x000002635ef86800):  VMThread "VM Thread" [stack: 0x000000d121400000,0x000000d121500000] [id=1892]

Stack: [0x000000d121400000,0x000000d121500000]
[error occurred during error reporting (printing stack bounds), id 0xc0000005, EXCEPTION_ACCESS_VIOLATION (0xc0000005) at pc=0x0000026348e9112d]

Native frames: (J=compiled Java code, j=interpreted, Vv=VM code, C=native code)
V  [jvm.dll+0x6100fa]
V  [jvm.dll+0x747090]
V  [jvm.dll+0x7486ad]
V  [jvm.dll+0x748ce5]
V  [jvm.dll+0x748c9b]
V  [jvm.dll+0x60f224]
V  [jvm.dll+0x60f9b8]
C  [ntdll.dll+0xa241f]
C  [ntdll.dll+0x514a4]
C  [ntdll.dll+0xa0f4e]
C  0x0000026348e9112d

VM_Operation (0x000000d1233feb30): G1CollectForAllocation, mode: safepoint, requested by thread 0x0000026361ecd800


---------------  P R O C E S S  ---------------

Threads class SMR info:
_java_thread_list=0x000002636233e080, length=30, elements={
0x000002634536c800, 0x000002635ef8b800, 0x000002635ef8f000, 0x000002635efa8000,
0x000002635efab800, 0x000002635efae800, 0x000002635efb6800, 0x000002635f903800,
0x000002635f907000, 0x000002635fa54800, 0x00000263619a2800, 0x000002635fc9f000,
0x00000263621c3000, 0x0000026362a1e800, 0x000002636113d800, 0x0000026361f46000,
0x0000026361ed5000, 0x0000026361e5c000, 0x00000263608bf000, 0x0000026361ed2800,
0x0000026361ed0000, 0x0000026361ed1000, 0x0000026361ed1800, 0x00000263632be800,
0x0000026361ecd000, 0x0000026361ecf800, 0x0000026361ed3800, 0x0000026361ecd800,
0x0000026361ece800, 0x000002636490c800
}

Java Threads: ( => current thread )
  0x000002634536c800 JavaThread "main" [_thread_blocked, id=9528, stack(0x000000d120e00000,0x000000d120f00000)]
  0x000002635ef8b800 JavaThread "Reference Handler" daemon [_thread_blocked, id=7404, stack(0x000000d121500000,0x000000d121600000)]
  0x000002635ef8f000 JavaThread "Finalizer" daemon [_thread_blocked, id=13268, stack(0x000000d121600000,0x000000d121700000)]
  0x000002635efa8000 JavaThread "Signal Dispatcher" daemon [_thread_blocked, id=9272, stack(0x000000d121700000,0x000000d121800000)]
  0x000002635efab800 JavaThread "Attach Listener" daemon [_thread_blocked, id=7756, stack(0x000000d121800000,0x000000d121900000)]
  0x000002635efae800 JavaThread "Service Thread" daemon [_thread_blocked, id=1684, stack(0x000000d121900000,0x000000d121a00000)]
  0x000002635efb6800 JavaThread "C2 CompilerThread0" daemon [_thread_in_native, id=7160, stack(0x000000d121a00000,0x000000d121b00000)]
  0x000002635f903800 JavaThread "C1 CompilerThread0" daemon [_thread_blocked, id=3320, stack(0x000000d121b00000,0x000000d121c00000)]
  0x000002635f907000 JavaThread "Sweeper thread" daemon [_thread_blocked, id=3384, stack(0x000000d121c00000,0x000000d121d00000)]
  0x000002635fa54800 JavaThread "Common-Cleaner" daemon [_thread_blocked, id=8804, stack(0x000000d121d00000,0x000000d121e00000)]
  0x00000263619a2800 JavaThread "Daemon health stats" [_thread_blocked, id=7820, stack(0x000000d122200000,0x000000d122300000)]
  0x000002635fc9f000 JavaThread "Incoming local TCP Connector on port 61091" [_thread_in_native, id=11976, stack(0x000000d121f00000,0x000000d122000000)]
  0x00000263621c3000 JavaThread "Daemon periodic checks" [_thread_blocked, id=9672, stack(0x000000d122300000,0x000000d122400000)]
  0x0000026362a1e800 JavaThread "Daemon" [_thread_blocked, id=13704, stack(0x000000d122400000,0x000000d122500000)]
  0x000002636113d800 JavaThread "Handler for socket connection from /127.0.0.1:61091 to /127.0.0.1:61092" [_thread_in_native, id=9112, stack(0x000000d122500000,0x000000d122600000)]
  0x0000026361f46000 JavaThread "Cancel handler" [_thread_blocked, id=4868, stack(0x000000d122600000,0x000000d122700000)]
  0x0000026361ed5000 JavaThread "Daemon worker" [_thread_blocked, id=1008, stack(0x000000d122700000,0x000000d122800000)]
  0x0000026361e5c000 JavaThread "Asynchronous log dispatcher for DefaultDaemonConnection: socket connection from /127.0.0.1:61091 to /127.0.0.1:61092" [_thread_blocked, id=3764, stack(0x000000d122800000,0x000000d122900000)]
  0x00000263608bf000 JavaThread "Stdin handler" [_thread_blocked, id=6620, stack(0x000000d122900000,0x000000d122a00000)]
  0x0000026361ed2800 JavaThread "Daemon client event forwarder" [_thread_blocked, id=10500, stack(0x000000d122a00000,0x000000d122b00000)]
  0x0000026361ed0000 JavaThread "Cache worker for journal cache (C:\Users\Bayan\.gradle\caches\journal-1)" [_thread_blocked, id=9200, stack(0x000000d122c00000,0x000000d122d00000)]
  0x0000026361ed1000 JavaThread "File lock request listener" [_thread_in_native, id=9508, stack(0x000000d122d00000,0x000000d122e00000)]
  0x0000026361ed1800 JavaThread "Cache worker for file hash cache (C:\Users\Bayan\.gradle\caches\7.4\fileHashes)" [_thread_blocked, id=9872, stack(0x000000d122e00000,0x000000d122f00000)]
  0x00000263632be800 JavaThread "C2 CompilerThread1" daemon [_thread_blocked, id=3272, stack(0x000000d122f00000,0x000000d123000000)]
  0x0000026361ecd000 JavaThread "File watcher server" daemon [_thread_in_native, id=10352, stack(0x000000d123000000,0x000000d123100000)]
  0x0000026361ecf800 JavaThread "File watcher consumer" daemon [_thread_blocked, id=10152, stack(0x000000d123100000,0x000000d123200000)]
  0x0000026361ed3800 JavaThread "jar transforms" [_thread_blocked, id=11540, stack(0x000000d123200000,0x000000d123300000)]
  0x0000026361ecd800 JavaThread "jar transforms Thread 2" [_thread_blocked, id=13328, stack(0x000000d123300000,0x000000d123400000)]
  0x0000026361ece800 JavaThread "jar transforms Thread 3" [_thread_blocked, id=12312, stack(0x000000d123400000,0x000000d123500000)]
  0x000002636490c800 JavaThread "jar transforms Thread 4" [_thread_blocked, id=12048, stack(0x000000d123500000,0x000000d123600000)]

Other Threads:
=>0x000002635ef86800 VMThread "VM Thread" [stack: 0x000000d121400000,0x000000d121500000] [id=1892]
  0x000002635fa70000 WatcherThread [stack: 0x000000d121e00000,0x000000d121f00000] [id=1256]
  0x0000026345387000 GCTaskThread "GC Thread#0" [stack: 0x000000d120f00000,0x000000d121000000] [id=2428]
  0x000002635fdcc800 GCTaskThread "GC Thread#1" [stack: 0x000000d122000000,0x000000d122100000] [id=12208]
  0x000002635fded000 GCTaskThread "GC Thread#2" [stack: 0x000000d122100000,0x000000d122200000] [id=12552]
  0x0000026361432000 GCTaskThread "GC Thread#3" [stack: 0x000000d122b00000,0x000000d122c00000] [id=5624]
  0x00000263453b8800 ConcurrentGCThread "G1 Main Marker" [stack: 0x000000d121000000,0x000000d121100000] [id=13824]
  0x00000263453ba800 ConcurrentGCThread "G1 Conc#0" [stack: 0x000000d121100000,0x000000d121200000] [id=14516]
  0x000002635edd6800 ConcurrentGCThread "G1 Refine#0" [stack: 0x000000d121200000,0x000000d121300000] [id=7688]
  0x000002635edd7000 ConcurrentGCThread "G1 Young RemSet Sampling" [stack: 0x000000d121300000,0x000000d121400000] [id=3076]

Threads with active compile tasks:
C2 CompilerThread0   4385 2121       4       java.net.URLClassLoader$1::run (5 bytes)
C2 CompilerThread1   4385 2122   !   4       java.net.URLClassLoader$1::run (81 bytes)

VM state:at safepoint (normal execution)

VM Mutex/Monitor currently owned by a thread:  ([mutex/lock_event])
[0x0000026345369060] Threads_lock - owner thread: 0x000002635ef86800
[0x00000263453694e0] Heap_lock - owner thread: 0x0000026361ecd800

Heap address: 0x0000000080000000, size: 2048 MB, Compressed Oops mode: 32-bit
Narrow klass base: 0x0000000000000000, Narrow klass shift: 3
Compressed class space size: 1073741824 Address: 0x0000000100000000

Heap:
 garbage-first heap   total 196608K, used 19825K [0x0000000080000000, 0x0000000100000000)
  region size 1024K, 4 young (4096K), 4 survivors (4096K)
 Metaspace       used 26836K, capacity 27521K, committed 27648K, reserved 1073152K
  class space    used 3497K, capacity 3753K, committed 3840K, reserved 1048576K
Heap Regions: E=young(eden), S=young(survivor), O=old, HS=humongous(starts), HC=humongous(continues), CS=collection set, F=free, A=archive, TAMS=top-at-mark-start (previous, next)
|   0|0x0000000080000000, 0x0000000080100000, 0x0000000080100000|100%|HS|  |TAMS 0x0000000080100000, 0x0000000080000000| Complete 
|   1|0x0000000080100000, 0x0000000080200000, 0x0000000080200000|100%|HC|  |TAMS 0x0000000080200000, 0x0000000080100000| Complete 
|   2|0x0000000080200000, 0x0000000080300000, 0x0000000080300000|100%|HC|  |TAMS 0x0000000080300000, 0x0000000080200000| Complete 
|   3|0x0000000080300000, 0x0000000080400000, 0x0000000080400000|100%| O|  |TAMS 0x0000000080400000, 0x0000000080300000| Untracked 
|   4|0x0000000080400000, 0x0000000080500000, 0x0000000080500000|100%| O|  |TAMS 0x0000000080500000, 0x0000000080400000| Untracked 
|   5|0x0000000080500000, 0x0000000080600000, 0x0000000080600000|100%| O|  |TAMS 0x0000000080600000, 0x0000000080500000| Untracked 
|   6|0x0000000080600000, 0x0000000080700000, 0x0000000080700000|100%| O|  |TAMS 0x0000000080700000, 0x0000000080600000| Untracked 
|   7|0x0000000080700000, 0x0000000080800000, 0x0000000080800000|100%| O|  |TAMS 0x0000000080800000, 0x0000000080700000| Untracked 
|   8|0x0000000080800000, 0x0000000080900000, 0x0000000080900000|100%| O|  |TAMS 0x0000000080900000, 0x0000000080800000| Untracked 
|   9|0x0000000080900000, 0x0000000080a00000, 0x0000000080a00000|100%| O|  |TAMS 0x0000000080a00000, 0x0000000080900000| Untracked 
|  10|0x0000000080a00000, 0x0000000080b00000, 0x0000000080b00000|100%| O|  |TAMS 0x0000000080b00000, 0x0000000080a00000| Untracked 
|  11|0x0000000080b00000, 0x0000000080c00000, 0x0000000080c00000|100%| O|  |TAMS 0x0000000080c00000, 0x0000000080b00000| Untracked 
|  12|0x0000000080c00000, 0x0000000080d00000, 0x0000000080d00000|100%| O|  |TAMS 0x0000000080d00000, 0x0000000080c00000| Untracked 
|  13|0x0000000080d00000, 0x0000000080e00000, 0x0000000080e00000|100%| O|  |TAMS 0x0000000080e00000, 0x0000000080d00000| Untracked 
|  14|0x0000000080e00000, 0x0000000080f00000, 0x0000000080f00000|100%| O|  |TAMS 0x0000000080f00000, 0x0000000080e00000| Untracked 
|  15|0x0000000080f00000, 0x0000000080ffd600, 0x0000000081000000| 98%| O|  |TAMS 0x0000000080ffd600, 0x0000000080f00000| Untracked 
|  16|0x0000000081000000, 0x0000000081000000, 0x0000000081100000|  0%| F|  |TAMS 0x0000000081000000, 0x0000000081000000| Untracked 
|  17|0x0000000081100000, 0x0000000081100000, 0x0000000081200000|  0%| F|  |TAMS 0x0000000081100000, 0x0000000081100000| Untracked 
|  18|0x0000000081200000, 0x0000000081200000, 0x0000000081300000|  0%| F|  |TAMS 0x0000000081200000, 0x0000000081200000| Untracked 
|  19|0x0000000081300000, 0x0000000081300000, 0x0000000081400000|  0%| F|  |TAMS 0x0000000081300000, 0x0000000081300000| Untracked 
|  20|0x0000000081400000, 0x0000000081400000, 0x0000000081500000|  0%| F|  |TAMS 0x0000000081400000, 0x0000000081400000| Untracked 
|  21|0x0000000081500000, 0x0000000081500000, 0x0000000081600000|  0%| F|  |TAMS 0x0000000081500000, 0x0000000081500000| Untracked 
|  22|0x0000000081600000, 0x0000000081600000, 0x0000000081700000|  0%| F|  |TAMS 0x0000000081600000, 0x0000000081600000| Untracked 
|  23|0x0000000081700000, 0x0000000081700000, 0x0000000081800000|  0%| F|  |TAMS 0x0000000081700000, 0x0000000081700000| Untracked 
|  24|0x0000000081800000, 0x0000000081800000, 0x0000000081900000|  0%| F|  |TAMS 0x0000000081800000, 0x0000000081800000| Untracked 
|  25|0x0000000081900000, 0x0000000081900000, 0x0000000081a00000|  0%| F|  |TAMS 0x0000000081900000, 0x0000000081900000| Untracked 
|  26|0x0000000081a00000, 0x0000000081a00000, 0x0000000081b00000|  0%| F|  |TAMS 0x0000000081a00000, 0x0000000081a00000| Untracked 
|  27|0x0000000081b00000, 0x0000000081b00000, 0x0000000081c00000|  0%| F|  |TAMS 0x0000000081b00000, 0x0000000081b00000| Untracked 
|  28|0x0000000081c00000, 0x0000000081c00000, 0x0000000081d00000|  0%| F|  |TAMS 0x0000000081c00000, 0x0000000081c00000| Untracked 
|  29|0x0000000081d00000, 0x0000000081d00000, 0x0000000081e00000|  0%| F|  |TAMS 0x0000000081d00000, 0x0000000081d00000| Untracked 
|  30|0x0000000081e00000, 0x0000000081e00000, 0x0000000081f00000|  0%| F|  |TAMS 0x0000000081e00000, 0x0000000081e00000| Untracked 
|  31|0x0000000081f00000, 0x0000000081f00000, 0x0000000082000000|  0%| F|  |TAMS 0x0000000081f00000, 0x0000000081f00000| Untracked 
|  32|0x0000000082000000, 0x0000000082000000, 0x0000000082100000|  0%| F|  |TAMS 0x0000000082000000, 0x0000000082000000| Untracked 
|  33|0x0000000082100000, 0x0000000082100000, 0x0000000082200000|  0%| F|  |TAMS 0x0000000082100000, 0x0000000082100000| Untracked 
|  34|0x0000000082200000, 0x0000000082200000, 0x0000000082300000|  0%| F|  |TAMS 0x0000000082200000, 0x0000000082200000| Untracked 
|  35|0x0000000082300000, 0x0000000082300000, 0x0000000082400000|  0%| F|  |TAMS 0x0000000082300000, 0x0000000082300000| Untracked 
|  36|0x0000000082400000, 0x0000000082400000, 0x0000000082500000|  0%| F|  |TAMS 0x0000000082400000, 0x0000000082400000| Untracked 
|  37|0x0000000082500000, 0x0000000082500000, 0x0000000082600000|  0%| F|  |TAMS 0x0000000082500000, 0x0000000082500000| Untracked 
|  38|0x0000000082600000, 0x0000000082600000, 0x0000000082700000|  0%| F|  |TAMS 0x0000000082600000, 0x0000000082600000| Untracked 
|  39|0x0000000082700000, 0x0000000082700000, 0x0000000082800000|  0%| F|  |TAMS 0x0000000082700000, 0x0000000082700000| Untracked 
|  40|0x0000000082800000, 0x0000000082800000, 0x0000000082900000|  0%| F|  |TAMS 0x0000000082800000, 0x0000000082800000| Untracked 
|  41|0x0000000082900000, 0x0000000082900000, 0x0000000082a00000|  0%| F|  |TAMS 0x0000000082900000, 0x0000000082900000| Untracked 
|  42|0x0000000082a00000, 0x0000000082a00000, 0x0000000082b00000|  0%| F|  |TAMS 0x0000000082a00000, 0x0000000082a00000| Untracked 
|  43|0x0000000082b00000, 0x0000000082b00000, 0x0000000082c00000|  0%| F|  |TAMS 0x0000000082b00000, 0x0000000082b00000| Untracked 
|  44|0x0000000082c00000, 0x0000000082c00000, 0x0000000082d00000|  0%| F|  |TAMS 0x0000000082c00000, 0x0000000082c00000| Untracked 
|  45|0x0000000082d00000, 0x0000000082d00000, 0x0000000082e00000|  0%| F|  |TAMS 0x0000000082d00000, 0x0000000082d00000| Untracked 
|  46|0x0000000082e00000, 0x0000000082e00000, 0x0000000082f00000|  0%| F|  |TAMS 0x0000000082e00000, 0x0000000082e00000| Untracked 
|  47|0x0000000082f00000, 0x0000000082f00000, 0x0000000083000000|  0%| F|  |TAMS 0x0000000082f00000, 0x0000000082f00000| Untracked 
|  48|0x0000000083000000, 0x0000000083000000, 0x0000000083100000|  0%| F|  |TAMS 0x0000000083000000, 0x0000000083000000| Untracked 
|  49|0x0000000083100000, 0x0000000083100000, 0x0000000083200000|  0%| F|  |TAMS 0x0000000083100000, 0x0000000083100000| Untracked 
|  50|0x0000000083200000, 0x0000000083200000, 0x0000000083300000|  0%| F|  |TAMS 0x0000000083200000, 0x0000000083200000| Untracked 
|  51|0x0000000083300000, 0x0000000083300000, 0x0000000083400000|  0%| F|  |TAMS 0x0000000083300000, 0x0000000083300000| Untracked 
|  52|0x0000000083400000, 0x0000000083400000, 0x0000000083500000|  0%| F|  |TAMS 0x0000000083400000, 0x0000000083400000| Untracked 
|  53|0x0000000083500000, 0x0000000083500000, 0x0000000083600000|  0%| F|  |TAMS 0x0000000083500000, 0x0000000083500000| Untracked 
|  54|0x0000000083600000, 0x0000000083600000, 0x0000000083700000|  0%| F|  |TAMS 0x0000000083600000, 0x0000000083600000| Untracked 
|  55|0x0000000083700000, 0x0000000083700000, 0x0000000083800000|  0%| F|  |TAMS 0x0000000083700000, 0x0000000083700000| Untracked 
|  56|0x0000000083800000, 0x0000000083800000, 0x0000000083900000|  0%| F|  |TAMS 0x0000000083800000, 0x0000000083800000| Untracked 
|  57|0x0000000083900000, 0x0000000083900000, 0x0000000083a00000|  0%| F|  |TAMS 0x0000000083900000, 0x0000000083900000| Untracked 
|  58|0x0000000083a00000, 0x0000000083a00000, 0x0000000083b00000|  0%| F|  |TAMS 0x0000000083a00000, 0x0000000083a00000| Untracked 
|  59|0x0000000083b00000, 0x0000000083b00000, 0x0000000083c00000|  0%| F|  |TAMS 0x0000000083b00000, 0x0000000083b00000| Untracked 
|  60|0x0000000083c00000, 0x0000000083c00000, 0x0000000083d00000|  0%| F|  |TAMS 0x0000000083c00000, 0x0000000083c00000| Untracked 
|  61|0x0000000083d00000, 0x0000000083d00000, 0x0000000083e00000|  0%| F|  |TAMS 0x0000000083d00000, 0x0000000083d00000| Untracked 
|  62|0x0000000083e00000, 0x0000000083e00000, 0x0000000083f00000|  0%| F|  |TAMS 0x0000000083e00000, 0x0000000083e00000| Untracked 
|  63|0x0000000083f00000, 0x0000000083f00000, 0x0000000084000000|  0%| F|  |TAMS 0x0000000083f00000, 0x0000000083f00000| Untracked 
|  64|0x0000000084000000, 0x0000000084000000, 0x0000000084100000|  0%| F|  |TAMS 0x0000000084000000, 0x0000000084000000| Untracked 
|  65|0x0000000084100000, 0x0000000084100000, 0x0000000084200000|  0%| F|  |TAMS 0x0000000084100000, 0x0000000084100000| Untracked 
|  66|0x0000000084200000, 0x0000000084200000, 0x0000000084300000|  0%| F|  |TAMS 0x0000000084200000, 0x0000000084200000| Untracked 
|  67|0x0000000084300000, 0x0000000084300000, 0x0000000084400000|  0%| F|  |TAMS 0x0000000084300000, 0x0000000084300000| Untracked 
|  68|0x0000000084400000, 0x0000000084400000, 0x0000000084500000|  0%| F|  |TAMS 0x0000000084400000, 0x0000000084400000| Untracked 
|  69|0x0000000084500000, 0x0000000084500000, 0x0000000084600000|  0%| F|  |TAMS 0x0000000084500000, 0x0000000084500000| Untracked 
|  70|0x0000000084600000, 0x0000000084600000, 0x0000000084700000|  0%| F|  |TAMS 0x0000000084600000, 0x0000000084600000| Untracked 
|  71|0x0000000084700000, 0x0000000084700000, 0x0000000084800000|  0%| F|  |TAMS 0x0000000084700000, 0x0000000084700000| Untracked 
|  72|0x0000000084800000, 0x0000000084800000, 0x0000000084900000|  0%| F|  |TAMS 0x0000000084800000, 0x0000000084800000| Untracked 
|  73|0x0000000084900000, 0x0000000084900000, 0x0000000084a00000|  0%| F|  |TAMS 0x0000000084900000, 0x0000000084900000| Untracked 
|  74|0x0000000084a00000, 0x0000000084a00000, 0x0000000084b00000|  0%| F|  |TAMS 0x0000000084a00000, 0x0000000084a00000| Untracked 
|  75|0x0000000084b00000, 0x0000000084b00000, 0x0000000084c00000|  0%| F|  |TAMS 0x0000000084b00000, 0x0000000084b00000| Untracked 
|  76|0x0000000084c00000, 0x0000000084c00000, 0x0000000084d00000|  0%| F|  |TAMS 0x0000000084c00000, 0x0000000084c00000| Untracked 
|  77|0x0000000084d00000, 0x0000000084d00000, 0x0000000084e00000|  0%| F|  |TAMS 0x0000000084d00000, 0x0000000084d00000| Untracked 
|  78|0x0000000084e00000, 0x0000000084e00000, 0x0000000084f00000|  0%| F|  |TAMS 0x0000000084e00000, 0x0000000084e00000| Untracked 
|  79|0x0000000084f00000, 0x0000000084f00000, 0x0000000085000000|  0%| F|  |TAMS 0x0000000084f00000, 0x0000000084f00000| Untracked 
|  80|0x0000000085000000, 0x0000000085000000, 0x0000000085100000|  0%| F|  |TAMS 0x0000000085000000, 0x0000000085000000| Untracked 
|  81|0x0000000085100000, 0x0000000085100000, 0x0000000085200000|  0%| F|  |TAMS 0x0000000085100000, 0x0000000085100000| Untracked 
|  82|0x0000000085200000, 0x0000000085200000, 0x0000000085300000|  0%| F|  |TAMS 0x0000000085200000, 0x0000000085200000| Untracked 
|  83|0x0000000085300000, 0x0000000085300000, 0x0000000085400000|  0%| F|  |TAMS 0x0000000085300000, 0x0000000085300000| Untracked 
|  84|0x0000000085400000, 0x0000000085400000, 0x0000000085500000|  0%| F|  |TAMS 0x0000000085400000, 0x0000000085400000| Untracked 
|  85|0x0000000085500000, 0x0000000085500000, 0x0000000085600000|  0%| F|  |TAMS 0x0000000085500000, 0x0000000085500000| Untracked 
|  86|0x0000000085600000, 0x0000000085600000, 0x0000000085700000|  0%| F|  |TAMS 0x0000000085600000, 0x0000000085600000| Untracked 
|  87|0x0000000085700000, 0x0000000085700000, 0x0000000085800000|  0%| F|  |TAMS 0x0000000085700000, 0x0000000085700000| Untracked 
|  88|0x0000000085800000, 0x0000000085800000, 0x0000000085900000|  0%| F|  |TAMS 0x0000000085800000, 0x0000000085800000| Untracked 
|  89|0x0000000085900000, 0x0000000085900000, 0x0000000085a00000|  0%| F|  |TAMS 0x0000000085900000, 0x0000000085900000| Untracked 
|  90|0x0000000085a00000, 0x0000000085a00000, 0x0000000085b00000|  0%| F|  |TAMS 0x0000000085a00000, 0x0000000085a00000| Untracked 
|  91|0x0000000085b00000, 0x0000000085b00000, 0x0000000085c00000|  0%| F|  |TAMS 0x0000000085b00000, 0x0000000085b00000| Untracked 
|  92|0x0000000085c00000, 0x0000000085c00000, 0x0000000085d00000|  0%| F|  |TAMS 0x0000000085c00000, 0x0000000085c00000| Untracked 
|  93|0x0000000085d00000, 0x0000000085d00000, 0x0000000085e00000|  0%| F|  |TAMS 0x0000000085d00000, 0x0000000085d00000| Untracked 
|  94|0x0000000085e00000, 0x0000000085e00000, 0x0000000085f00000|  0%| F|  |TAMS 0x0000000085e00000, 0x0000000085e00000| Untracked 
|  95|0x0000000085f00000, 0x0000000085f00000, 0x0000000086000000|  0%| F|  |TAMS 0x0000000085f00000, 0x0000000085f00000| Untracked 
|  96|0x0000000086000000, 0x0000000086000000, 0x0000000086100000|  0%| F|  |TAMS 0x0000000086000000, 0x0000000086000000| Untracked 
|  97|0x0000000086100000, 0x0000000086100000, 0x0000000086200000|  0%| F|  |TAMS 0x0000000086100000, 0x0000000086100000| Untracked 
|  98|0x0000000086200000, 0x0000000086200000, 0x0000000086300000|  0%| F|  |TAMS 0x0000000086200000, 0x0000000086200000| Untracked 
|  99|0x0000000086300000, 0x000000008635ee70, 0x0000000086400000| 37%| S|CS|TAMS 0x0000000086300000, 0x0000000086300000| Complete 
| 100|0x0000000086400000, 0x0000000086500000, 0x0000000086500000|100%| S|CS|TAMS 0x0000000086400000, 0x0000000086400000| Complete 
| 101|0x0000000086500000, 0x0000000086600000, 0x0000000086600000|100%| S|CS|TAMS 0x0000000086500000, 0x0000000086500000| Complete 
| 102|0x0000000086600000, 0x0000000086700000, 0x0000000086700000|100%| S|CS|TAMS 0x0000000086600000, 0x0000000086600000| Complete 
| 103|0x0000000086700000, 0x0000000086700000, 0x0000000086800000|  0%| F|  |TAMS 0x0000000086700000, 0x0000000086700000| Untracked 
| 104|0x0000000086800000, 0x0000000086800000, 0x0000000086900000|  0%| F|  |TAMS 0x0000000086800000, 0x0000000086800000| Untracked 
| 105|0x0000000086900000, 0x0000000086900000, 0x0000000086a00000|  0%| F|  |TAMS 0x0000000086900000, 0x0000000086900000| Untracked 
| 106|0x0000000086a00000, 0x0000000086a00000, 0x0000000086b00000|  0%| F|  |TAMS 0x0000000086a00000, 0x0000000086a00000| Untracked 
| 107|0x0000000086b00000, 0x0000000086b00000, 0x0000000086c00000|  0%| F|  |TAMS 0x0000000086b00000, 0x0000000086b00000| Untracked 
| 108|0x0000000086c00000, 0x0000000086c00000, 0x0000000086d00000|  0%| F|  |TAMS 0x0000000086c00000, 0x0000000086c00000| Untracked 
| 109|0x0000000086d00000, 0x0000000086d00000, 0x0000000086e00000|  0%| F|  |TAMS 0x0000000086d00000, 0x0000000086d00000| Untracked 
| 110|0x0000000086e00000, 0x0000000086e00000, 0x0000000086f00000|  0%| F|  |TAMS 0x0000000086e00000, 0x0000000086e00000| Untracked 
| 111|0x0000000086f00000, 0x0000000086f00000, 0x0000000087000000|  0%| F|  |TAMS 0x0000000086f00000, 0x0000000086f00000| Untracked 
| 112|0x0000000087000000, 0x0000000087000000, 0x0000000087100000|  0%| F|  |TAMS 0x0000000087000000, 0x0000000087000000| Untracked 
| 113|0x0000000087100000, 0x0000000087100000, 0x0000000087200000|  0%| F|  |TAMS 0x0000000087100000, 0x0000000087100000| Untracked 
| 114|0x0000000087200000, 0x0000000087200000, 0x0000000087300000|  0%| F|  |TAMS 0x0000000087200000, 0x0000000087200000| Untracked 
| 115|0x0000000087300000, 0x0000000087300000, 0x0000000087400000|  0%| F|  |TAMS 0x0000000087300000, 0x0000000087300000| Untracked 
| 116|0x0000000087400000, 0x0000000087400000, 0x0000000087500000|  0%| F|  |TAMS 0x0000000087400000, 0x0000000087400000| Untracked 
| 117|0x0000000087500000, 0x0000000087500000, 0x0000000087600000|  0%| F|  |TAMS 0x0000000087500000, 0x0000000087500000| Untracked 
| 118|0x0000000087600000, 0x0000000087600000, 0x0000000087700000|  0%| F|  |TAMS 0x0000000087600000, 0x0000000087600000| Untracked 
| 119|0x0000000087700000, 0x0000000087700000, 0x0000000087800000|  0%| F|  |TAMS 0x0000000087700000, 0x0000000087700000| Untracked 
| 120|0x0000000087800000, 0x0000000087800000, 0x0000000087900000|  0%| F|  |TAMS 0x0000000087800000, 0x0000000087800000| Untracked 
| 121|0x0000000087900000, 0x0000000087900000, 0x0000000087a00000|  0%| F|  |TAMS 0x0000000087900000, 0x0000000087900000| Untracked 
| 122|0x0000000087a00000, 0x0000000087a00000, 0x0000000087b00000|  0%| F|  |TAMS 0x0000000087a00000, 0x0000000087a00000| Untracked 
| 123|0x0000000087b00000, 0x0000000087b00000, 0x0000000087c00000|  0%| F|  |TAMS 0x0000000087b00000, 0x0000000087b00000| Untracked 
| 124|0x0000000087c00000, 0x0000000087c00000, 0x0000000087d00000|  0%| F|  |TAMS 0x0000000087c00000, 0x0000000087c00000| Untracked 
| 125|0x0000000087d00000, 0x0000000087d00000, 0x0000000087e00000|  0%| F|  |TAMS 0x0000000087d00000, 0x0000000087d00000| Untracked 
| 126|0x0000000087e00000, 0x0000000087e00000, 0x0000000087f00000|  0%| F|  |TAMS 0x0000000087e00000, 0x0000000087e00000| Untracked 
| 127|0x0000000087f00000, 0x0000000087f00000, 0x0000000088000000|  0%| F|  |TAMS 0x0000000087f00000, 0x0000000087f00000| Untracked 
| 128|0x0000000088000000, 0x0000000088000000, 0x0000000088100000|  0%| F|  |TAMS 0x0000000088000000, 0x0000000088000000| Untracked 
| 129|0x0000000088100000, 0x0000000088100000, 0x0000000088200000|  0%| F|  |TAMS 0x0000000088100000, 0x0000000088100000| Untracked 
| 130|0x0000000088200000, 0x0000000088200000, 0x0000000088300000|  0%| F|  |TAMS 0x0000000088200000, 0x0000000088200000| Untracked 
| 131|0x0000000088300000, 0x0000000088300000, 0x0000000088400000|  0%| F|  |TAMS 0x0000000088300000, 0x0000000088300000| Untracked 
| 132|0x0000000088400000, 0x0000000088400000, 0x0000000088500000|  0%| F|  |TAMS 0x0000000088400000, 0x0000000088400000| Untracked 
| 133|0x0000000088500000, 0x0000000088500000, 0x0000000088600000|  0%| F|  |TAMS 0x0000000088500000, 0x0000000088500000| Untracked 
| 134|0x0000000088600000, 0x0000000088600000, 0x0000000088700000|  0%| F|  |TAMS 0x0000000088600000, 0x0000000088600000| Untracked 
| 135|0x0000000088700000, 0x0000000088700000, 0x0000000088800000|  0%| F|  |TAMS 0x0000000088700000, 0x0000000088700000| Untracked 
| 136|0x0000000088800000, 0x0000000088800000, 0x0000000088900000|  0%| F|  |TAMS 0x0000000088800000, 0x0000000088800000| Untracked 
| 137|0x0000000088900000, 0x0000000088900000, 0x0000000088a00000|  0%| F|  |TAMS 0x0000000088900000, 0x0000000088900000| Untracked 
| 138|0x0000000088a00000, 0x0000000088a00000, 0x0000000088b00000|  0%| F|  |TAMS 0x0000000088a00000, 0x0000000088a00000| Untracked 
| 139|0x0000000088b00000, 0x0000000088b00000, 0x0000000088c00000|  0%| F|  |TAMS 0x0000000088b00000, 0x0000000088b00000| Untracked 
| 140|0x0000000088c00000, 0x0000000088c00000, 0x0000000088d00000|  0%| F|  |TAMS 0x0000000088c00000, 0x0000000088c00000| Untracked 
| 141|0x0000000088d00000, 0x0000000088d00000, 0x0000000088e00000|  0%| F|  |TAMS 0x0000000088d00000, 0x0000000088d00000| Untracked 
| 142|0x0000000088e00000, 0x0000000088e00000, 0x0000000088f00000|  0%| F|  |TAMS 0x0000000088e00000, 0x0000000088e00000| Untracked 
| 143|0x0000000088f00000, 0x0000000088f00000, 0x0000000089000000|  0%| F|  |TAMS 0x0000000088f00000, 0x0000000088f00000| Untracked 
| 144|0x0000000089000000, 0x0000000089000000, 0x0000000089100000|  0%| F|  |TAMS 0x0000000089000000, 0x0000000089000000| Untracked 
| 145|0x0000000089100000, 0x0000000089100000, 0x0000000089200000|  0%| F|  |TAMS 0x0000000089100000, 0x0000000089100000| Untracked 
| 146|0x0000000089200000, 0x0000000089200000, 0x0000000089300000|  0%| F|  |TAMS 0x0000000089200000, 0x0000000089200000| Untracked 
| 147|0x0000000089300000, 0x0000000089300000, 0x0000000089400000|  0%| F|  |TAMS 0x0000000089300000, 0x0000000089300000| Untracked 
| 148|0x0000000089400000, 0x0000000089400000, 0x0000000089500000|  0%| F|  |TAMS 0x0000000089400000, 0x0000000089400000| Untracked 
| 149|0x0000000089500000, 0x0000000089500000, 0x0000000089600000|  0%| F|  |TAMS 0x0000000089500000, 0x0000000089500000| Untracked 
| 150|0x0000000089600000, 0x0000000089600000, 0x0000000089700000|  0%| F|  |TAMS 0x0000000089600000, 0x0000000089600000| Untracked 
| 151|0x0000000089700000, 0x0000000089700000, 0x0000000089800000|  0%| F|  |TAMS 0x0000000089700000, 0x0000000089700000| Untracked 
| 152|0x0000000089800000, 0x0000000089800000, 0x0000000089900000|  0%| F|  |TAMS 0x0000000089800000, 0x0000000089800000| Untracked 
| 153|0x0000000089900000, 0x0000000089900000, 0x0000000089a00000|  0%| F|  |TAMS 0x0000000089900000, 0x0000000089900000| Untracked 
| 154|0x0000000089a00000, 0x0000000089a00000, 0x0000000089b00000|  0%| F|  |TAMS 0x0000000089a00000, 0x0000000089a00000| Untracked 
| 155|0x0000000089b00000, 0x0000000089b00000, 0x0000000089c00000|  0%| F|  |TAMS 0x0000000089b00000, 0x0000000089b00000| Untracked 
| 156|0x0000000089c00000, 0x0000000089c00000, 0x0000000089d00000|  0%| F|  |TAMS 0x0000000089c00000, 0x0000000089c00000| Untracked 
| 157|0x0000000089d00000, 0x0000000089d00000, 0x0000000089e00000|  0%| F|  |TAMS 0x0000000089d00000, 0x0000000089d00000| Untracked 
| 158|0x0000000089e00000, 0x0000000089e00000, 0x0000000089f00000|  0%| F|  |TAMS 0x0000000089e00000, 0x0000000089e00000| Untracked 
| 159|0x0000000089f00000, 0x0000000089f00000, 0x000000008a000000|  0%| F|  |TAMS 0x0000000089f00000, 0x0000000089f00000| Untracked 

Card table byte_map: [0x0000026358290000,0x0000026358690000] _byte_map_base: 0x0000026357e90000

Marking Bits (Prev, Next): (CMBitMap*) 0x00000263453af8f0, (CMBitMap*) 0x00000263453af8b8
 Prev Bits: [0x000002635aa90000, 0x000002635ca90000)
 Next Bits: [0x0000026358a90000, 0x000002635aa90000)

Polling page: 0x0000026343180000

Metaspace:

Usage:
  Non-class:     23.21 MB capacity,    22.79 MB ( 98%) used,   371.48 KB (  2%) free+waste,    57.69 KB ( <1%) overhead. 
      Class:      3.67 MB capacity,     3.42 MB ( 93%) used,   226.38 KB (  6%) free+waste,    29.13 KB ( <1%) overhead. 
       Both:     26.88 MB capacity,    26.21 MB ( 98%) used,   597.85 KB (  2%) free+waste,    86.81 KB ( <1%) overhead. 

Virtual space:
  Non-class space:       24.00 MB reserved,      23.25 MB ( 97%) committed 
      Class space:        1.00 GB reserved,       3.75 MB ( <1%) committed 
             Both:        1.02 GB reserved,      27.00 MB (  3%) committed 

Chunk freelists:
   Non-Class:  40.00 KB
       Class:  0 bytes
        Both:  40.00 KB

MaxMetaspaceSize: 17179869184.00 GB
CompressedClassSpaceSize: 1.00 GB
Initial GC threshold: 20.80 MB
Current GC threshold: 35.00 MB
CDS: off

CodeHeap 'non-profiled nmethods': size=120064Kb used=1122Kb max_used=1122Kb free=118941Kb
 bounds [0x0000026350950000, 0x0000026350bc0000, 0x0000026357e90000]
CodeHeap 'profiled nmethods': size=120000Kb used=4972Kb max_used=4972Kb free=115028Kb
 bounds [0x0000026349420000, 0x0000026349900000, 0x0000026350950000]
CodeHeap 'non-nmethods': size=5696Kb used=1225Kb max_used=1250Kb free=4470Kb
 bounds [0x0000026348e90000, 0x0000026349100000, 0x0000026349420000]
 total_blobs=2801 nmethods=2299 adapters=414
 compilation: enabled
              stopped_count=0, restarted_count=0
 full_count=0

Compilation events (20 events):
Event: 4.346 Thread 0x000002635f903800 2303       1       com.google.common.cache.LocalCache$StrongEntry::getHash (5 bytes)
Event: 4.346 Thread 0x000002635f903800 nmethod 2303 0x0000026350a67c90 code [0x0000026350a67e40, 0x0000026350a67ef8]
Event: 4.346 Thread 0x000002635f903800 2304       1       org.gradle.internal.snapshot.ChildMap$Entry::getPath (5 bytes)
Event: 4.346 Thread 0x000002635f903800 nmethod 2304 0x0000026350a67f90 code [0x0000026350a68140, 0x0000026350a681f8]
Event: 4.346 Thread 0x000002635f903800 2301       3       java.util.concurrent.locks.ReentrantLock$Sync::isHeldExclusively (16 bytes)
Event: 4.347 Thread 0x000002635f903800 nmethod 2301 0x00000263498f6810 code [0x00000263498f69c0, 0x00000263498f6b58]
Event: 4.347 Thread 0x000002635f903800 2305       3       org.gradle.internal.snapshot.PathUtil::compareCharsIgnoringCase (46 bytes)
Event: 4.347 Thread 0x000002635f903800 nmethod 2305 0x00000263498f6c10 code [0x00000263498f6e00, 0x00000263498f7328]
Event: 4.347 Thread 0x000002635f903800 2302       1       com.google.common.cache.LocalCache$StrongEntry::getValueReference (5 bytes)
Event: 4.347 Thread 0x000002635f903800 nmethod 2302 0x0000026350a68290 code [0x0000026350a68440, 0x0000026350a684f8]
Event: 4.347 Thread 0x000002635f903800 2306       3       java.io.File::getName (42 bytes)
Event: 4.348 Thread 0x000002635f903800 nmethod 2306 0x00000263498f7410 code [0x00000263498f7640, 0x00000263498f7b78]
Event: 4.348 Thread 0x000002635f903800 2307       3       java.util.concurrent.locks.AbstractQueuedSynchronizer::compareAndSetState (10 bytes)
Event: 4.349 Thread 0x000002635f903800 nmethod 2307 0x00000263498f7d90 code [0x00000263498f7fa0, 0x00000263498f8518]
Event: 4.349 Thread 0x000002635f903800 2308       3       org.gradle.internal.snapshot.ChildMap$Entry::handleAncestorDescendantOrExactMatch (110 bytes)
Event: 4.350 Thread 0x000002635f903800 nmethod 2308 0x00000263498f8790 code [0x00000263498f8b40, 0x00000263498fa418]
Event: 4.351 Thread 0x000002635f903800 2309       1       com.google.common.cache.CacheBuilder$3::read (2 bytes)
Event: 4.351 Thread 0x000002635f903800 nmethod 2309 0x0000026350a68590 code [0x0000026350a68740, 0x0000026350a687f8]
Event: 4.351 Thread 0x000002635f903800 2310       3       java.util.stream.AbstractPipeline::isParallel (8 bytes)
Event: 4.351 Thread 0x000002635f903800 nmethod 2310 0x00000263498fac90 code [0x00000263498fae40, 0x00000263498faf58]

GC Heap History (11 events):
Event: 0.516 GC heap before
{Heap before GC invocations=0 (full 0):
 garbage-first heap   total 163840K, used 16384K [0x0000000080000000, 0x0000000100000000)
  region size 1024K, 14 young (14336K), 0 survivors (0K)
 Metaspace       used 6736K, capacity 6929K, committed 7168K, reserved 1056768K
  class space    used 572K, capacity 650K, committed 768K, reserved 1048576K
}
Event: 0.520 GC heap after
{Heap after GC invocations=1 (full 0):
 garbage-first heap   total 163840K, used 4356K [0x0000000080000000, 0x0000000100000000)
  region size 1024K, 2 young (2048K), 2 survivors (2048K)
 Metaspace       used 6736K, capacity 6929K, committed 7168K, reserved 1056768K
  class space    used 572K, capacity 650K, committed 768K, reserved 1048576K
}
Event: 0.822 GC heap before
{Heap before GC invocations=1 (full 0):
 garbage-first heap   total 163840K, used 19716K [0x0000000080000000, 0x0000000100000000)
  region size 1024K, 14 young (14336K), 2 survivors (2048K)
 Metaspace       used 9874K, capacity 10122K, committed 10368K, reserved 1058816K
  class space    used 1011K, capacity 1102K, committed 1152K, reserved 1048576K
}
Event: 0.827 GC heap after
{Heap after GC invocations=2 (full 0):
 garbage-first heap   total 163840K, used 9395K [0x0000000080000000, 0x0000000100000000)
  region size 1024K, 2 young (2048K), 2 survivors (2048K)
 Metaspace       used 9874K, capacity 10122K, committed 10368K, reserved 1058816K
  class space    used 1011K, capacity 1102K, committed 1152K, reserved 1048576K
}
Event: 1.327 GC heap before
{Heap before GC invocations=2 (full 0):
 garbage-first heap   total 163840K, used 39091K [0x0000000080000000, 0x0000000100000000)
  region size 1024K, 30 young (30720K), 2 survivors (2048K)
 Metaspace       used 10864K, capacity 11077K, committed 11264K, reserved 1058816K
  class space    used 1112K, capacity 1207K, committed 1280K, reserved 1048576K
}
Event: 1.330 GC heap after
{Heap after GC invocations=3 (full 0):
 garbage-first heap   total 163840K, used 12181K [0x0000000080000000, 0x0000000100000000)
  region size 1024K, 4 young (4096K), 4 survivors (4096K)
 Metaspace       used 10864K, capacity 11077K, committed 11264K, reserved 1058816K
  class space    used 1112K, capacity 1207K, committed 1280K, reserved 1048576K
}
Event: 2.824 GC heap before
{Heap before GC invocations=3 (full 0):
 garbage-first heap   total 163840K, used 53141K [0x0000000080000000, 0x0000000100000000)
  region size 1024K, 45 young (46080K), 4 survivors (4096K)
 Metaspace       used 17783K, capacity 18216K, committed 18432K, reserved 1064960K
  class space    used 2061K, capacity 2194K, committed 2304K, reserved 1048576K
}
Event: 2.831 GC heap after
{Heap after GC invocations=4 (full 0):
 garbage-first heap   total 163840K, used 15756K [0x0000000080000000, 0x0000000100000000)
  region size 1024K, 6 young (6144K), 6 survivors (6144K)
 Metaspace       used 17783K, capacity 18216K, committed 18432K, reserved 1064960K
  class space    used 2061K, capacity 2194K, committed 2304K, reserved 1048576K
}
Event: 3.183 GC heap before
{Heap before GC invocations=4 (full 0):
 garbage-first heap   total 163840K, used 43404K [0x0000000080000000, 0x0000000100000000)
  region size 1024K, 34 young (34816K), 6 survivors (6144K)
 Metaspace       used 20707K, capacity 21124K, committed 21248K, reserved 1067008K
  class space    used 2516K, capacity 2695K, committed 2816K, reserved 1048576K
}
Event: 3.196 GC heap after
{Heap after GC invocations=5 (full 0):
 garbage-first heap   total 163840K, used 17727K [0x0000000080000000, 0x0000000100000000)
  region size 1024K, 2 young (2048K), 2 survivors (2048K)
 Metaspace       used 20707K, capacity 21124K, committed 21248K, reserved 1067008K
  class space    used 2516K, capacity 2695K, committed 2816K, reserved 1048576K
}
Event: 4.357 GC heap before
{Heap before GC invocations=6 (full 0):
 garbage-first heap   total 163840K, used 74047K [0x0000000080000000, 0x0000000100000000)
  region size 1024K, 57 young (58368K), 2 survivors (2048K)
 Metaspace       used 26836K, capacity 27521K, committed 27648K, reserved 1073152K
  class space    used 3497K, capacity 3753K, committed 3840K, reserved 1048576K
}

Deoptimization events (20 events):
Event: 3.221 Thread 0x0000026361ed5000 Uncommon trap: trap_request=0xffffffc6 fr.pc=0x00000263509c0b54 relative=0x0000000000000114
Event: 3.221 Thread 0x0000026361ed5000 Uncommon trap: reason=bimorphic_or_optimized_type_check action=maybe_recompile pc=0x00000263509c0b54 method=java.util.AbstractList$Itr.next()Ljava/lang/Object; @ 14 c2
Event: 3.221 Thread 0x0000026361ed5000 DEOPT PACKING pc=0x00000263509c0b54 sp=0x000000d1227fad20
Event: 3.221 Thread 0x0000026361ed5000 DEOPT UNPACKING pc=0x0000026348eda1af sp=0x000000d1227facb8 mode 2
Event: 3.222 Thread 0x0000026361ed5000 Uncommon trap: trap_request=0xffffff4d fr.pc=0x00000263509bc484 relative=0x00000000000005c4
Event: 3.222 Thread 0x0000026361ed5000 Uncommon trap: reason=unstable_if action=reinterpret pc=0x00000263509bc484 method=java.io.File.getName()Ljava/lang/String; @ 16 c2
Event: 3.222 Thread 0x0000026361ed5000 DEOPT PACKING pc=0x00000263509bc484 sp=0x000000d1227fb700
Event: 3.222 Thread 0x0000026361ed5000 DEOPT UNPACKING pc=0x0000026348eda1af sp=0x000000d1227fb6d0 mode 2
Event: 3.222 Thread 0x0000026361ed5000 Uncommon trap: trap_request=0xffffff4d fr.pc=0x00000263509ba4b4 relative=0x0000000000000474
Event: 3.222 Thread 0x0000026361ed5000 Uncommon trap: reason=unstable_if action=reinterpret pc=0x00000263509ba4b4 method=java.lang.String.substring(I)Ljava/lang/String; @ 34 c2
Event: 3.222 Thread 0x0000026361ed5000 DEOPT PACKING pc=0x00000263509ba4b4 sp=0x000000d1227fb680
Event: 3.222 Thread 0x0000026361ed5000 DEOPT UNPACKING pc=0x0000026348eda1af sp=0x000000d1227fb658 mode 2
Event: 3.339 Thread 0x0000026361ed5000 Uncommon trap: trap_request=0xffffff4d fr.pc=0x0000026350a3e598 relative=0x0000000000000398
Event: 3.340 Thread 0x0000026361ed5000 Uncommon trap: reason=unstable_if action=reinterpret pc=0x0000026350a3e598 method=jdk.internal.org.objectweb.asm.Type.getArgumentsAndReturnSizes(Ljava/lang/String;)I @ 88 c2
Event: 3.340 Thread 0x0000026361ed5000 DEOPT PACKING pc=0x0000026350a3e598 sp=0x000000d1227f9c50
Event: 3.340 Thread 0x0000026361ed5000 DEOPT UNPACKING pc=0x0000026348eda1af sp=0x000000d1227f9bd8 mode 2
Event: 3.592 Thread 0x0000026361ed5000 Uncommon trap: trap_request=0xffffff4d fr.pc=0x00000263509a277c relative=0x000000000000023c
Event: 3.593 Thread 0x0000026361ed5000 Uncommon trap: reason=unstable_if action=reinterpret pc=0x00000263509a277c method=java.util.concurrent.ConcurrentHashMap.get(Ljava/lang/Object;)Ljava/lang/Object; @ 76 c2
Event: 3.593 Thread 0x0000026361ed5000 DEOPT PACKING pc=0x00000263509a277c sp=0x000000d1227f8ce0
Event: 3.593 Thread 0x0000026361ed5000 DEOPT UNPACKING pc=0x0000026348eda1af sp=0x000000d1227f8c48 mode 2

Classes redefined (0 events):
No events

Internal exceptions (20 events):
Event: 3.075 Thread 0x0000026361ed5000 Exception <a 'java/lang/NoSuchMethodError'{0x00000000887e5218}: 'java.lang.Object java.lang.invoke.Invokers$Holder.linkToTargetMethod(java.lang.Object, java.lang.Object, int, java.lang.Object)'> (0x00000000887e5218) thrown at [./src/hotspot/share/interpreter/linkResolver.cpp, line 773]
Event: 3.276 Thread 0x0000026361ed5000 Exception <a 'java/lang/NoSuchMethodError'{0x0000000089c9e760}: 'int java.lang.invoke.DirectMethodHandle$Holder.invokeSpecialIFC(java.lang.Object, java.lang.Object, java.lang.Object, java.lang.Object)'> (0x0000000089c9e760) thrown at [./src/hotspot/share/interpreter/linkResolver.cpp, line 773]
Event: 3.278 Thread 0x0000026361ed5000 Exception <a 'java/lang/NoSuchMethodError'{0x0000000089cac718}: 'java.lang.Object java.lang.invoke.DirectMethodHandle$Holder.invokeInterface(java.lang.Object, java.lang.Object, java.lang.Object)'> (0x0000000089cac718) thrown at [./src/hotspot/share/interpreter/linkResolver.cpp, line 773]
Event: 3.278 Thread 0x0000026361ed5000 Exception <a 'java/lang/IncompatibleClassChangeError'{0x0000000089cafbf0}: Found class java.lang.Object, but interface was expected> (0x0000000089cafbf0) thrown at [./src/hotspot/share/interpreter/linkResolver.cpp, line 839]
Event: 3.389 Thread 0x0000026361ed5000 Exception <a 'java/lang/NoSuchMethodError'{0x00000000895f8a98}: 'void java.lang.invoke.DirectMethodHandle$Holder.invokeSpecial(java.lang.Object, java.lang.Object, java.lang.Object, java.lang.Object, java.lang.Object)'> (0x00000000895f8a98) thrown at [./src/hotspot/share/interpreter/linkResolver.cpp, line 773]
Event: 3.421 Thread 0x0000026361ed5000 Exception <a 'java/lang/NoSuchMethodError'{0x0000000089224600}: 'java.lang.Object java.lang.invoke.DirectMethodHandle$Holder.invokeSpecial(java.lang.Object, java.lang.Object, java.lang.Object, java.lang.Object, java.lang.Object, java.lang.Object, java.lang.Object, java.lang.Object, java.lang.Object)'> (0x0000000089224600) thrown at [./src/hotspot/share/interpreter/linkResolver.cpp, line 773]
Event: 3.514 Thread 0x0000026361ed5000 Exception <a 'java/lang/NoSuchMethodError'{0x00000000889f28f8}: 'java.lang.Object java.lang.invoke.DirectMethodHandle$Holder.invokeVirtual(java.lang.Object, java.lang.Object, java.lang.Object, java.lang.Object)'> (0x00000000889f28f8) thrown at [./src/hotspot/share/interpreter/linkResolver.cpp, line 773]
Event: 3.709 Thread 0x0000026361ed5000 Exception <a 'java/lang/NoSuchMethodError'{0x000000008803fc98}: 'void java.lang.invoke.DirectMethodHandle$Holder.invokeSpecial(java.lang.Object, java.lang.Object, java.lang.Object, java.lang.Object, java.lang.Object, java.lang.Object)'> (0x000000008803fc98) thrown at [./src/hotspot/share/interpreter/linkResolver.cpp, line 773]
Event: 3.728 Thread 0x0000026361ed5000 Exception <a 'java/lang/NoSuchMethodError'{0x00000000880aef18}: 'void java.lang.invoke.DirectMethodHandle$Holder.invokeSpecial(java.lang.Object, java.lang.Object, java.lang.Object, java.lang.Object, java.lang.Object, java.lang.Object, java.lang.Object)'> (0x00000000880aef18) thrown at [./src/hotspot/share/interpreter/linkResolver.cpp, line 773]
Event: 3.728 Thread 0x0000026361ed5000 Exception <a 'java/lang/NoSuchMethodError'{0x00000000880b7408}: 'java.lang.Object java.lang.invoke.Invokers$Holder.linkToTargetMethod(java.lang.Object, java.lang.Object, java.lang.Object, java.lang.Object, java.lang.Object, java.lang.Object)'> (0x00000000880b7408) thrown at [./src/hotspot/share/interpreter/linkResolver.cpp, line 773]
Event: 3.768 Thread 0x0000026361ed5000 Exception <a 'java/lang/NoSuchMethodError'{0x0000000087e7f830}: 'java.lang.Object java.lang.invoke.DirectMethodHandle$Holder.invokeVirtual(java.lang.Object, java.lang.Object, java.lang.Object, java.lang.Object, java.lang.Object, java.lang.Object, java.lang.Object, java.lang.Object, java.lang.Object, java.lang.Object, java.lang.Object, java.lang.Object, java.lang.Object, java.lang.Object, java.lang.Object, java.lang.Object, java.lang.Object, java.lang.Object, java.lang.Object, java.lang.Object, java.lang.Ob
Event: 3.847 Thread 0x0000026361ed5000 Exception <a 'java/lang/NoSuchMethodError'{0x00000000876b0af8}: 'int java.lang.invoke.DirectMethodHandle$Holder.invokeStaticInit(java.lang.Object, java.lang.Object, java.lang.Object)'> (0x00000000876b0af8) thrown at [./src/hotspot/share/interpreter/linkResolver.cpp, line 773]
Event: 3.967 Thread 0x0000026361ed5000 Exception <a 'java/lang/NoSuchMethodError'{0x000000008713c168}: 'void java.lang.invoke.DirectMethodHandle$Holder.invokeStaticInit(java.lang.Object, java.lang.Object)'> (0x000000008713c168) thrown at [./src/hotspot/share/interpreter/linkResolver.cpp, line 773]
Event: 4.087 Thread 0x0000026361ed5000 Exception <a 'java/lang/NoSuchMethodError'{0x0000000086ce04f8}: 'void java.lang.invoke.DirectMethodHandle$Holder.invokeStatic(java.lang.Object, java.lang.Object, java.lang.Object, java.lang.Object)'> (0x0000000086ce04f8) thrown at [./src/hotspot/share/interpreter/linkResolver.cpp, line 773]
Event: 4.090 Thread 0x0000026361ed5000 Exception <a 'java/lang/NoSuchMethodError'{0x0000000086cff660}: 'int java.lang.invoke.DirectMethodHandle$Holder.invokeVirtual(java.lang.Object, java.lang.Object)'> (0x0000000086cff660) thrown at [./src/hotspot/share/interpreter/linkResolver.cpp, line 773]
Event: 4.092 Thread 0x0000026361ed5000 Exception <a 'java/lang/NoSuchMethodError'{0x0000000086b18c60}: 'java.lang.Object java.lang.invoke.DirectMethodHandle$Holder.invokeVirtual(java.lang.Object, java.lang.Object, java.lang.Object)'> (0x0000000086b18c60) thrown at [./src/hotspot/share/interpreter/linkResolver.cpp, line 773]
Event: 4.095 Thread 0x0000026361ed5000 Exception <a 'java/lang/NoSuchMethodError'{0x0000000086b36030}: 'int java.lang.invoke.DirectMethodHandle$Holder.invokeVirtual(java.lang.Object, java.lang.Object, java.lang.Object)'> (0x0000000086b36030) thrown at [./src/hotspot/share/interpreter/linkResolver.cpp, line 773]
Event: 4.244 Thread 0x0000026361ed1800 Exception <a 'java/lang/NoSuchMethodError'{0x0000000089fb8c10}: 'void java.lang.invoke.DirectMethodHandle$Holder.invokeSpecial(java.lang.Object, java.lang.Object)'> (0x0000000089fb8c10) thrown at [./src/hotspot/share/interpreter/linkResolver.cpp, line 773]
Event: 4.300 Thread 0x0000026361ed5000 Exception <a 'java/lang/NoSuchMethodError'{0x00000000868e0aa8}: 'java.lang.Object java.lang.invoke.DirectMethodHandle$Holder.invokeStatic(java.lang.Object, java.lang.Object, int, java.lang.Object)'> (0x00000000868e0aa8) thrown at [./src/hotspot/share/interpreter/linkResolver.cpp, line 773]
Event: 4.301 Thread 0x0000026361ed5000 Exception <a 'java/lang/NoSuchMethodError'{0x00000000868ea9a0}: 'java.lang.Object java.lang.invoke.Invokers$Holder.linkToTargetMethod(java.lang.Object, int, java.lang.Object, java.lang.Object)'> (0x00000000868ea9a0) thrown at [./src/hotspot/share/interpreter/linkResolver.cpp, line 773]

Events (20 events):
Event: 4.317 loading class org/gradle/internal/snapshot/AbstractIncompleteFileSystemNode$2 done
Event: 4.320 loading class org/gradle/internal/snapshot/VfsRelativePath
Event: 4.320 loading class org/gradle/internal/snapshot/VfsRelativePath done
Event: 4.320 loading class org/gradle/internal/snapshot/ChildMap$Entry
Event: 4.320 loading class org/gradle/internal/snapshot/ChildMap$Entry done
Event: 4.320 loading class org/gradle/internal/snapshot/VfsRelativePath
Event: 4.320 loading class org/gradle/internal/snapshot/VfsRelativePath done
Event: 4.320 loading class org/gradle/internal/snapshot/SearchUtil
Event: 4.320 loading class org/gradle/internal/snapshot/SearchUtil done
Event: 4.323 loading class org/gradle/internal/snapshot/AbstractListChildMap$2
Event: 4.323 loading class org/gradle/internal/snapshot/AbstractListChildMap$2 done
Event: 4.355 loading class org/gradle/internal/classpath/DefaultCachedClasspathTransformer
Event: 4.355 loading class org/gradle/internal/classpath/DefaultCachedClasspathTransformer done
Event: 4.356 Thread 0x0000026361ed3800 Thread added: 0x0000026361ed3800
Event: 4.356 Thread 0x0000026361ecd800 Thread added: 0x0000026361ecd800
Event: 4.356 Thread 0x0000026361ece800 Thread added: 0x0000026361ece800
Event: 4.356 Thread 0x000002636490c800 Thread added: 0x000002636490c800
Event: 4.356 loading class sun/nio/fs/WindowsPath$1
Event: 4.357 Executing VM operation: G1CollectForAllocation
Event: 4.357 loading class sun/nio/fs/WindowsPath$1 done


Dynamic libraries:
0x00007ff63d380000 - 0x00007ff63d38a000 	C:\Users\Bayan\AppData\Local\JetBrains\Toolbox\apps\AndroidStudio\ch-0\213.7172.25.2113.9123335\jre\bin\java.exe
0x00007ff8009d0000 - 0x00007ff800bc8000 	C:\Windows\SYSTEM32\ntdll.dll
0x00007ffffea00000 - 0x00007ffffeabf000 	C:\Windows\System32\KERNEL32.DLL
0x00007ffffe5c0000 - 0x00007ffffe892000 	C:\Windows\System32\KERNELBASE.dll
0x00007ffffe440000 - 0x00007ffffe540000 	C:\Windows\System32\ucrtbase.dll
0x00007fffdac30000 - 0x00007fffdac49000 	C:\Users\Bayan\AppData\Local\JetBrains\Toolbox\apps\AndroidStudio\ch-0\213.7172.25.2113.9123335\jre\bin\jli.dll
0x00007fffdb6c0000 - 0x00007fffdb6d7000 	C:\Users\Bayan\AppData\Local\JetBrains\Toolbox\apps\AndroidStudio\ch-0\213.7172.25.2113.9123335\jre\bin\VCRUNTIME140.dll
0x00007ffffeef0000 - 0x00007fffff091000 	C:\Windows\System32\USER32.dll
0x00007ffffe590000 - 0x00007ffffe5b2000 	C:\Windows\System32\win32u.dll
0x00007ff800800000 - 0x00007ff80082b000 	C:\Windows\System32\GDI32.dll
0x00007ffffe0b0000 - 0x00007ffffe1bf000 	C:\Windows\System32\gdi32full.dll
0x00007ffffe2f0000 - 0x00007ffffe38d000 	C:\Windows\System32\msvcp_win.dll
0x00007fffe6b60000 - 0x00007fffe6dfa000 	C:\Windows\WinSxS\amd64_microsoft.windows.common-controls_6595b64144ccf1df_6.0.19041.1110_none_60b5254171f9507e\COMCTL32.dll
0x00007ff800630000 - 0x00007ff8006ce000 	C:\Windows\System32\msvcrt.dll
0x00007ff800280000 - 0x00007ff8002b2000 	C:\Windows\System32\IMM32.DLL
0x00007fffdab90000 - 0x00007fffdac2d000 	C:\Users\Bayan\AppData\Local\JetBrains\Toolbox\apps\AndroidStudio\ch-0\213.7172.25.2113.9123335\jre\bin\msvcp140.dll
0x00007fffd2be0000 - 0x00007fffd36e2000 	C:\Users\Bayan\AppData\Local\JetBrains\Toolbox\apps\AndroidStudio\ch-0\213.7172.25.2113.9123335\jre\bin\server\jvm.dll
0x00007ffffeb20000 - 0x00007ffffebce000 	C:\Windows\System32\ADVAPI32.dll
0x00007fffff9c0000 - 0x00007fffffa5c000 	C:\Windows\System32\sechost.dll
0x00007ff800150000 - 0x00007ff800275000 	C:\Windows\System32\RPCRT4.dll
0x00007ff8002c0000 - 0x00007ff8002c8000 	C:\Windows\System32\PSAPI.DLL
0x00007ffff9370000 - 0x00007ffff9379000 	C:\Windows\SYSTEM32\WSOCK32.dll
0x00007fffec140000 - 0x00007fffec167000 	C:\Windows\SYSTEM32\WINMM.dll
0x00007ffff4dd0000 - 0x00007ffff4dda000 	C:\Windows\SYSTEM32\VERSION.dll
0x00007fffff180000 - 0x00007fffff1eb000 	C:\Windows\System32\WS2_32.dll
0x00007ffffbf70000 - 0x00007ffffbf82000 	C:\Windows\SYSTEM32\kernel.appcore.dll
0x00007ffff7970000 - 0x00007ffff7981000 	C:\Users\Bayan\AppData\Local\JetBrains\Toolbox\apps\AndroidStudio\ch-0\213.7172.25.2113.9123335\jre\bin\verify.dll
0x00007ffff6870000 - 0x00007ffff6a54000 	C:\Windows\SYSTEM32\DBGHELP.DLL
0x00007ffff6790000 - 0x00007ffff67c5000 	C:\Windows\SYSTEM32\dbgcore.DLL
0x00007ffffe260000 - 0x00007ffffe2e2000 	C:\Windows\System32\bcryptPrimitives.dll
0x00007ffff7760000 - 0x00007ffff7789000 	C:\Users\Bayan\AppData\Local\JetBrains\Toolbox\apps\AndroidStudio\ch-0\213.7172.25.2113.9123335\jre\bin\java.dll
0x00007ffff7a10000 - 0x00007ffff7a1b000 	C:\Users\Bayan\AppData\Local\JetBrains\Toolbox\apps\AndroidStudio\ch-0\213.7172.25.2113.9123335\jre\bin\jimage.dll
0x00007ffff7470000 - 0x00007ffff7488000 	C:\Users\Bayan\AppData\Local\JetBrains\Toolbox\apps\AndroidStudio\ch-0\213.7172.25.2113.9123335\jre\bin\zip.dll
0x00007fffff270000 - 0x00007fffff9b4000 	C:\Windows\System32\SHELL32.dll
0x00007ffffc170000 - 0x00007ffffc902000 	C:\Windows\SYSTEM32\windows.storage.dll
0x00007ff8002d0000 - 0x00007ff800625000 	C:\Windows\System32\combase.dll
0x00007ffffdb10000 - 0x00007ffffdb40000 	C:\Windows\SYSTEM32\Wldp.dll
0x00007ffffee40000 - 0x00007ffffeeed000 	C:\Windows\System32\SHCORE.dll
0x00007ffffeac0000 - 0x00007ffffeb15000 	C:\Windows\System32\shlwapi.dll
0x00007ffffdff0000 - 0x00007ffffe00f000 	C:\Windows\SYSTEM32\profapi.dll
0x00007ffff5510000 - 0x00007ffff552a000 	C:\Users\Bayan\AppData\Local\JetBrains\Toolbox\apps\AndroidStudio\ch-0\213.7172.25.2113.9123335\jre\bin\net.dll
0x00007ffff5050000 - 0x00007ffff515c000 	C:\Windows\SYSTEM32\WINHTTP.dll
0x00007ffffd870000 - 0x00007ffffd8da000 	C:\Windows\system32\mswsock.dll
0x00007ffff22c0000 - 0x00007ffff22d4000 	C:\Users\Bayan\AppData\Local\JetBrains\Toolbox\apps\AndroidStudio\ch-0\213.7172.25.2113.9123335\jre\bin\nio.dll
0x00007ffff1100000 - 0x00007ffff1127000 	C:\Users\Bayan\.gradle\native\e1d6ef7f7dcc3fd88c89a11ec53ec762bb8ba0a96d01ffa2cd45eb1d1d8dd5c5\windows-amd64\native-platform.dll
0x00007fffda590000 - 0x00007fffda6d4000 	C:\Users\Bayan\.gradle\native\0d407fdbe67a94daf76414ababcb853783967236a71b16ec16e742cd7a986fd3\windows-amd64\native-platform-file-events.dll
0x00007ffff76b0000 - 0x00007ffff76ba000 	C:\Users\Bayan\AppData\Local\JetBrains\Toolbox\apps\AndroidStudio\ch-0\213.7172.25.2113.9123335\jre\bin\management.dll
0x00007ffff7430000 - 0x00007ffff743d000 	C:\Users\Bayan\AppData\Local\JetBrains\Toolbox\apps\AndroidStudio\ch-0\213.7172.25.2113.9123335\jre\bin\management_ext.dll
0x00007ffffda60000 - 0x00007ffffda78000 	C:\Windows\SYSTEM32\CRYPTSP.dll
0x00007ffffd120000 - 0x00007ffffd154000 	C:\Windows\system32\rsaenh.dll
0x00007ffffe230000 - 0x00007ffffe257000 	C:\Windows\System32\bcrypt.dll
0x00007ffffdfb0000 - 0x00007ffffdfde000 	C:\Windows\SYSTEM32\USERENV.dll
0x00007ffffda80000 - 0x00007ffffda8c000 	C:\Windows\SYSTEM32\CRYPTBASE.dll
0x00007ffffd510000 - 0x00007ffffd54b000 	C:\Windows\SYSTEM32\IPHLPAPI.DLL
0x00007ff800000000 - 0x00007ff800008000 	C:\Windows\System32\NSI.dll
0x00007ffff5d30000 - 0x00007ffff5d47000 	C:\Windows\SYSTEM32\dhcpcsvc6.DLL
0x00007ffff5ed0000 - 0x00007ffff5eed000 	C:\Windows\SYSTEM32\dhcpcsvc.DLL
0x00007ffffd560000 - 0x00007ffffd62a000 	C:\Windows\SYSTEM32\DNSAPI.dll

dbghelp: loaded successfully - version: 4.0.5 - missing functions: none
symbol engine: initialized successfully - sym options: 0x614 - pdb path: .;C:\Users\Bayan\AppData\Local\JetBrains\Toolbox\apps\AndroidStudio\ch-0\213.7172.25.2113.9123335\jre\bin;C:\Windows\SYSTEM32;C:\Windows\WinSxS\amd64_microsoft.windows.common-controls_6595b64144ccf1df_6.0.19041.1110_none_60b5254171f9507e;C:\Users\Bayan\AppData\Local\JetBrains\Toolbox\apps\AndroidStudio\ch-0\213.7172.25.2113.9123335\jre\bin\server;C:\Users\Bayan\.gradle\native\e1d6ef7f7dcc3fd88c89a11ec53ec762bb8ba0a96d01ffa2cd45eb1d1d8dd5c5\windows-amd64;C:\Users\Bayan\.gradle\native\0d407fdbe67a94daf76414ababcb853783967236a71b16ec16e742cd7a986fd3\windows-amd64

VM Arguments:
jvm_args: --add-opens=java.base/java.util=ALL-UNNAMED --add-opens=java.base/java.lang=ALL-UNNAMED --add-opens=java.base/java.lang.invoke=ALL-UNNAMED --add-opens=java.base/java.util=ALL-UNNAMED --add-opens=java.prefs/java.util.prefs=ALL-UNNAMED --add-opens=java.prefs/java.util.prefs=ALL-UNNAMED --add-opens=java.base/java.nio.charset=ALL-UNNAMED --add-opens=java.base/java.net=ALL-UNNAMED --add-opens=java.base/java.util.concurrent.atomic=ALL-UNNAMED -Xmx2048m -Dfile.encoding=UTF-8 -Duser.country=US -Duser.language=en -Duser.variant 
java_command: org.gradle.launcher.daemon.bootstrap.GradleDaemon 7.4
java_class_path (initial): C:\Users\Bayan\.gradle\wrapper\dists\gradle-7.4-bin\c0gwcg53nkjbqw7r0h0umtfvt\gradle-7.4\lib\gradle-launcher-7.4.jar
Launcher Type: SUN_STANDARD

[Global flags]
     intx CICompilerCount                          = 3                                         {product} {ergonomic}
     uint ConcGCThreads                            = 1                                         {product} {ergonomic}
     uint G1ConcRefinementThreads                  = 4                                         {product} {ergonomic}
   size_t G1HeapRegionSize                         = 1048576                                   {product} {ergonomic}
    uintx GCDrainStackTargetSize                   = 64                                        {product} {ergonomic}
   size_t InitialHeapSize                          = 167772160                                 {product} {ergonomic}
   size_t MarkStackSize                            = 4194304                                   {product} {ergonomic}
   size_t MaxHeapSize                              = 2147483648                                {product} {command line}
   size_t MaxNewSize                               = 1287651328                                {product} {ergonomic}
   size_t MinHeapDeltaBytes                        = 1048576                                   {product} {ergonomic}
    uintx NonNMethodCodeHeapSize                   = 5830732                                {pd product} {ergonomic}
    uintx NonProfiledCodeHeapSize                  = 122913754                              {pd product} {ergonomic}
    uintx ProfiledCodeHeapSize                     = 122913754                              {pd product} {ergonomic}
    uintx ReservedCodeCacheSize                    = 251658240                              {pd product} {ergonomic}
     bool SegmentedCodeCache                       = true                                      {product} {ergonomic}
     bool UseCompressedClassPointers               = true                                 {lp64_product} {ergonomic}
     bool UseCompressedOops                        = true                                 {lp64_product} {ergonomic}
     bool UseG1GC                                  = true                                      {product} {ergonomic}
     bool UseLargePagesIndividualAllocation        = false                                  {pd product} {ergonomic}

Logging:
Log output configuration:
 #0: stdout all=warning uptime,level,tags
 #1: stderr all=off uptime,level,tags

Environment Variables:
PATH=C:\Windows\system32;C:\Windows;C:\Windows\System32\Wbem;C:\Windows\System32\WindowsPowerShell\v1.0\;C:\Windows\System32\OpenSSH\;C:\Program Files\dotnet\;C:\Program Files\Git\cmd;C:\Users\Bayan\AppData\Local\Programs\Python\Python311\Scripts\;C:\Users\Bayan\AppData\Local\Programs\Python\Python311\;C:\Users\Bayan\AppData\Local\Microsoft\WindowsApps;C:\Users\Bayan\AppData\Local\JetBrains\Toolbox\scripts;C:\Users\Bayan\Programs\Executable;C:\Users\Bayan\Programs\Installer\yt-dlp\yt-dlp-gui\src\dist\yt-dlp-gui;
USERNAME=Bayan
OS=Windows_NT
PROCESSOR_IDENTIFIER=Intel64 Family 6 Model 60 Stepping 3, GenuineIntel



---------------  S Y S T E M  ---------------

OS: Windows 10 , 64 bit Build 19041 (10.0.19041.2364)
OS uptime: 1 days 18:40 hours

CPU:total 4 (initial active 4) (2 cores per cpu, 2 threads per core) family 6 model 60 stepping 3 microcode 0x27, cmov, cx8, fxsr, mmx, sse, sse2, sse3, ssse3, sse4.1, sse4.2, popcnt, avx, avx2, aes, clmul, erms, lzcnt, ht, tsc, tscinvbit, bmi1, bmi2, fma

Memory: 4k page, system-wide physical 10165M (766M free)
TotalPageFile size 10165M (AvailPageFile size 26M)
current process WorkingSet (physical memory assigned to process): 213M, peak: 218M
current process commit charge ("private bytes"): 326M, peak: 362M

vm_info: OpenJDK 64-Bit Server VM (11.0.13+0-b1751.21-8125866) for windows-amd64 JRE (11.0.13+0-b1751.21-8125866), built on Feb  2 2022 03:00:22 by "builder" with MS VC++ 14.0 (VS2015)

END.
