#
# There is insufficient memory for the Java Runtime Environment to continue.
# Native memory allocation (malloc) failed to allocate 2247696 bytes for Chunk::new
# Possible reasons:
#   The system is out of physical RAM or swap space
#   The process is running with CompressedOops enabled, and the Java Heap may be blocking the growth of the native heap
# Possible solutions:
#   Reduce memory load on the system
#   Increase physical memory or swap space
#   Check if swap backing store is full
#   Decrease Java heap size (-Xmx/-Xms)
#   Decrease number of Java threads
#   Decrease Java thread stack sizes (-Xss)
#   Set larger code cache with -XX:ReservedCodeCacheSize=
#   JVM is running with Unscaled Compressed Oops mode in which the Java heap is
#     placed in the first 4GB address space. The Java Heap base address is the
#     maximum limit for the native heap growth. Please use -XX:HeapBaseMinAddress
#     to set the Java Heap base and to place the Java Heap above 4GB virtual address.
# This output file may be truncated or incomplete.
#
#  Out of Memory Error (./src/hotspot/share/memory/arena.cpp:197), pid=15336, tid=7824
#
# JRE version: OpenJDK Runtime Environment (11.0.13) (build 11.0.13+0-b1751.21-8125866)
# Java VM: OpenJDK 64-Bit Server VM (11.0.13+0-b1751.21-8125866, mixed mode, tiered, compressed oops, g1 gc, windows-amd64)
# No core dump will be written. Minidumps are not enabled by default on client versions of Windows
#

---------------  S U M M A R Y ------------

Command Line: --add-opens=java.base/java.util=ALL-UNNAMED --add-opens=java.base/java.lang=ALL-UNNAMED --add-opens=java.base/java.lang.invoke=ALL-UNNAMED --add-opens=java.base/java.util=ALL-UNNAMED --add-opens=java.prefs/java.util.prefs=ALL-UNNAMED --add-opens=java.prefs/java.util.prefs=ALL-UNNAMED --add-opens=java.base/java.nio.charset=ALL-UNNAMED --add-opens=java.base/java.net=ALL-UNNAMED --add-opens=java.base/java.util.concurrent.atomic=ALL-UNNAMED -Xmx2048m -Dfile.encoding=UTF-8 -Duser.country=US -Duser.language=en -Duser.variant org.gradle.launcher.daemon.bootstrap.GradleDaemon 7.4

Host: Intel(R) Core(TM) i5-4310M CPU @ 2.70GHz, 4 cores, 9G,  Windows 10 , 64 bit Build 19041 (10.0.19041.2364)
Time: Sun Jan  8 12:52:49 2023 Pacific Standard Time elapsed time: 89.434263 seconds (0d 0h 1m 29s)

---------------  T H R E A D  ---------------

Current thread (0x000002140f937800):  JavaThread "C2 CompilerThread1" daemon [_thread_in_native, id=7824, stack(0x0000005029600000,0x0000005029700000)]


Current CompileTask:
C2:  89434 7304       4       java.beans.Introspector::addMethod (196 bytes)

Stack: [0x0000005029600000,0x0000005029700000]
Native frames: (J=compiled Java code, j=interpreted, Vv=VM code, C=native code)
V  [jvm.dll+0x6100fa]
V  [jvm.dll+0x747090]
V  [jvm.dll+0x7486ad]
V  [jvm.dll+0x748d83]
V  [jvm.dll+0x24ab48]
V  [jvm.dll+0xc04dc]
V  [jvm.dll+0xc0a0c]
V  [jvm.dll+0x35eb9d]
V  [jvm.dll+0x32b833]
V  [jvm.dll+0x32ad2a]
V  [jvm.dll+0x2032b2]
V  [jvm.dll+0x202437]
V  [jvm.dll+0x188e01]
V  [jvm.dll+0x21106b]
V  [jvm.dll+0x20f8c1]
V  [jvm.dll+0x70de0f]
V  [jvm.dll+0x706a75]
V  [jvm.dll+0x60ed66]
C  [ucrtbase.dll+0x21bb2]
C  [KERNEL32.DLL+0x17614]
C  [ntdll.dll+0x526a1]


---------------  P R O C E S S  ---------------

Threads class SMR info:
_java_thread_list=0x000002147eb64330, length=81, elements={
0x00000214701cc000, 0x000002147b51c800, 0x000002147b520000, 0x000002147b53b000,
0x000002147b53e000, 0x000002147b543000, 0x000002147b548800, 0x000002147bea2800,
0x000002147beae800, 0x000002147bff0800, 0x000002147e2e6800, 0x000002147c1a0800,
0x000002147d6f3800, 0x000002147dda7800, 0x000002147d226800, 0x000002147cb36800,
0x000002147d227000, 0x000002147d5fc000, 0x000002147dcd3800, 0x000002147dd83800,
0x000002147dd85000, 0x000002147dd82000, 0x000002147dd83000, 0x000002147dd7f800,
0x000002147dd84800, 0x000002147dd86000, 0x000002147dd81000, 0x000002147dd80800,
0x000002147ce35800, 0x000002147ce36800, 0x000002147ce35000, 0x000002147ce37800,
0x000002147ce38000, 0x000002147ce34000, 0x000002147ce32800, 0x000002147ce3c000,
0x000002147ce3e800, 0x000002147ce39000, 0x000002147ce3f800, 0x000002147ce3a000,
0x000002147ce3a800, 0x000002147ce3b800, 0x000002147ce3d000, 0x000002147ce3e000,
0x000002147ce41000, 0x000002147ce40800, 0x000002147e761000, 0x000002147e764800,
0x000002147e762800, 0x000002147e762000, 0x000002147e75e800, 0x000002147e763800,
0x000002147e765000, 0x000002147e760800, 0x000002147e75f800, 0x000002147e76a000,
0x000002147e768800, 0x000002147e767000, 0x000002147e767800, 0x000002147e76b000,
0x000002147e766000, 0x000002147e76b800, 0x000002147e76c800, 0x000002147e76d800,
0x000002147e769800, 0x000002140fbac000, 0x000002140fbaf000, 0x000002140fbae800,
0x000002140fbb0000, 0x000002140fbad800, 0x000002140fbad000, 0x000002140fbb1800,
0x000002140fbb6000, 0x000002140fbb6800, 0x000002140fbb3800, 0x000002140fbb5000,
0x000002140fbb4000, 0x000002140fbb1000, 0x000002140fbb7800, 0x000002140fbb8000,
0x000002140f937800
}

Java Threads: ( => current thread )
  0x00000214701cc000 JavaThread "main" [_thread_blocked, id=6276, stack(0x0000005023f00000,0x0000005024000000)]
  0x000002147b51c800 JavaThread "Reference Handler" daemon [_thread_blocked, id=6280, stack(0x0000005024600000,0x0000005024700000)]
  0x000002147b520000 JavaThread "Finalizer" daemon [_thread_blocked, id=8104, stack(0x0000005024700000,0x0000005024800000)]
  0x000002147b53b000 JavaThread "Signal Dispatcher" daemon [_thread_blocked, id=7332, stack(0x0000005024800000,0x0000005024900000)]
  0x000002147b53e000 JavaThread "Attach Listener" daemon [_thread_blocked, id=15200, stack(0x0000005024900000,0x0000005024a00000)]
  0x000002147b543000 JavaThread "Service Thread" daemon [_thread_blocked, id=12308, stack(0x0000005024a00000,0x0000005024b00000)]
  0x000002147b548800 JavaThread "C2 CompilerThread0" daemon [_thread_in_native, id=12332, stack(0x0000005024b00000,0x0000005024c00000)]
  0x000002147bea2800 JavaThread "C1 CompilerThread0" daemon [_thread_blocked, id=13880, stack(0x0000005024c00000,0x0000005024d00000)]
  0x000002147beae800 JavaThread "Sweeper thread" daemon [_thread_blocked, id=14872, stack(0x0000005024d00000,0x0000005024e00000)]
  0x000002147bff0800 JavaThread "Common-Cleaner" daemon [_thread_blocked, id=2668, stack(0x0000005024e00000,0x0000005024f00000)]
  0x000002147e2e6800 JavaThread "Daemon health stats" [_thread_blocked, id=12400, stack(0x0000005025300000,0x0000005025400000)]
  0x000002147c1a0800 JavaThread "Incoming local TCP Connector on port 61707" [_thread_in_native, id=10144, stack(0x0000005025000000,0x0000005025100000)]
  0x000002147d6f3800 JavaThread "Daemon periodic checks" [_thread_blocked, id=7208, stack(0x0000005025400000,0x0000005025500000)]
  0x000002147dda7800 JavaThread "Daemon" [_thread_blocked, id=13212, stack(0x0000005025500000,0x0000005025600000)]
  0x000002147d226800 JavaThread "Handler for socket connection from /127.0.0.1:61707 to /127.0.0.1:61708" [_thread_in_native, id=9964, stack(0x0000005025600000,0x0000005025700000)]
  0x000002147cb36800 JavaThread "Cancel handler" [_thread_blocked, id=1724, stack(0x0000005025700000,0x0000005025800000)]
  0x000002147d227000 JavaThread "Daemon worker" [_thread_in_vm, id=8816, stack(0x0000005025800000,0x0000005025900000)]
  0x000002147d5fc000 JavaThread "Asynchronous log dispatcher for DefaultDaemonConnection: socket connection from /127.0.0.1:61707 to /127.0.0.1:61708" [_thread_blocked, id=1924, stack(0x0000005025a00000,0x0000005025b00000)]
  0x000002147dcd3800 JavaThread "Daemon client event forwarder" [_thread_blocked, id=6056, stack(0x0000005025c00000,0x0000005025d00000)]
  0x000002147dd83800 JavaThread "Cache worker for journal cache (C:\Users\Bayan\.gradle\caches\journal-1)" [_thread_blocked, id=4948, stack(0x0000005025d00000,0x0000005025e00000)]
  0x000002147dd85000 JavaThread "File lock request listener" [_thread_in_native, id=7416, stack(0x0000005025e00000,0x0000005025f00000)]
  0x000002147dd82000 JavaThread "Cache worker for file hash cache (C:\Users\Bayan\.gradle\caches\7.4\fileHashes)" [_thread_blocked, id=12280, stack(0x0000005025f00000,0x0000005026000000)]
  0x000002147dd83000 JavaThread "Cache worker for file hash cache (C:\Users\Bayan\AndroidStudioProjects\Testing\.gradle\7.4\fileHashes)" [_thread_blocked, id=3444, stack(0x0000005026000000,0x0000005026100000)]
  0x000002147dd7f800 JavaThread "File lock release action executor" [_thread_blocked, id=8284, stack(0x0000005026200000,0x0000005026300000)]
  0x000002147dd84800 JavaThread "Cache worker for checksums cache (C:\Users\Bayan\AndroidStudioProjects\Testing\.gradle\7.4\checksums)" [_thread_blocked, id=10044, stack(0x0000005023c00000,0x0000005023d00000)]
  0x000002147dd86000 JavaThread "File watcher server" daemon [_thread_in_native, id=6304, stack(0x0000005023e00000,0x0000005023f00000)]
  0x000002147dd81000 JavaThread "File watcher consumer" daemon [_thread_blocked, id=13436, stack(0x0000005026300000,0x0000005026400000)]
  0x000002147dd80800 JavaThread "Cache worker for cache directory md-rule (C:\Users\Bayan\.gradle\caches\7.4\md-rule)" [_thread_blocked, id=5928, stack(0x0000005026400000,0x0000005026500000)]
  0x000002147ce35800 JavaThread "Cache worker for cache directory md-supplier (C:\Users\Bayan\.gradle\caches\7.4\md-supplier)" [_thread_blocked, id=9340, stack(0x0000005025b00000,0x0000005025c00000)]
  0x000002147ce36800 JavaThread "Cache worker for execution history cache (C:\Users\Bayan\.gradle\caches\7.4\executionHistory)" [_thread_blocked, id=8948, stack(0x0000005026500000,0x0000005026600000)]
  0x000002147ce35000 JavaThread "jar transforms" [_thread_blocked, id=13672, stack(0x0000005026600000,0x0000005026700000)]
  0x000002147ce37800 JavaThread "jar transforms Thread 2" [_thread_blocked, id=572, stack(0x0000005026700000,0x0000005026800000)]
  0x000002147ce38000 JavaThread "Cache worker for file content cache (C:\Users\Bayan\.gradle\caches\7.4\fileContent)" [_thread_blocked, id=2812, stack(0x0000005026900000,0x0000005026a00000)]
  0x000002147ce34000 JavaThread "jar transforms Thread 3" [_thread_blocked, id=5608, stack(0x0000005026800000,0x0000005026900000)]
  0x000002147ce32800 JavaThread "jar transforms Thread 4" [_thread_blocked, id=1232, stack(0x0000005026b00000,0x0000005026c00000)]
  0x000002147ce3c000 JavaThread "Cache worker for dependencies-accessors (C:\Users\Bayan\AndroidStudioProjects\Testing\.gradle\7.4\dependencies-accessors)" [_thread_blocked, id=11616, stack(0x0000005026a00000,0x0000005026b00000)]
  0x000002147ce3e800 JavaThread "Cache worker for Build Output Cleanup Cache (C:\Users\Bayan\AndroidStudioProjects\Testing\.gradle\buildOutputCleanup)" [_thread_blocked, id=7796, stack(0x0000005026c00000,0x0000005026d00000)]
  0x000002147ce39000 JavaThread "File lock release action executor Thread 2" [_thread_blocked, id=6520, stack(0x0000005026e00000,0x0000005026f00000)]
  0x000002147ce3f800 JavaThread "Unconstrained build operations" [_thread_blocked, id=4968, stack(0x0000005026d00000,0x0000005026e00000)]
  0x000002147ce3a000 JavaThread "Unconstrained build operations Thread 2" [_thread_blocked, id=4144, stack(0x0000005026f00000,0x0000005027000000)]
  0x000002147ce3a800 JavaThread "Unconstrained build operations Thread 3" [_thread_blocked, id=5452, stack(0x0000005027000000,0x0000005027100000)]
  0x000002147ce3b800 JavaThread "Unconstrained build operations Thread 4" [_thread_blocked, id=2312, stack(0x0000005027100000,0x0000005027200000)]
  0x000002147ce3d000 JavaThread "Unconstrained build operations Thread 5" [_thread_blocked, id=8208, stack(0x0000005027200000,0x0000005027300000)]
  0x000002147ce3e000 JavaThread "Unconstrained build operations Thread 6" [_thread_blocked, id=6000, stack(0x0000005027300000,0x0000005027400000)]
  0x000002147ce41000 JavaThread "Unconstrained build operations Thread 7" [_thread_blocked, id=11004, stack(0x0000005027400000,0x0000005027500000)]
  0x000002147ce40800 JavaThread "Unconstrained build operations Thread 8" [_thread_blocked, id=12352, stack(0x0000005027500000,0x0000005027600000)]
  0x000002147e761000 JavaThread "Unconstrained build operations Thread 9" [_thread_blocked, id=7972, stack(0x0000005027600000,0x0000005027700000)]
  0x000002147e764800 JavaThread "Unconstrained build operations Thread 10" [_thread_blocked, id=10836, stack(0x0000005027700000,0x0000005027800000)]
  0x000002147e762800 JavaThread "Unconstrained build operations Thread 11" [_thread_blocked, id=8120, stack(0x0000005027800000,0x0000005027900000)]
  0x000002147e762000 JavaThread "Unconstrained build operations Thread 12" [_thread_blocked, id=10056, stack(0x0000005027900000,0x0000005027a00000)]
  0x000002147e75e800 JavaThread "Unconstrained build operations Thread 13" [_thread_blocked, id=8396, stack(0x0000005027a00000,0x0000005027b00000)]
  0x000002147e763800 JavaThread "Unconstrained build operations Thread 14" [_thread_blocked, id=9504, stack(0x0000005027b00000,0x0000005027c00000)]
  0x000002147e765000 JavaThread "Unconstrained build operations Thread 15" [_thread_blocked, id=11352, stack(0x0000005027c00000,0x0000005027d00000)]
  0x000002147e760800 JavaThread "Unconstrained build operations Thread 16" [_thread_blocked, id=7348, stack(0x0000005027d00000,0x0000005027e00000)]
  0x000002147e75f800 JavaThread "Unconstrained build operations Thread 17" [_thread_blocked, id=6364, stack(0x0000005027e00000,0x0000005027f00000)]
  0x000002147e76a000 JavaThread "Unconstrained build operations Thread 18" [_thread_blocked, id=14240, stack(0x0000005027f00000,0x0000005028000000)]
  0x000002147e768800 JavaThread "Unconstrained build operations Thread 19" [_thread_blocked, id=14656, stack(0x0000005028000000,0x0000005028100000)]
  0x000002147e767000 JavaThread "Unconstrained build operations Thread 20" [_thread_blocked, id=5704, stack(0x0000005028100000,0x0000005028200000)]
  0x000002147e767800 JavaThread "Unconstrained build operations Thread 21" [_thread_blocked, id=12904, stack(0x0000005028200000,0x0000005028300000)]
  0x000002147e76b000 JavaThread "Unconstrained build operations Thread 22" [_thread_blocked, id=14584, stack(0x0000005028300000,0x0000005028400000)]
  0x000002147e766000 JavaThread "Unconstrained build operations Thread 23" [_thread_blocked, id=4956, stack(0x0000005028400000,0x0000005028500000)]
  0x000002147e76b800 JavaThread "Unconstrained build operations Thread 24" [_thread_blocked, id=4172, stack(0x0000005028500000,0x0000005028600000)]
  0x000002147e76c800 JavaThread "Unconstrained build operations Thread 25" [_thread_blocked, id=9472, stack(0x0000005028600000,0x0000005028700000)]
  0x000002147e76d800 JavaThread "Unconstrained build operations Thread 26" [_thread_blocked, id=15264, stack(0x0000005028700000,0x0000005028800000)]
  0x000002147e769800 JavaThread "Unconstrained build operations Thread 27" [_thread_blocked, id=3404, stack(0x0000005028800000,0x0000005028900000)]
  0x000002140fbac000 JavaThread "Unconstrained build operations Thread 28" [_thread_blocked, id=14536, stack(0x0000005028900000,0x0000005028a00000)]
  0x000002140fbaf000 JavaThread "Unconstrained build operations Thread 29" [_thread_blocked, id=5716, stack(0x0000005028a00000,0x0000005028b00000)]
  0x000002140fbae800 JavaThread "Unconstrained build operations Thread 30" [_thread_blocked, id=876, stack(0x0000005028b00000,0x0000005028c00000)]
  0x000002140fbb0000 JavaThread "Unconstrained build operations Thread 31" [_thread_blocked, id=13840, stack(0x0000005028c00000,0x0000005028d00000)]
  0x000002140fbad800 JavaThread "Unconstrained build operations Thread 32" [_thread_blocked, id=3900, stack(0x0000005028d00000,0x0000005028e00000)]
  0x000002140fbad000 JavaThread "Unconstrained build operations Thread 33" [_thread_blocked, id=7712, stack(0x0000005028e00000,0x0000005028f00000)]
  0x000002140fbb1800 JavaThread "Unconstrained build operations Thread 34" [_thread_blocked, id=8852, stack(0x0000005028f00000,0x0000005029000000)]
  0x000002140fbb6000 JavaThread "Unconstrained build operations Thread 35" [_thread_blocked, id=7120, stack(0x0000005029000000,0x0000005029100000)]
  0x000002140fbb6800 JavaThread "Unconstrained build operations Thread 36" [_thread_blocked, id=5384, stack(0x0000005029100000,0x0000005029200000)]
  0x000002140fbb3800 JavaThread "Unconstrained build operations Thread 37" [_thread_blocked, id=13692, stack(0x0000005029200000,0x0000005029300000)]
  0x000002140fbb5000 JavaThread "Unconstrained build operations Thread 38" [_thread_blocked, id=14200, stack(0x0000005029300000,0x0000005029400000)]
  0x000002140fbb4000 JavaThread "Unconstrained build operations Thread 39" [_thread_blocked, id=6752, stack(0x0000005029400000,0x0000005029500000)]
  0x000002140fbb1000 JavaThread "Unconstrained build operations Thread 40" [_thread_blocked, id=6148, stack(0x0000005029500000,0x0000005029600000)]
  0x000002140fbb7800 JavaThread "Configuration cache report writer" [_thread_blocked, id=4004, stack(0x0000005029700000,0x0000005029800000)]
  0x000002140fbb8000 JavaThread "Memory manager" [_thread_blocked, id=9076, stack(0x0000005029800000,0x0000005029900000)]
=>0x000002140f937800 JavaThread "C2 CompilerThread1" daemon [_thread_in_native, id=7824, stack(0x0000005029600000,0x0000005029700000)]

Other Threads:
  0x000002147b519000 VMThread "VM Thread" [stack: 0x0000005024500000,0x0000005024600000] [id=13024]
  0x000002147c023800 WatcherThread [stack: 0x0000005024f00000,0x0000005025000000] [id=5800]
  0x00000214701e6000 GCTaskThread "GC Thread#0" [stack: 0x0000005024000000,0x0000005024100000] [id=14988]
  0x000002147c631000 GCTaskThread "GC Thread#1" [stack: 0x0000005025100000,0x0000005025200000] [id=12608]
  0x000002147c8a8000 GCTaskThread "GC Thread#2" [stack: 0x0000005025200000,0x0000005025300000] [id=456]
  0x000002147deb7800 GCTaskThread "GC Thread#3" [stack: 0x0000005025900000,0x0000005025a00000] [id=1752]
  0x0000021470219800 ConcurrentGCThread "G1 Main Marker" [stack: 0x0000005024100000,0x0000005024200000] [id=9292]
  0x000002147021a800 ConcurrentGCThread "G1 Conc#0" [stack: 0x0000005024200000,0x0000005024300000] [id=6964]
  0x000002147b368800 ConcurrentGCThread "G1 Refine#0" [stack: 0x0000005024300000,0x0000005024400000] [id=2032]
  0x0000021412e86800 ConcurrentGCThread "G1 Refine#1" [stack: 0x0000005029900000,0x0000005029a00000] [id=4836]
  0x000002147b369800 ConcurrentGCThread "G1 Young RemSet Sampling" [stack: 0x0000005024400000,0x0000005024500000] [id=12076]

Threads with active compile tasks:
C2 CompilerThread0  89463 7307       4       com.sun.beans.TypeResolver::resolve (37 bytes)
C2 CompilerThread1  89463 7304       4       java.beans.Introspector::addMethod (196 bytes)

VM state:synchronizing (normal execution)

VM Mutex/Monitor currently owned by a thread:  ([mutex/lock_event])
[0x00000214701c9160] Threads_lock - owner thread: 0x000002147b519000

Heap address: 0x0000000080000000, size: 2048 MB, Compressed Oops mode: 32-bit
Narrow klass base: 0x0000000000000000, Narrow klass shift: 3
Compressed class space size: 1073741824 Address: 0x0000000100000000

Heap:
 garbage-first heap   total 196608K, used 97445K [0x0000000080000000, 0x0000000100000000)
  region size 1024K, 48 young (49152K), 14 survivors (14336K)
 Metaspace       used 71649K, capacity 73180K, committed 73288K, reserved 1114112K
  class space    used 8952K, capacity 9538K, committed 9624K, reserved 1048576K
Heap Regions: E=young(eden), S=young(survivor), O=old, HS=humongous(starts), HC=humongous(continues), CS=collection set, F=free, A=archive, TAMS=top-at-mark-start (previous, next)
|   0|0x0000000080000000, 0x0000000080100000, 0x0000000080100000|100%|HS|  |TAMS 0x0000000080100000, 0x0000000080000000| Complete 
|   1|0x0000000080100000, 0x0000000080200000, 0x0000000080200000|100%|HC|  |TAMS 0x0000000080200000, 0x0000000080100000| Complete 
|   2|0x0000000080200000, 0x0000000080300000, 0x0000000080300000|100%|HC|  |TAMS 0x0000000080300000, 0x0000000080200000| Complete 
|   3|0x0000000080300000, 0x0000000080400000, 0x0000000080400000|100%| O|  |TAMS 0x0000000080400000, 0x0000000080300000| Untracked 
|   4|0x0000000080400000, 0x0000000080500000, 0x0000000080500000|100%| O|  |TAMS 0x0000000080500000, 0x0000000080400000| Untracked 
|   5|0x0000000080500000, 0x0000000080600000, 0x0000000080600000|100%| O|  |TAMS 0x0000000080600000, 0x0000000080500000| Untracked 
|   6|0x0000000080600000, 0x0000000080700000, 0x0000000080700000|100%| O|  |TAMS 0x0000000080700000, 0x0000000080600000| Untracked 
|   7|0x0000000080700000, 0x0000000080800000, 0x0000000080800000|100%| O|  |TAMS 0x0000000080800000, 0x0000000080700000| Untracked 
|   8|0x0000000080800000, 0x0000000080900000, 0x0000000080900000|100%| O|  |TAMS 0x0000000080900000, 0x0000000080800000| Untracked 
|   9|0x0000000080900000, 0x0000000080a00000, 0x0000000080a00000|100%| O|  |TAMS 0x0000000080a00000, 0x0000000080900000| Untracked 
|  10|0x0000000080a00000, 0x0000000080b00000, 0x0000000080b00000|100%| O|  |TAMS 0x0000000080b00000, 0x0000000080a00000| Untracked 
|  11|0x0000000080b00000, 0x0000000080c00000, 0x0000000080c00000|100%| O|  |TAMS 0x0000000080c00000, 0x0000000080b00000| Untracked 
|  12|0x0000000080c00000, 0x0000000080d00000, 0x0000000080d00000|100%| O|  |TAMS 0x0000000080d00000, 0x0000000080c00000| Untracked 
|  13|0x0000000080d00000, 0x0000000080e00000, 0x0000000080e00000|100%| O|  |TAMS 0x0000000080e00000, 0x0000000080d00000| Untracked 
|  14|0x0000000080e00000, 0x0000000080f00000, 0x0000000080f00000|100%| O|  |TAMS 0x0000000080f00000, 0x0000000080e00000| Untracked 
|  15|0x0000000080f00000, 0x0000000081000000, 0x0000000081000000|100%| O|  |TAMS 0x0000000080f33e00, 0x0000000080f00000| Untracked 
|  16|0x0000000081000000, 0x0000000081100000, 0x0000000081100000|100%|HS|  |TAMS 0x0000000081000000, 0x0000000081000000| Complete 
|  17|0x0000000081100000, 0x0000000081200000, 0x0000000081200000|100%|HS|  |TAMS 0x0000000081100000, 0x0000000081100000| Complete 
|  18|0x0000000081200000, 0x0000000081300000, 0x0000000081300000|100%|HS|  |TAMS 0x0000000081200000, 0x0000000081200000| Complete 
|  19|0x0000000081300000, 0x0000000081400000, 0x0000000081400000|100%|HS|  |TAMS 0x0000000081300000, 0x0000000081300000| Complete 
|  20|0x0000000081400000, 0x0000000081500000, 0x0000000081500000|100%|HC|  |TAMS 0x0000000081400000, 0x0000000081400000| Complete 
|  21|0x0000000081500000, 0x0000000081600000, 0x0000000081600000|100%|HC|  |TAMS 0x0000000081500000, 0x0000000081500000| Complete 
|  22|0x0000000081600000, 0x0000000081700000, 0x0000000081700000|100%|HC|  |TAMS 0x0000000081600000, 0x0000000081600000| Complete 
|  23|0x0000000081700000, 0x0000000081700000, 0x0000000081800000|  0%| F|  |TAMS 0x0000000081700000, 0x0000000081700000| Untracked 
|  24|0x0000000081800000, 0x0000000081900000, 0x0000000081900000|100%| O|  |TAMS 0x0000000081800000, 0x0000000081800000| Untracked 
|  25|0x0000000081900000, 0x0000000081a00000, 0x0000000081a00000|100%| O|  |TAMS 0x0000000081900000, 0x0000000081900000| Untracked 
|  26|0x0000000081a00000, 0x0000000081b00000, 0x0000000081b00000|100%| O|  |TAMS 0x0000000081a00000, 0x0000000081a00000| Untracked 
|  27|0x0000000081b00000, 0x0000000081c00000, 0x0000000081c00000|100%| O|  |TAMS 0x0000000081b00000, 0x0000000081b00000| Untracked 
|  28|0x0000000081c00000, 0x0000000081d00000, 0x0000000081d00000|100%| O|  |TAMS 0x0000000081c00000, 0x0000000081c00000| Untracked 
|  29|0x0000000081d00000, 0x0000000081e00000, 0x0000000081e00000|100%| O|  |TAMS 0x0000000081d00000, 0x0000000081d00000| Untracked 
|  30|0x0000000081e00000, 0x0000000081f00000, 0x0000000081f00000|100%| O|  |TAMS 0x0000000081e00000, 0x0000000081e00000| Untracked 
|  31|0x0000000081f00000, 0x0000000082000000, 0x0000000082000000|100%| O|  |TAMS 0x0000000081f00000, 0x0000000081f00000| Untracked 
|  32|0x0000000082000000, 0x0000000082100000, 0x0000000082100000|100%| O|  |TAMS 0x0000000082000000, 0x0000000082000000| Untracked 
|  33|0x0000000082100000, 0x0000000082200000, 0x0000000082200000|100%| O|  |TAMS 0x0000000082100000, 0x0000000082100000| Untracked 
|  34|0x0000000082200000, 0x0000000082300000, 0x0000000082300000|100%| O|  |TAMS 0x0000000082200000, 0x0000000082200000| Untracked 
|  35|0x0000000082300000, 0x0000000082400000, 0x0000000082400000|100%| O|  |TAMS 0x0000000082300000, 0x0000000082300000| Untracked 
|  36|0x0000000082400000, 0x0000000082500000, 0x0000000082500000|100%| O|  |TAMS 0x0000000082400000, 0x0000000082400000| Untracked 
|  37|0x0000000082500000, 0x0000000082600000, 0x0000000082600000|100%|HS|  |TAMS 0x0000000082500000, 0x0000000082500000| Complete 
|  38|0x0000000082600000, 0x0000000082700000, 0x0000000082700000|100%|HC|  |TAMS 0x0000000082600000, 0x0000000082600000| Complete 
|  39|0x0000000082700000, 0x0000000082700000, 0x0000000082800000|  0%| F|  |TAMS 0x0000000082700000, 0x0000000082700000| Untracked 
|  40|0x0000000082800000, 0x0000000082900000, 0x0000000082900000|100%|HS|  |TAMS 0x0000000082800000, 0x0000000082800000| Complete 
|  41|0x0000000082900000, 0x0000000082900000, 0x0000000082a00000|  0%| F|  |TAMS 0x0000000082900000, 0x0000000082900000| Untracked 
|  42|0x0000000082a00000, 0x0000000082b00000, 0x0000000082b00000|100%| O|  |TAMS 0x0000000082a00000, 0x0000000082a00000| Untracked 
|  43|0x0000000082b00000, 0x0000000082b00000, 0x0000000082c00000|  0%| F|  |TAMS 0x0000000082b00000, 0x0000000082b00000| Untracked 
|  44|0x0000000082c00000, 0x0000000082c00000, 0x0000000082d00000|  0%| F|  |TAMS 0x0000000082c00000, 0x0000000082c00000| Untracked 
|  45|0x0000000082d00000, 0x0000000082e00000, 0x0000000082e00000|100%| O|  |TAMS 0x0000000082d00000, 0x0000000082d00000| Untracked 
|  46|0x0000000082e00000, 0x0000000082f00000, 0x0000000082f00000|100%| O|  |TAMS 0x0000000082e00000, 0x0000000082e00000| Untracked 
|  47|0x0000000082f00000, 0x0000000083000000, 0x0000000083000000|100%| O|  |TAMS 0x0000000082f00000, 0x0000000082f00000| Untracked 
|  48|0x0000000083000000, 0x0000000083100000, 0x0000000083100000|100%| O|  |TAMS 0x0000000083000000, 0x0000000083000000| Untracked 
|  49|0x0000000083100000, 0x0000000083200000, 0x0000000083200000|100%| O|  |TAMS 0x0000000083100000, 0x0000000083100000| Untracked 
|  50|0x0000000083200000, 0x0000000083300000, 0x0000000083300000|100%| O|  |TAMS 0x0000000083200000, 0x0000000083200000| Untracked 
|  51|0x0000000083300000, 0x0000000083400000, 0x0000000083400000|100%| O|  |TAMS 0x0000000083300000, 0x0000000083300000| Untracked 
|  52|0x0000000083400000, 0x0000000083500000, 0x0000000083500000|100%| O|  |TAMS 0x0000000083400000, 0x0000000083400000| Untracked 
|  53|0x0000000083500000, 0x000000008352e000, 0x0000000083600000| 17%| O|  |TAMS 0x0000000083500000, 0x0000000083500000| Untracked 
|  54|0x0000000083600000, 0x0000000083600000, 0x0000000083700000|  0%| F|  |TAMS 0x0000000083600000, 0x0000000083600000| Untracked 
|  55|0x0000000083700000, 0x0000000083700000, 0x0000000083800000|  0%| F|  |TAMS 0x0000000083700000, 0x0000000083700000| Untracked 
|  56|0x0000000083800000, 0x0000000083800000, 0x0000000083900000|  0%| F|  |TAMS 0x0000000083800000, 0x0000000083800000| Untracked 
|  57|0x0000000083900000, 0x0000000083900000, 0x0000000083a00000|  0%| F|  |TAMS 0x0000000083900000, 0x0000000083900000| Untracked 
|  58|0x0000000083a00000, 0x0000000083a00000, 0x0000000083b00000|  0%| F|  |TAMS 0x0000000083a00000, 0x0000000083a00000| Untracked 
|  59|0x0000000083b00000, 0x0000000083b00000, 0x0000000083c00000|  0%| F|  |TAMS 0x0000000083b00000, 0x0000000083b00000| Untracked 
|  60|0x0000000083c00000, 0x0000000083c00000, 0x0000000083d00000|  0%| F|  |TAMS 0x0000000083c00000, 0x0000000083c00000| Untracked 
|  61|0x0000000083d00000, 0x0000000083d00000, 0x0000000083e00000|  0%| F|  |TAMS 0x0000000083d00000, 0x0000000083d00000| Untracked 
|  62|0x0000000083e00000, 0x0000000083e00000, 0x0000000083f00000|  0%| F|  |TAMS 0x0000000083e00000, 0x0000000083e00000| Untracked 
|  63|0x0000000083f00000, 0x0000000083f00000, 0x0000000084000000|  0%| F|  |TAMS 0x0000000083f00000, 0x0000000083f00000| Untracked 
|  64|0x0000000084000000, 0x0000000084000000, 0x0000000084100000|  0%| F|  |TAMS 0x0000000084000000, 0x0000000084000000| Untracked 
|  65|0x0000000084100000, 0x0000000084100000, 0x0000000084200000|  0%| F|  |TAMS 0x0000000084100000, 0x0000000084100000| Untracked 
|  66|0x0000000084200000, 0x0000000084200000, 0x0000000084300000|  0%| F|  |TAMS 0x0000000084200000, 0x0000000084200000| Untracked 
|  67|0x0000000084300000, 0x0000000084300000, 0x0000000084400000|  0%| F|  |TAMS 0x0000000084300000, 0x0000000084300000| Untracked 
|  68|0x0000000084400000, 0x0000000084400000, 0x0000000084500000|  0%| F|  |TAMS 0x0000000084400000, 0x0000000084400000| Untracked 
|  69|0x0000000084500000, 0x0000000084500000, 0x0000000084600000|  0%| F|  |TAMS 0x0000000084500000, 0x0000000084500000| Untracked 
|  70|0x0000000084600000, 0x0000000084600000, 0x0000000084700000|  0%| F|  |TAMS 0x0000000084600000, 0x0000000084600000| Untracked 
|  71|0x0000000084700000, 0x0000000084700000, 0x0000000084800000|  0%| F|  |TAMS 0x0000000084700000, 0x0000000084700000| Untracked 
|  72|0x0000000084800000, 0x0000000084800000, 0x0000000084900000|  0%| F|  |TAMS 0x0000000084800000, 0x0000000084800000| Untracked 
|  73|0x0000000084900000, 0x0000000084900000, 0x0000000084a00000|  0%| F|  |TAMS 0x0000000084900000, 0x0000000084900000| Untracked 
|  74|0x0000000084a00000, 0x0000000084a00000, 0x0000000084b00000|  0%| F|  |TAMS 0x0000000084a00000, 0x0000000084a00000| Untracked 
|  75|0x0000000084b00000, 0x0000000084b00000, 0x0000000084c00000|  0%| F|  |TAMS 0x0000000084b00000, 0x0000000084b00000| Untracked 
|  76|0x0000000084c00000, 0x0000000084c00000, 0x0000000084d00000|  0%| F|  |TAMS 0x0000000084c00000, 0x0000000084c00000| Untracked 
|  77|0x0000000084d00000, 0x0000000084d00000, 0x0000000084e00000|  0%| F|  |TAMS 0x0000000084d00000, 0x0000000084d00000| Untracked 
|  78|0x0000000084e00000, 0x0000000084e00000, 0x0000000084f00000|  0%| F|  |TAMS 0x0000000084e00000, 0x0000000084e00000| Untracked 
|  79|0x0000000084f00000, 0x0000000084f00000, 0x0000000085000000|  0%| F|  |TAMS 0x0000000084f00000, 0x0000000084f00000| Untracked 
|  80|0x0000000085000000, 0x0000000085000000, 0x0000000085100000|  0%| F|  |TAMS 0x0000000085000000, 0x0000000085000000| Untracked 
|  81|0x0000000085100000, 0x0000000085100000, 0x0000000085200000|  0%| F|  |TAMS 0x0000000085100000, 0x0000000085100000| Untracked 
|  82|0x0000000085200000, 0x0000000085200000, 0x0000000085300000|  0%| F|  |TAMS 0x0000000085200000, 0x0000000085200000| Untracked 
|  83|0x0000000085300000, 0x0000000085300000, 0x0000000085400000|  0%| F|  |TAMS 0x0000000085300000, 0x0000000085300000| Untracked 
|  84|0x0000000085400000, 0x00000000854fb4a0, 0x0000000085500000| 98%| S|CS|TAMS 0x0000000085400000, 0x0000000085400000| Complete 
|  85|0x0000000085500000, 0x0000000085600000, 0x0000000085600000|100%| S|CS|TAMS 0x0000000085500000, 0x0000000085500000| Complete 
|  86|0x0000000085600000, 0x0000000085700000, 0x0000000085700000|100%| S|CS|TAMS 0x0000000085600000, 0x0000000085600000| Complete 
|  87|0x0000000085700000, 0x0000000085800000, 0x0000000085800000|100%| S|CS|TAMS 0x0000000085700000, 0x0000000085700000| Complete 
|  88|0x0000000085800000, 0x0000000085900000, 0x0000000085900000|100%| S|CS|TAMS 0x0000000085800000, 0x0000000085800000| Complete 
|  89|0x0000000085900000, 0x0000000085a00000, 0x0000000085a00000|100%| S|CS|TAMS 0x0000000085900000, 0x0000000085900000| Complete 
|  90|0x0000000085a00000, 0x0000000085b00000, 0x0000000085b00000|100%| S|CS|TAMS 0x0000000085a00000, 0x0000000085a00000| Complete 
|  91|0x0000000085b00000, 0x0000000085c00000, 0x0000000085c00000|100%| S|CS|TAMS 0x0000000085b00000, 0x0000000085b00000| Complete 
|  92|0x0000000085c00000, 0x0000000085d00000, 0x0000000085d00000|100%| S|CS|TAMS 0x0000000085c00000, 0x0000000085c00000| Complete 
|  93|0x0000000085d00000, 0x0000000085e00000, 0x0000000085e00000|100%| S|CS|TAMS 0x0000000085d00000, 0x0000000085d00000| Complete 
|  94|0x0000000085e00000, 0x0000000085f00000, 0x0000000085f00000|100%| S|CS|TAMS 0x0000000085e00000, 0x0000000085e00000| Complete 
|  95|0x0000000085f00000, 0x0000000086000000, 0x0000000086000000|100%| S|CS|TAMS 0x0000000085f00000, 0x0000000085f00000| Complete 
|  96|0x0000000086000000, 0x0000000086100000, 0x0000000086100000|100%| S|CS|TAMS 0x0000000086000000, 0x0000000086000000| Complete 
|  97|0x0000000086100000, 0x0000000086200000, 0x0000000086200000|100%| S|CS|TAMS 0x0000000086100000, 0x0000000086100000| Complete 
|  98|0x0000000086200000, 0x0000000086200000, 0x0000000086300000|  0%| F|  |TAMS 0x0000000086200000, 0x0000000086200000| Untracked 
|  99|0x0000000086300000, 0x0000000086300000, 0x0000000086400000|  0%| F|  |TAMS 0x0000000086300000, 0x0000000086300000| Untracked 
| 100|0x0000000086400000, 0x0000000086400000, 0x0000000086500000|  0%| F|  |TAMS 0x0000000086400000, 0x0000000086400000| Untracked 
| 101|0x0000000086500000, 0x0000000086500000, 0x0000000086600000|  0%| F|  |TAMS 0x0000000086500000, 0x0000000086500000| Untracked 
| 102|0x0000000086600000, 0x0000000086600000, 0x0000000086700000|  0%| F|  |TAMS 0x0000000086600000, 0x0000000086600000| Untracked 
| 103|0x0000000086700000, 0x0000000086700000, 0x0000000086800000|  0%| F|  |TAMS 0x0000000086700000, 0x0000000086700000| Untracked 
| 104|0x0000000086800000, 0x0000000086800000, 0x0000000086900000|  0%| F|  |TAMS 0x0000000086800000, 0x0000000086800000| Untracked 
| 105|0x0000000086900000, 0x0000000086900000, 0x0000000086a00000|  0%| F|  |TAMS 0x0000000086900000, 0x0000000086900000| Untracked 
| 106|0x0000000086a00000, 0x0000000086a00000, 0x0000000086b00000|  0%| F|  |TAMS 0x0000000086a00000, 0x0000000086a00000| Untracked 
| 107|0x0000000086b00000, 0x0000000086b00000, 0x0000000086c00000|  0%| F|  |TAMS 0x0000000086b00000, 0x0000000086b00000| Untracked 
| 108|0x0000000086c00000, 0x0000000086c00000, 0x0000000086d00000|  0%| F|  |TAMS 0x0000000086c00000, 0x0000000086c00000| Untracked 
| 109|0x0000000086d00000, 0x0000000086d00000, 0x0000000086e00000|  0%| F|  |TAMS 0x0000000086d00000, 0x0000000086d00000| Untracked 
| 110|0x0000000086e00000, 0x0000000086e00000, 0x0000000086f00000|  0%| F|  |TAMS 0x0000000086e00000, 0x0000000086e00000| Untracked 
| 111|0x0000000086f00000, 0x0000000086f00000, 0x0000000087000000|  0%| F|  |TAMS 0x0000000086f00000, 0x0000000086f00000| Untracked 
| 112|0x0000000087000000, 0x0000000087000000, 0x0000000087100000|  0%| F|  |TAMS 0x0000000087000000, 0x0000000087000000| Untracked 
| 113|0x0000000087100000, 0x0000000087100000, 0x0000000087200000|  0%| F|  |TAMS 0x0000000087100000, 0x0000000087100000| Untracked 
| 114|0x0000000087200000, 0x0000000087200000, 0x0000000087300000|  0%| F|  |TAMS 0x0000000087200000, 0x0000000087200000| Untracked 
| 115|0x0000000087300000, 0x0000000087300000, 0x0000000087400000|  0%| F|  |TAMS 0x0000000087300000, 0x0000000087300000| Untracked 
| 116|0x0000000087400000, 0x0000000087400000, 0x0000000087500000|  0%| F|  |TAMS 0x0000000087400000, 0x0000000087400000| Untracked 
| 117|0x0000000087500000, 0x0000000087500000, 0x0000000087600000|  0%| F|  |TAMS 0x0000000087500000, 0x0000000087500000| Untracked 
| 118|0x0000000087600000, 0x0000000087600000, 0x0000000087700000|  0%| F|  |TAMS 0x0000000087600000, 0x0000000087600000| Untracked 
| 119|0x0000000087700000, 0x0000000087700000, 0x0000000087800000|  0%| F|  |TAMS 0x0000000087700000, 0x0000000087700000| Untracked 
| 120|0x0000000087800000, 0x0000000087800000, 0x0000000087900000|  0%| F|  |TAMS 0x0000000087800000, 0x0000000087800000| Untracked 
| 121|0x0000000087900000, 0x0000000087900000, 0x0000000087a00000|  0%| F|  |TAMS 0x0000000087900000, 0x0000000087900000| Untracked 
| 122|0x0000000087a00000, 0x0000000087a00000, 0x0000000087b00000|  0%| F|  |TAMS 0x0000000087a00000, 0x0000000087a00000| Untracked 
| 123|0x0000000087b00000, 0x0000000087b00000, 0x0000000087c00000|  0%| F|  |TAMS 0x0000000087b00000, 0x0000000087b00000| Untracked 
| 124|0x0000000087c00000, 0x0000000087c00000, 0x0000000087d00000|  0%| F|  |TAMS 0x0000000087c00000, 0x0000000087c00000| Untracked 
| 125|0x0000000087d00000, 0x0000000087d00000, 0x0000000087e00000|  0%| F|  |TAMS 0x0000000087d00000, 0x0000000087d00000| Untracked 
| 126|0x0000000087e00000, 0x0000000087e00000, 0x0000000087f00000|  0%| F|  |TAMS 0x0000000087e00000, 0x0000000087e00000| Untracked 
| 127|0x0000000087f00000, 0x0000000087f00000, 0x0000000088000000|  0%| F|  |TAMS 0x0000000087f00000, 0x0000000087f00000| Untracked 
| 128|0x0000000088000000, 0x0000000088000000, 0x0000000088100000|  0%| F|  |TAMS 0x0000000088000000, 0x0000000088000000| Untracked 
| 129|0x0000000088100000, 0x0000000088100000, 0x0000000088200000|  0%| F|  |TAMS 0x0000000088100000, 0x0000000088100000| Untracked 
| 130|0x0000000088200000, 0x0000000088200000, 0x0000000088300000|  0%| F|  |TAMS 0x0000000088200000, 0x0000000088200000| Untracked 
| 131|0x0000000088300000, 0x0000000088300000, 0x0000000088400000|  0%| F|  |TAMS 0x0000000088300000, 0x0000000088300000| Untracked 
| 132|0x0000000088400000, 0x0000000088400000, 0x0000000088500000|  0%| F|  |TAMS 0x0000000088400000, 0x0000000088400000| Untracked 
| 133|0x0000000088500000, 0x0000000088500000, 0x0000000088600000|  0%| F|  |TAMS 0x0000000088500000, 0x0000000088500000| Untracked 
| 134|0x0000000088600000, 0x0000000088600000, 0x0000000088700000|  0%| F|  |TAMS 0x0000000088600000, 0x0000000088600000| Untracked 
| 135|0x0000000088700000, 0x0000000088700000, 0x0000000088800000|  0%| F|  |TAMS 0x0000000088700000, 0x0000000088700000| Untracked 
| 136|0x0000000088800000, 0x0000000088800000, 0x0000000088900000|  0%| F|  |TAMS 0x0000000088800000, 0x0000000088800000| Untracked 
| 137|0x0000000088900000, 0x0000000088900000, 0x0000000088a00000|  0%| F|  |TAMS 0x0000000088900000, 0x0000000088900000| Untracked 
| 138|0x0000000088a00000, 0x0000000088a00000, 0x0000000088b00000|  0%| F|  |TAMS 0x0000000088a00000, 0x0000000088a00000| Untracked 
| 139|0x0000000088b00000, 0x0000000088b00000, 0x0000000088c00000|  0%| F|  |TAMS 0x0000000088b00000, 0x0000000088b00000| Untracked 
| 140|0x0000000088c00000, 0x0000000088c00000, 0x0000000088d00000|  0%| F|  |TAMS 0x0000000088c00000, 0x0000000088c00000| Untracked 
| 141|0x0000000088d00000, 0x0000000088d00000, 0x0000000088e00000|  0%| F|  |TAMS 0x0000000088d00000, 0x0000000088d00000| Untracked 
| 142|0x0000000088e00000, 0x0000000088e00000, 0x0000000088f00000|  0%| F|  |TAMS 0x0000000088e00000, 0x0000000088e00000| Untracked 
| 143|0x0000000088f00000, 0x0000000088f00000, 0x0000000089000000|  0%| F|  |TAMS 0x0000000088f00000, 0x0000000088f00000| Untracked 
| 144|0x0000000089000000, 0x0000000089000000, 0x0000000089100000|  0%| F|  |TAMS 0x0000000089000000, 0x0000000089000000| Untracked 
| 145|0x0000000089100000, 0x0000000089100000, 0x0000000089200000|  0%| F|  |TAMS 0x0000000089100000, 0x0000000089100000| Untracked 
| 146|0x0000000089200000, 0x0000000089200000, 0x0000000089300000|  0%| F|  |TAMS 0x0000000089200000, 0x0000000089200000| Untracked 
| 147|0x0000000089300000, 0x0000000089300000, 0x0000000089400000|  0%| F|  |TAMS 0x0000000089300000, 0x0000000089300000| Untracked 
| 148|0x0000000089400000, 0x0000000089400000, 0x0000000089500000|  0%| F|  |TAMS 0x0000000089400000, 0x0000000089400000| Untracked 
| 149|0x0000000089500000, 0x0000000089500000, 0x0000000089600000|  0%| F|  |TAMS 0x0000000089500000, 0x0000000089500000| Untracked 
| 150|0x0000000089600000, 0x0000000089600000, 0x0000000089700000|  0%| F|  |TAMS 0x0000000089600000, 0x0000000089600000| Untracked 
| 151|0x0000000089700000, 0x0000000089700000, 0x0000000089800000|  0%| F|  |TAMS 0x0000000089700000, 0x0000000089700000| Untracked 
| 152|0x0000000089800000, 0x0000000089800000, 0x0000000089900000|  0%| F|  |TAMS 0x0000000089800000, 0x0000000089800000| Untracked 
| 153|0x0000000089900000, 0x0000000089900000, 0x0000000089a00000|  0%| F|  |TAMS 0x0000000089900000, 0x0000000089900000| Untracked 
| 154|0x0000000089a00000, 0x0000000089a00000, 0x0000000089b00000|  0%| F|  |TAMS 0x0000000089a00000, 0x0000000089a00000| Untracked 
| 155|0x0000000089b00000, 0x0000000089b00000, 0x0000000089c00000|  0%| F|  |TAMS 0x0000000089b00000, 0x0000000089b00000| Untracked 
| 156|0x0000000089c00000, 0x0000000089c00000, 0x0000000089d00000|  0%| F|  |TAMS 0x0000000089c00000, 0x0000000089c00000| Untracked 
| 157|0x0000000089d00000, 0x0000000089d00000, 0x0000000089e00000|  0%| F|  |TAMS 0x0000000089d00000, 0x0000000089d00000| Untracked 
| 158|0x0000000089e00000, 0x0000000089e92f08, 0x0000000089f00000| 57%| E|  |TAMS 0x0000000089e00000, 0x0000000089e00000| Complete 
| 159|0x0000000089f00000, 0x000000008a000000, 0x000000008a000000|100%| E|CS|TAMS 0x0000000089f00000, 0x0000000089f00000| Complete 
| 160|0x000000008a000000, 0x000000008a100000, 0x000000008a100000|100%| E|CS|TAMS 0x000000008a000000, 0x000000008a000000| Complete 
| 161|0x000000008a100000, 0x000000008a200000, 0x000000008a200000|100%| E|CS|TAMS 0x000000008a100000, 0x000000008a100000| Complete 
| 162|0x000000008a200000, 0x000000008a300000, 0x000000008a300000|100%| E|CS|TAMS 0x000000008a200000, 0x000000008a200000| Complete 
| 163|0x000000008a300000, 0x000000008a400000, 0x000000008a400000|100%| E|CS|TAMS 0x000000008a300000, 0x000000008a300000| Complete 
| 164|0x000000008a400000, 0x000000008a500000, 0x000000008a500000|100%| E|CS|TAMS 0x000000008a400000, 0x000000008a400000| Complete 
| 165|0x000000008a500000, 0x000000008a600000, 0x000000008a600000|100%| E|CS|TAMS 0x000000008a500000, 0x000000008a500000| Complete 
| 166|0x000000008a600000, 0x000000008a700000, 0x000000008a700000|100%| E|CS|TAMS 0x000000008a600000, 0x000000008a600000| Complete 
| 167|0x000000008a700000, 0x000000008a800000, 0x000000008a800000|100%| E|CS|TAMS 0x000000008a700000, 0x000000008a700000| Complete 
| 168|0x000000008a800000, 0x000000008a900000, 0x000000008a900000|100%| E|CS|TAMS 0x000000008a800000, 0x000000008a800000| Complete 
| 169|0x000000008a900000, 0x000000008aa00000, 0x000000008aa00000|100%| E|CS|TAMS 0x000000008a900000, 0x000000008a900000| Complete 
| 170|0x000000008aa00000, 0x000000008ab00000, 0x000000008ab00000|100%| E|CS|TAMS 0x000000008aa00000, 0x000000008aa00000| Complete 
| 171|0x000000008ab00000, 0x000000008ac00000, 0x000000008ac00000|100%| E|CS|TAMS 0x000000008ab00000, 0x000000008ab00000| Complete 
| 172|0x000000008ac00000, 0x000000008ad00000, 0x000000008ad00000|100%| E|CS|TAMS 0x000000008ac00000, 0x000000008ac00000| Complete 
| 173|0x000000008ad00000, 0x000000008ae00000, 0x000000008ae00000|100%| E|CS|TAMS 0x000000008ad00000, 0x000000008ad00000| Complete 
| 174|0x000000008ae00000, 0x000000008af00000, 0x000000008af00000|100%| E|CS|TAMS 0x000000008ae00000, 0x000000008ae00000| Complete 
| 175|0x000000008af00000, 0x000000008b000000, 0x000000008b000000|100%| E|CS|TAMS 0x000000008af00000, 0x000000008af00000| Complete 
| 176|0x000000008b000000, 0x000000008b100000, 0x000000008b100000|100%| E|CS|TAMS 0x000000008b000000, 0x000000008b000000| Complete 
| 177|0x000000008b100000, 0x000000008b200000, 0x000000008b200000|100%| E|CS|TAMS 0x000000008b100000, 0x000000008b100000| Complete 
| 178|0x000000008b200000, 0x000000008b300000, 0x000000008b300000|100%| E|CS|TAMS 0x000000008b200000, 0x000000008b200000| Complete 
| 179|0x000000008b300000, 0x000000008b400000, 0x000000008b400000|100%| E|CS|TAMS 0x000000008b300000, 0x000000008b300000| Complete 
| 180|0x000000008b400000, 0x000000008b500000, 0x000000008b500000|100%| E|CS|TAMS 0x000000008b400000, 0x000000008b400000| Complete 
| 181|0x000000008b500000, 0x000000008b600000, 0x000000008b600000|100%| E|CS|TAMS 0x000000008b500000, 0x000000008b500000| Complete 
| 182|0x000000008b600000, 0x000000008b700000, 0x000000008b700000|100%| E|CS|TAMS 0x000000008b600000, 0x000000008b600000| Complete 
| 183|0x000000008b700000, 0x000000008b800000, 0x000000008b800000|100%| E|CS|TAMS 0x000000008b700000, 0x000000008b700000| Complete 
| 184|0x000000008b800000, 0x000000008b900000, 0x000000008b900000|100%| E|CS|TAMS 0x000000008b800000, 0x000000008b800000| Complete 
| 185|0x000000008b900000, 0x000000008ba00000, 0x000000008ba00000|100%| E|CS|TAMS 0x000000008b900000, 0x000000008b900000| Complete 
| 186|0x000000008ba00000, 0x000000008bb00000, 0x000000008bb00000|100%| E|CS|TAMS 0x000000008ba00000, 0x000000008ba00000| Complete 
| 187|0x000000008bb00000, 0x000000008bc00000, 0x000000008bc00000|100%| E|CS|TAMS 0x000000008bb00000, 0x000000008bb00000| Complete 
| 188|0x000000008bc00000, 0x000000008bd00000, 0x000000008bd00000|100%| E|CS|TAMS 0x000000008bc00000, 0x000000008bc00000| Complete 
| 189|0x000000008bd00000, 0x000000008be00000, 0x000000008be00000|100%| E|CS|TAMS 0x000000008bd00000, 0x000000008bd00000| Complete 
| 190|0x000000008be00000, 0x000000008bf00000, 0x000000008bf00000|100%| E|CS|TAMS 0x000000008be00000, 0x000000008be00000| Complete 
| 191|0x000000008bf00000, 0x000000008c000000, 0x000000008c000000|100%| E|CS|TAMS 0x000000008bf00000, 0x000000008bf00000| Complete 

Card table byte_map: [0x0000021474710000,0x0000021474b10000] _byte_map_base: 0x0000021474310000

Marking Bits (Prev, Next): (CMBitMap*) 0x0000021470210c30, (CMBitMap*) 0x0000021470210bf8
 Prev Bits: [0x0000021476f10000, 0x0000021478f10000)
 Next Bits: [0x0000021474f10000, 0x0000021476f10000)

Polling page: 0x000002146e880000

Metaspace:

Usage:
  Non-class:     62.15 MB capacity,    61.23 MB ( 99%) used,   768.57 KB (  1%) free+waste,   176.25 KB ( <1%) overhead. 
      Class:      9.31 MB capacity,     8.74 MB ( 94%) used,   505.30 KB (  5%) free+waste,    80.63 KB ( <1%) overhead. 
       Both:     71.46 MB capacity,    69.97 MB ( 98%) used,     1.24 MB (  2%) free+waste,   256.88 KB ( <1%) overhead. 

Virtual space:
  Non-class space:       64.00 MB reserved,      62.17 MB ( 97%) committed 
      Class space:        1.00 GB reserved,       9.40 MB ( <1%) committed 
             Both:        1.06 GB reserved,      71.57 MB (  7%) committed 

Chunk freelists:
   Non-Class:  22.00 KB
       Class:  30.00 KB
        Both:  52.00 KB

MaxMetaspaceSize: 17179869184.00 GB
CompressedClassSpaceSize: 1.00 GB
Initial GC threshold: 20.80 MB
Current GC threshold: 77.62 MB
CDS: off

CodeHeap 'non-profiled nmethods': size=120064Kb used=4620Kb max_used=4620Kb free=115443Kb
 bounds [0x0000021407ac0000, 0x0000021407f50000, 0x000002140f000000]
CodeHeap 'profiled nmethods': size=120000Kb used=15759Kb max_used=15759Kb free=104241Kb
 bounds [0x0000021400590000, 0x0000021401500000, 0x0000021407ac0000]
CodeHeap 'non-nmethods': size=5696Kb used=2346Kb max_used=2387Kb free=3349Kb
 bounds [0x0000021400000000, 0x0000021400270000, 0x0000021400590000]
 total_blobs=8182 nmethods=7319 adapters=775
 compilation: enabled
              stopped_count=0, restarted_count=0
 full_count=0

Compilation events (20 events):
Event: 88.998 Thread 0x000002147bea2800 7318       3       org.apache.commons.io.FilenameUtils::doNormalize (534 bytes)
Event: 89.000 Thread 0x000002147bea2800 nmethod 7318 0x00000214014ea490 code [0x00000214014ea800, 0x00000214014ec008]
Event: 89.011 Thread 0x000002147bea2800 7319       1       org.codehaus.groovy.runtime.callsite.AbstractCallSite::getArray (5 bytes)
Event: 89.012 Thread 0x000002147bea2800 nmethod 7319 0x0000021407f42890 code [0x0000021407f42a40, 0x0000021407f42af8]
Event: 89.023 Thread 0x000002147bea2800 7320       3       java.util.stream.Nodes$SpinedNodeBuilder::asArray (29 bytes)
Event: 89.023 Thread 0x000002147bea2800 nmethod 7320 0x00000214014ec890 code [0x00000214014eca40, 0x00000214014ecb88]
Event: 89.023 Thread 0x000002147bea2800 7321       3       java.util.stream.Nodes$SpinedNodeBuilder::copyInto (30 bytes)
Event: 89.024 Thread 0x000002147bea2800 nmethod 7321 0x00000214014ecc10 code [0x00000214014ecdc0, 0x00000214014ecf08]
Event: 89.024 Thread 0x000002147bea2800 7322       1       org.codehaus.groovy.runtime.callsite.AbstractCallSite::getName (5 bytes)
Event: 89.024 Thread 0x000002147bea2800 nmethod 7322 0x0000021407f42b90 code [0x0000021407f42d40, 0x0000021407f42df8]
Event: 89.026 Thread 0x000002147bea2800 7323       1       groovy.lang.GroovyObjectSupport::getMetaClass (5 bytes)
Event: 89.027 Thread 0x000002147bea2800 nmethod 7323 0x0000021407f42e90 code [0x0000021407f43040, 0x0000021407f430f8]
Event: 89.027 Thread 0x000002147bea2800 7324       3       groovy.lang.GroovySystem::getMetaClassRegistry (4 bytes)
Event: 89.027 Thread 0x000002147bea2800 nmethod 7324 0x00000214014ecf90 code [0x00000214014ed140, 0x00000214014ed238]
Event: 89.188 Thread 0x000002147bea2800 7325       3       com.sun.beans.util.Cache$Kind$Soft::isStale (14 bytes)
Event: 89.188 Thread 0x000002147bea2800 nmethod 7325 0x00000214014ed310 code [0x00000214014ed4e0, 0x00000214014ed7d8]
Event: 89.188 Thread 0x000002147bea2800 7326   !   3       com.sun.beans.introspect.ClassInfo::getMethods (47 bytes)
Event: 89.189 Thread 0x000002147bea2800 nmethod 7326 0x00000214014ed890 code [0x00000214014eda60, 0x00000214014ede28]
Event: 89.190 Thread 0x000002147bea2800 7327       3       org.apache.groovy.util.BeanUtils::decapitalize (68 bytes)
Event: 89.192 Thread 0x000002147bea2800 nmethod 7327 0x00000214014edf90 code [0x00000214014ee380, 0x00000214014efe68]

GC Heap History (20 events):
Event: 0.999 GC heap before
{Heap before GC invocations=1 (full 0):
 garbage-first heap   total 163840K, used 18613K [0x0000000080000000, 0x0000000100000000)
  region size 1024K, 13 young (13312K), 2 survivors (2048K)
 Metaspace       used 9877K, capacity 10122K, committed 10368K, reserved 1058816K
  class space    used 1011K, capacity 1102K, committed 1152K, reserved 1048576K
}
Event: 1.003 GC heap after
{Heap after GC invocations=2 (full 0):
 garbage-first heap   total 163840K, used 9276K [0x0000000080000000, 0x0000000100000000)
  region size 1024K, 2 young (2048K), 2 survivors (2048K)
 Metaspace       used 9877K, capacity 10122K, committed 10368K, reserved 1058816K
  class space    used 1011K, capacity 1102K, committed 1152K, reserved 1048576K
}
Event: 1.468 GC heap before
{Heap before GC invocations=2 (full 0):
 garbage-first heap   total 163840K, used 35900K [0x0000000080000000, 0x0000000100000000)
  region size 1024K, 28 young (28672K), 2 survivors (2048K)
 Metaspace       used 10856K, capacity 11077K, committed 11264K, reserved 1058816K
  class space    used 1112K, capacity 1207K, committed 1280K, reserved 1048576K
}
Event: 1.471 GC heap after
{Heap after GC invocations=3 (full 0):
 garbage-first heap   total 163840K, used 10085K [0x0000000080000000, 0x0000000100000000)
  region size 1024K, 3 young (3072K), 3 survivors (3072K)
 Metaspace       used 10856K, capacity 11077K, committed 11264K, reserved 1058816K
  class space    used 1112K, capacity 1207K, committed 1280K, reserved 1048576K
}
Event: 2.973 GC heap before
{Heap before GC invocations=3 (full 0):
 garbage-first heap   total 163840K, used 50021K [0x0000000080000000, 0x0000000100000000)
  region size 1024K, 42 young (43008K), 3 survivors (3072K)
 Metaspace       used 16735K, capacity 17072K, committed 17152K, reserved 1064960K
  class space    used 1908K, capacity 2034K, committed 2048K, reserved 1048576K
}
Event: 2.982 GC heap after
{Heap after GC invocations=4 (full 0):
 garbage-first heap   total 163840K, used 15454K [0x0000000080000000, 0x0000000100000000)
  region size 1024K, 6 young (6144K), 6 survivors (6144K)
 Metaspace       used 16735K, capacity 17072K, committed 17152K, reserved 1064960K
  class space    used 1908K, capacity 2034K, committed 2048K, reserved 1048576K
}
Event: 3.451 GC heap before
{Heap before GC invocations=4 (full 0):
 garbage-first heap   total 163840K, used 52318K [0x0000000080000000, 0x0000000100000000)
  region size 1024K, 43 young (44032K), 6 survivors (6144K)
 Metaspace       used 20894K, capacity 21241K, committed 21296K, reserved 1069056K
  class space    used 2536K, capacity 2680K, committed 2688K, reserved 1048576K
}
Event: 3.460 GC heap after
{Heap after GC invocations=5 (full 0):
 garbage-first heap   total 163840K, used 17166K [0x0000000080000000, 0x0000000100000000)
  region size 1024K, 2 young (2048K), 2 survivors (2048K)
 Metaspace       used 20894K, capacity 21241K, committed 21296K, reserved 1069056K
  class space    used 2536K, capacity 2680K, committed 2688K, reserved 1048576K
}
Event: 41.262 GC heap before
{Heap before GC invocations=6 (full 0):
 garbage-first heap   total 163840K, used 78606K [0x0000000080000000, 0x0000000100000000)
  region size 1024K, 61 young (62464K), 2 survivors (2048K)
 Metaspace       used 27630K, capacity 28192K, committed 28412K, reserved 1075200K
  class space    used 3423K, capacity 3638K, committed 3660K, reserved 1048576K
}
Event: 41.277 GC heap after
{Heap after GC invocations=7 (full 0):
 garbage-first heap   total 196608K, used 18962K [0x0000000080000000, 0x0000000100000000)
  region size 1024K, 4 young (4096K), 4 survivors (4096K)
 Metaspace       used 27630K, capacity 28192K, committed 28412K, reserved 1075200K
  class space    used 3423K, capacity 3638K, committed 3660K, reserved 1048576K
}
Event: 63.436 GC heap before
{Heap before GC invocations=8 (full 0):
 garbage-first heap   total 196608K, used 111122K [0x0000000080000000, 0x0000000100000000)
  region size 1024K, 94 young (96256K), 4 survivors (4096K)
 Metaspace       used 34423K, capacity 35138K, committed 35452K, reserved 1079296K
  class space    used 4457K, capacity 4743K, committed 4812K, reserved 1048576K
}
Event: 63.448 GC heap after
{Heap after GC invocations=9 (full 0):
 garbage-first heap   total 196608K, used 20687K [0x0000000080000000, 0x0000000100000000)
  region size 1024K, 5 young (5120K), 5 survivors (5120K)
 Metaspace       used 34423K, capacity 35138K, committed 35452K, reserved 1079296K
  class space    used 4457K, capacity 4743K, committed 4812K, reserved 1048576K
}
Event: 72.793 GC heap before
{Heap before GC invocations=9 (full 0):
 garbage-first heap   total 196608K, used 134351K [0x0000000080000000, 0x0000000100000000)
  region size 1024K, 115 young (117760K), 5 survivors (5120K)
 Metaspace       used 46283K, capacity 47295K, committed 47356K, reserved 1091584K
  class space    used 5794K, capacity 6184K, committed 6220K, reserved 1048576K
}
Event: 72.819 GC heap after
{Heap after GC invocations=10 (full 0):
 garbage-first heap   total 196608K, used 29571K [0x0000000080000000, 0x0000000100000000)
  region size 1024K, 14 young (14336K), 14 survivors (14336K)
 Metaspace       used 46283K, capacity 47295K, committed 47356K, reserved 1091584K
  class space    used 5794K, capacity 6184K, committed 6220K, reserved 1048576K
}
Event: 78.938 GC heap before
{Heap before GC invocations=11 (full 0):
 garbage-first heap   total 196608K, used 140163K [0x0000000080000000, 0x0000000100000000)
  region size 1024K, 115 young (117760K), 14 survivors (14336K)
 Metaspace       used 51825K, capacity 53097K, committed 53320K, reserved 1095680K
  class space    used 6523K, capacity 7022K, committed 7064K, reserved 1048576K
}
Event: 78.970 GC heap after
{Heap after GC invocations=12 (full 0):
 garbage-first heap   total 196608K, used 45709K [0x0000000080000000, 0x0000000100000000)
  region size 1024K, 9 young (9216K), 9 survivors (9216K)
 Metaspace       used 51825K, capacity 53097K, committed 53320K, reserved 1095680K
  class space    used 6523K, capacity 7022K, committed 7064K, reserved 1048576K
}
Event: 83.366 GC heap before
{Heap before GC invocations=12 (full 0):
 garbage-first heap   total 196608K, used 157325K [0x0000000080000000, 0x0000000100000000)
  region size 1024K, 111 young (113664K), 9 survivors (9216K)
 Metaspace       used 64523K, capacity 65991K, committed 66248K, reserved 1107968K
  class space    used 8059K, capacity 8649K, committed 8728K, reserved 1048576K
}
Event: 83.382 GC heap after
{Heap after GC invocations=13 (full 0):
 garbage-first heap   total 196608K, used 58267K [0x0000000080000000, 0x0000000100000000)
  region size 1024K, 14 young (14336K), 14 survivors (14336K)
 Metaspace       used 64523K, capacity 65991K, committed 66248K, reserved 1107968K
  class space    used 8059K, capacity 8649K, committed 8728K, reserved 1048576K
}
Event: 87.743 GC heap before
{Heap before GC invocations=13 (full 0):
 garbage-first heap   total 196608K, used 156571K [0x0000000080000000, 0x0000000100000000)
  region size 1024K, 108 young (110592K), 14 survivors (14336K)
 Metaspace       used 71405K, capacity 72889K, committed 73032K, reserved 1112064K
  class space    used 8938K, capacity 9504K, committed 9624K, reserved 1048576K
}
Event: 87.772 GC heap after
{Heap after GC invocations=14 (full 0):
 garbage-first heap   total 196608K, used 63653K [0x0000000080000000, 0x0000000100000000)
  region size 1024K, 14 young (14336K), 14 survivors (14336K)
 Metaspace       used 71405K, capacity 72889K, committed 73032K, reserved 1112064K
  class space    used 8938K, capacity 9504K, committed 9624K, reserved 1048576K
}

Deoptimization events (20 events):
Event: 86.102 Thread 0x000002147d227000 Uncommon trap: trap_request=0xffffffde fr.pc=0x0000021407edb5c8 relative=0x0000000000002ca8
Event: 86.102 Thread 0x000002147d227000 Uncommon trap: reason=class_check action=maybe_recompile pc=0x0000021407edb5c8 method=java.util.TreeMap.put(Ljava/lang/Object;Ljava/lang/Object;)Ljava/lang/Object; @ 127 c2
Event: 86.102 Thread 0x000002147d227000 DEOPT PACKING pc=0x0000021407edb5c8 sp=0x00000050258f7e80
Event: 86.102 Thread 0x000002147d227000 DEOPT UNPACKING pc=0x000002140004a1af sp=0x00000050258f7e48 mode 2
Event: 86.666 Thread 0x000002147d227000 Uncommon trap: trap_request=0xffffff4d fr.pc=0x0000021407bfa9c4 relative=0x0000000000005164
Event: 86.666 Thread 0x000002147d227000 Uncommon trap: reason=unstable_if action=reinterpret pc=0x0000021407bfa9c4 method=sun.net.www.protocol.jar.Handler.parseURL(Ljava/net/URL;Ljava/lang/String;II)V @ 116 c2
Event: 86.666 Thread 0x000002147d227000 DEOPT PACKING pc=0x0000021407bfa9c4 sp=0x00000050258f7f10
Event: 86.666 Thread 0x000002147d227000 DEOPT UNPACKING pc=0x000002140004a1af sp=0x00000050258f7e08 mode 2
Event: 87.682 Thread 0x000002147d227000 Uncommon trap: trap_request=0xffffff4d fr.pc=0x0000021407c9fe6c relative=0x000000000000032c
Event: 87.682 Thread 0x000002147d227000 Uncommon trap: reason=unstable_if action=reinterpret pc=0x0000021407c9fe6c method=java.util.StringJoiner.add(Ljava/lang/CharSequence;)Ljava/util/StringJoiner; @ 33 c2
Event: 87.682 Thread 0x000002147d227000 DEOPT PACKING pc=0x0000021407c9fe6c sp=0x00000050258f58f0
Event: 87.682 Thread 0x000002147d227000 DEOPT UNPACKING pc=0x000002140004a1af sp=0x00000050258f58a0 mode 2
Event: 88.121 Thread 0x000002147d227000 Uncommon trap: trap_request=0xfffffff4 fr.pc=0x0000021407f27e88 relative=0x0000000000003168
Event: 88.121 Thread 0x000002147d227000 Uncommon trap: reason=null_check action=make_not_entrant pc=0x0000021407f27e88 method=java.lang.PublicMethods$MethodList.getMostSpecific()Ljava/lang/reflect/Method; @ 41 c2
Event: 88.121 Thread 0x000002147d227000 DEOPT PACKING pc=0x0000021407f27e88 sp=0x00000050258f4480
Event: 88.121 Thread 0x000002147d227000 DEOPT UNPACKING pc=0x000002140004a1af sp=0x00000050258f4380 mode 2
Event: 88.811 Thread 0x000002147d227000 Uncommon trap: trap_request=0xfffffff4 fr.pc=0x0000021407f2f9a4 relative=0x0000000000000984
Event: 88.811 Thread 0x000002147d227000 Uncommon trap: reason=null_check action=make_not_entrant pc=0x0000021407f2f9a4 method=com.sun.beans.introspect.MethodInfo$MethodOrder.compare(Ljava/lang/reflect/Method;Ljava/lang/reflect/Method;)I @ 133 c2
Event: 88.811 Thread 0x000002147d227000 DEOPT PACKING pc=0x0000021407f2f9a4 sp=0x00000050258f24d0
Event: 88.811 Thread 0x000002147d227000 DEOPT UNPACKING pc=0x000002140004a1af sp=0x00000050258f2470 mode 2

Classes redefined (0 events):
No events

Internal exceptions (20 events):
Event: 88.981 Thread 0x000002147d227000 Exception <a 'java/lang/ClassNotFoundException'{0x000000008a43b828}: build_1zk7uqyb6502yu2lq724abii9$_run_closure1$_closure4BeanInfo> (0x000000008a43b828) thrown at [./src/hotspot/share/classfile/systemDictionary.cpp, line 231]
Event: 88.982 Thread 0x000002147d227000 Exception <a 'java/lang/ClassNotFoundException'{0x000000008a44f000}: build_1zk7uqyb6502yu2lq724abii9$_run_closure1$_closure4Customizer> (0x000000008a44f000) thrown at [./src/hotspot/share/classfile/systemDictionary.cpp, line 231]
Event: 88.985 Thread 0x000002147d227000 Exception <a 'java/lang/ClassNotFoundException'{0x000000008a47b748}: build_1zk7uqyb6502yu2lq724abii9$_run_closure1BeanInfo> (0x000000008a47b748) thrown at [./src/hotspot/share/classfile/systemDictionary.cpp, line 231]
Event: 88.987 Thread 0x000002147d227000 Exception <a 'java/lang/ClassNotFoundException'{0x000000008a48f508}: build_1zk7uqyb6502yu2lq724abii9$_run_closure1Customizer> (0x000000008a48f508) thrown at [./src/hotspot/share/classfile/systemDictionary.cpp, line 231]
Event: 89.009 Thread 0x000002147d227000 Exception <a 'java/lang/ClassNotFoundException'{0x000000008a4f6140}: org/gradle/api/JavaVersionBeanInfo> (0x000000008a4f6140) thrown at [./src/hotspot/share/classfile/systemDictionary.cpp, line 231]
Event: 89.010 Thread 0x000002147d227000 Exception <a 'java/lang/ClassNotFoundException'{0x000000008a326c40}: org/gradle/api/JavaVersionCustomizer> (0x000000008a326c40) thrown at [./src/hotspot/share/classfile/systemDictionary.cpp, line 231]
Event: 89.016 Thread 0x000002147d227000 Exception <a 'java/lang/ClassNotFoundException'{0x000000008a394ab8}: com/android/build/gradle/internal/CompileOptions$AgpDecorated_DecoratedBeanInfo> (0x000000008a394ab8) thrown at [./src/hotspot/share/classfile/systemDictionary.cpp, line 231]
Event: 89.017 Thread 0x000002147d227000 Exception <a 'java/lang/ClassNotFoundException'{0x000000008a3b58f8}: com/android/build/gradle/internal/CompileOptions$AgpDecoratedBeanInfo> (0x000000008a3b58f8) thrown at [./src/hotspot/share/classfile/systemDictionary.cpp, line 231]
Event: 89.017 Thread 0x000002147d227000 Exception <a 'java/lang/ClassNotFoundException'{0x000000008a3d3b80}: com/android/build/gradle/internal/CompileOptionsBeanInfo> (0x000000008a3d3b80) thrown at [./src/hotspot/share/classfile/systemDictionary.cpp, line 231]
Event: 89.018 Thread 0x000002147d227000 Exception <a 'java/lang/ClassNotFoundException'{0x000000008a3f2750}: com/android/build/gradle/internal/CompileOptionsCustomizer> (0x000000008a3f2750) thrown at [./src/hotspot/share/classfile/systemDictionary.cpp, line 231]
Event: 89.020 Thread 0x000002147d227000 Exception <a 'java/lang/ClassNotFoundException'{0x000000008a21fe50}: com/android/build/gradle/internal/CompileOptions$AgpDecoratedCustomizer> (0x000000008a21fe50) thrown at [./src/hotspot/share/classfile/systemDictionary.cpp, line 231]
Event: 89.022 Thread 0x000002147d227000 Exception <a 'java/lang/ClassNotFoundException'{0x000000008a250ca8}: com/android/build/gradle/internal/CompileOptions$AgpDecorated_DecoratedCustomizer> (0x000000008a250ca8) thrown at [./src/hotspot/share/classfile/systemDictionary.cpp, line 231]
Event: 89.186 Thread 0x000002147d227000 Exception <a 'java/lang/ClassNotFoundException'{0x000000008a1c0480}: org/jetbrains/kotlin/gradle/dsl/KotlinJvmOptionsImplBeanInfo> (0x000000008a1c0480) thrown at [./src/hotspot/share/classfile/systemDictionary.cpp, line 231]
Event: 89.187 Thread 0x000002147d227000 Exception <a 'java/lang/ClassNotFoundException'{0x000000008a1de928}: org/jetbrains/kotlin/gradle/dsl/KotlinJvmOptionsBaseBeanInfo> (0x000000008a1de928) thrown at [./src/hotspot/share/classfile/systemDictionary.cpp, line 231]
Event: 89.188 Thread 0x000002147d227000 Exception <a 'java/lang/ClassNotFoundException'{0x000000008a1fcef0}: org/jetbrains/kotlin/gradle/dsl/KotlinJvmOptionsBaseCustomizer> (0x000000008a1fcef0) thrown at [./src/hotspot/share/classfile/systemDictionary.cpp, line 231]
Event: 89.189 Thread 0x000002147d227000 Exception <a 'java/lang/ClassNotFoundException'{0x000000008a02dd88}: org/jetbrains/kotlin/gradle/dsl/KotlinJvmOptionsImplCustomizer> (0x000000008a02dd88) thrown at [./src/hotspot/share/classfile/systemDictionary.cpp, line 231]
Event: 89.196 Thread 0x000002147d227000 Exception <a 'java/lang/ClassNotFoundException'{0x000000008a0daee0}: org/gradle/api/internal/artifacts/dsl/dependencies/DefaultDependencyHandler_DecoratedBeanInfo> (0x000000008a0daee0) thrown at [./src/hotspot/share/classfile/systemDictionary.cpp, line 231]
Event: 89.198 Thread 0x000002147d227000 Exception <a 'java/lang/ClassNotFoundException'{0x0000000089f2d1f8}: org/gradle/api/internal/artifacts/dsl/dependencies/DefaultDependencyHandlerBeanInfo> (0x0000000089f2d1f8) thrown at [./src/hotspot/share/classfile/systemDictionary.cpp, line 231]
Event: 89.200 Thread 0x000002147d227000 Exception <a 'java/lang/ClassNotFoundException'{0x0000000089f7f200}: org/gradle/api/internal/artifacts/dsl/dependencies/DefaultDependencyHandlerCustomizer> (0x0000000089f7f200) thrown at [./src/hotspot/share/classfile/systemDictionary.cpp, line 231]
Event: 89.203 Thread 0x000002147d227000 Exception <a 'java/lang/ClassNotFoundException'{0x0000000089ffc848}: org/gradle/api/internal/artifacts/dsl/dependencies/DefaultDependencyHandler_DecoratedCustomizer> (0x0000000089ffc848) thrown at [./src/hotspot/share/classfile/systemDictionary.cpp, line 231]

Events (20 events):
Event: 89.197 loading class org/gradle/api/internal/artifacts/dsl/dependencies/DefaultDependencyHandlerBeanInfo
Event: 89.197 loading class org/gradle/api/internal/artifacts/dsl/dependencies/DefaultDependencyHandlerBeanInfo done
Event: 89.198 loading class org/gradle/api/internal/artifacts/dsl/dependencies/DefaultDependencyHandlerBeanInfo
Event: 89.198 loading class org/gradle/api/internal/artifacts/dsl/dependencies/DefaultDependencyHandlerBeanInfo done
Event: 89.198 loading class org/gradle/api/internal/artifacts/dsl/dependencies/DefaultDependencyHandlerCustomizer
Event: 89.198 loading class org/gradle/api/internal/artifacts/dsl/dependencies/DefaultDependencyHandlerCustomizer done
Event: 89.199 loading class org/gradle/api/internal/artifacts/dsl/dependencies/DefaultDependencyHandlerCustomizer
Event: 89.199 loading class org/gradle/api/internal/artifacts/dsl/dependencies/DefaultDependencyHandlerCustomizer done
Event: 89.199 loading class org/gradle/api/internal/artifacts/dsl/dependencies/DefaultDependencyHandlerCustomizer
Event: 89.199 loading class org/gradle/api/internal/artifacts/dsl/dependencies/DefaultDependencyHandlerCustomizer done
Event: 89.199 loading class org/gradle/api/internal/artifacts/dsl/dependencies/DefaultDependencyHandlerCustomizer
Event: 89.199 loading class org/gradle/api/internal/artifacts/dsl/dependencies/DefaultDependencyHandlerCustomizer done
Event: 89.201 loading class org/gradle/api/internal/artifacts/dsl/dependencies/DefaultDependencyHandler_DecoratedCustomizer
Event: 89.201 loading class org/gradle/api/internal/artifacts/dsl/dependencies/DefaultDependencyHandler_DecoratedCustomizer done
Event: 89.201 loading class org/gradle/api/internal/artifacts/dsl/dependencies/DefaultDependencyHandler_DecoratedCustomizer
Event: 89.201 loading class org/gradle/api/internal/artifacts/dsl/dependencies/DefaultDependencyHandler_DecoratedCustomizer done
Event: 89.201 loading class org/gradle/api/internal/artifacts/dsl/dependencies/DefaultDependencyHandler_DecoratedCustomizer
Event: 89.201 loading class org/gradle/api/internal/artifacts/dsl/dependencies/DefaultDependencyHandler_DecoratedCustomizer done
Event: 89.202 loading class org/gradle/api/internal/artifacts/dsl/dependencies/DefaultDependencyHandler_DecoratedCustomizer
Event: 89.202 loading class org/gradle/api/internal/artifacts/dsl/dependencies/DefaultDependencyHandler_DecoratedCustomizer done


Dynamic libraries:
0x00007ff63d380000 - 0x00007ff63d38a000 	C:\Users\Bayan\AppData\Local\JetBrains\Toolbox\apps\AndroidStudio\ch-0\213.7172.25.2113.9123335\jre\bin\java.exe
0x00007ff8009d0000 - 0x00007ff800bc8000 	C:\Windows\SYSTEM32\ntdll.dll
0x00007ffffea00000 - 0x00007ffffeabf000 	C:\Windows\System32\KERNEL32.DLL
0x00007ffffe5c0000 - 0x00007ffffe892000 	C:\Windows\System32\KERNELBASE.dll
0x00007ffffe440000 - 0x00007ffffe540000 	C:\Windows\System32\ucrtbase.dll
0x00007fffe92b0000 - 0x00007fffe92c7000 	C:\Users\Bayan\AppData\Local\JetBrains\Toolbox\apps\AndroidStudio\ch-0\213.7172.25.2113.9123335\jre\bin\VCRUNTIME140.dll
0x00007fffe9130000 - 0x00007fffe9149000 	C:\Users\Bayan\AppData\Local\JetBrains\Toolbox\apps\AndroidStudio\ch-0\213.7172.25.2113.9123335\jre\bin\jli.dll
0x00007ffffeef0000 - 0x00007fffff091000 	C:\Windows\System32\USER32.dll
0x00007ffffe590000 - 0x00007ffffe5b2000 	C:\Windows\System32\win32u.dll
0x00007ff800800000 - 0x00007ff80082b000 	C:\Windows\System32\GDI32.dll
0x00007ffffe0b0000 - 0x00007ffffe1bf000 	C:\Windows\System32\gdi32full.dll
0x00007fffe6b60000 - 0x00007fffe6dfa000 	C:\Windows\WinSxS\amd64_microsoft.windows.common-controls_6595b64144ccf1df_6.0.19041.1110_none_60b5254171f9507e\COMCTL32.dll
0x00007ff800630000 - 0x00007ff8006ce000 	C:\Windows\System32\msvcrt.dll
0x00007ffffe2f0000 - 0x00007ffffe38d000 	C:\Windows\System32\msvcp_win.dll
0x00007ff800280000 - 0x00007ff8002b2000 	C:\Windows\System32\IMM32.DLL
0x00007fffe31f0000 - 0x00007fffe328d000 	C:\Users\Bayan\AppData\Local\JetBrains\Toolbox\apps\AndroidStudio\ch-0\213.7172.25.2113.9123335\jre\bin\msvcp140.dll
0x00007fffd2be0000 - 0x00007fffd36e2000 	C:\Users\Bayan\AppData\Local\JetBrains\Toolbox\apps\AndroidStudio\ch-0\213.7172.25.2113.9123335\jre\bin\server\jvm.dll
0x00007ffffeb20000 - 0x00007ffffebce000 	C:\Windows\System32\ADVAPI32.dll
0x00007fffff9c0000 - 0x00007fffffa5c000 	C:\Windows\System32\sechost.dll
0x00007ff800150000 - 0x00007ff800275000 	C:\Windows\System32\RPCRT4.dll
0x00007ff8002c0000 - 0x00007ff8002c8000 	C:\Windows\System32\PSAPI.DLL
0x00007ffff9370000 - 0x00007ffff9379000 	C:\Windows\SYSTEM32\WSOCK32.dll
0x00007fffff180000 - 0x00007fffff1eb000 	C:\Windows\System32\WS2_32.dll
0x00007fffec140000 - 0x00007fffec167000 	C:\Windows\SYSTEM32\WINMM.dll
0x00007ffff4dd0000 - 0x00007ffff4dda000 	C:\Windows\SYSTEM32\VERSION.dll
0x00007ffffbf70000 - 0x00007ffffbf82000 	C:\Windows\SYSTEM32\kernel.appcore.dll
0x00007ffff7970000 - 0x00007ffff7981000 	C:\Users\Bayan\AppData\Local\JetBrains\Toolbox\apps\AndroidStudio\ch-0\213.7172.25.2113.9123335\jre\bin\verify.dll
0x00007ffff6870000 - 0x00007ffff6a54000 	C:\Windows\SYSTEM32\DBGHELP.DLL
0x00007ffff6790000 - 0x00007ffff67c5000 	C:\Windows\SYSTEM32\dbgcore.DLL
0x00007ffffe260000 - 0x00007ffffe2e2000 	C:\Windows\System32\bcryptPrimitives.dll
0x00007ffff7760000 - 0x00007ffff7789000 	C:\Users\Bayan\AppData\Local\JetBrains\Toolbox\apps\AndroidStudio\ch-0\213.7172.25.2113.9123335\jre\bin\java.dll
0x00007ffff7a10000 - 0x00007ffff7a1b000 	C:\Users\Bayan\AppData\Local\JetBrains\Toolbox\apps\AndroidStudio\ch-0\213.7172.25.2113.9123335\jre\bin\jimage.dll
0x00007ffff7470000 - 0x00007ffff7488000 	C:\Users\Bayan\AppData\Local\JetBrains\Toolbox\apps\AndroidStudio\ch-0\213.7172.25.2113.9123335\jre\bin\zip.dll
0x00007fffff270000 - 0x00007fffff9b4000 	C:\Windows\System32\SHELL32.dll
0x00007ffffc170000 - 0x00007ffffc902000 	C:\Windows\SYSTEM32\windows.storage.dll
0x00007ff8002d0000 - 0x00007ff800625000 	C:\Windows\System32\combase.dll
0x00007ffffdb10000 - 0x00007ffffdb40000 	C:\Windows\SYSTEM32\Wldp.dll
0x00007ffffee40000 - 0x00007ffffeeed000 	C:\Windows\System32\SHCORE.dll
0x00007ffffeac0000 - 0x00007ffffeb15000 	C:\Windows\System32\shlwapi.dll
0x00007ffffdff0000 - 0x00007ffffe00f000 	C:\Windows\SYSTEM32\profapi.dll
0x00007ffff5510000 - 0x00007ffff552a000 	C:\Users\Bayan\AppData\Local\JetBrains\Toolbox\apps\AndroidStudio\ch-0\213.7172.25.2113.9123335\jre\bin\net.dll
0x00007ffff5050000 - 0x00007ffff515c000 	C:\Windows\SYSTEM32\WINHTTP.dll
0x00007ffffd870000 - 0x00007ffffd8da000 	C:\Windows\system32\mswsock.dll
0x00007ffff22c0000 - 0x00007ffff22d4000 	C:\Users\Bayan\AppData\Local\JetBrains\Toolbox\apps\AndroidStudio\ch-0\213.7172.25.2113.9123335\jre\bin\nio.dll
0x00007ffff1100000 - 0x00007ffff1127000 	C:\Users\Bayan\.gradle\native\e1d6ef7f7dcc3fd88c89a11ec53ec762bb8ba0a96d01ffa2cd45eb1d1d8dd5c5\windows-amd64\native-platform.dll
0x00007fffdf690000 - 0x00007fffdf7d4000 	C:\Users\Bayan\.gradle\native\0d407fdbe67a94daf76414ababcb853783967236a71b16ec16e742cd7a986fd3\windows-amd64\native-platform-file-events.dll
0x00007ffff76b0000 - 0x00007ffff76ba000 	C:\Users\Bayan\AppData\Local\JetBrains\Toolbox\apps\AndroidStudio\ch-0\213.7172.25.2113.9123335\jre\bin\management.dll
0x00007ffff7430000 - 0x00007ffff743d000 	C:\Users\Bayan\AppData\Local\JetBrains\Toolbox\apps\AndroidStudio\ch-0\213.7172.25.2113.9123335\jre\bin\management_ext.dll
0x00007ffffda60000 - 0x00007ffffda78000 	C:\Windows\SYSTEM32\CRYPTSP.dll
0x00007ffffd120000 - 0x00007ffffd154000 	C:\Windows\system32\rsaenh.dll
0x00007ffffe230000 - 0x00007ffffe257000 	C:\Windows\System32\bcrypt.dll
0x00007ffffdfb0000 - 0x00007ffffdfde000 	C:\Windows\SYSTEM32\USERENV.dll
0x00007ffffda80000 - 0x00007ffffda8c000 	C:\Windows\SYSTEM32\CRYPTBASE.dll
0x00007ffffd510000 - 0x00007ffffd54b000 	C:\Windows\SYSTEM32\IPHLPAPI.DLL
0x00007ff800000000 - 0x00007ff800008000 	C:\Windows\System32\NSI.dll
0x00007ffff5d30000 - 0x00007ffff5d47000 	C:\Windows\SYSTEM32\dhcpcsvc6.DLL
0x00007ffff5ed0000 - 0x00007ffff5eed000 	C:\Windows\SYSTEM32\dhcpcsvc.DLL
0x00007ffffd560000 - 0x00007ffffd62a000 	C:\Windows\SYSTEM32\DNSAPI.dll

dbghelp: loaded successfully - version: 4.0.5 - missing functions: none
symbol engine: initialized successfully - sym options: 0x614 - pdb path: .;C:\Users\Bayan\AppData\Local\JetBrains\Toolbox\apps\AndroidStudio\ch-0\213.7172.25.2113.9123335\jre\bin;C:\Windows\SYSTEM32;C:\Windows\WinSxS\amd64_microsoft.windows.common-controls_6595b64144ccf1df_6.0.19041.1110_none_60b5254171f9507e;C:\Users\Bayan\AppData\Local\JetBrains\Toolbox\apps\AndroidStudio\ch-0\213.7172.25.2113.9123335\jre\bin\server;C:\Users\Bayan\.gradle\native\e1d6ef7f7dcc3fd88c89a11ec53ec762bb8ba0a96d01ffa2cd45eb1d1d8dd5c5\windows-amd64;C:\Users\Bayan\.gradle\native\0d407fdbe67a94daf76414ababcb853783967236a71b16ec16e742cd7a986fd3\windows-amd64

VM Arguments:
jvm_args: --add-opens=java.base/java.util=ALL-UNNAMED --add-opens=java.base/java.lang=ALL-UNNAMED --add-opens=java.base/java.lang.invoke=ALL-UNNAMED --add-opens=java.base/java.util=ALL-UNNAMED --add-opens=java.prefs/java.util.prefs=ALL-UNNAMED --add-opens=java.prefs/java.util.prefs=ALL-UNNAMED --add-opens=java.base/java.nio.charset=ALL-UNNAMED --add-opens=java.base/java.net=ALL-UNNAMED --add-opens=java.base/java.util.concurrent.atomic=ALL-UNNAMED -Xmx2048m -Dfile.encoding=UTF-8 -Duser.country=US -Duser.language=en -Duser.variant 
java_command: org.gradle.launcher.daemon.bootstrap.GradleDaemon 7.4
java_class_path (initial): C:\Users\Bayan\.gradle\wrapper\dists\gradle-7.4-bin\c0gwcg53nkjbqw7r0h0umtfvt\gradle-7.4\lib\gradle-launcher-7.4.jar
Launcher Type: SUN_STANDARD

[Global flags]
     intx CICompilerCount                          = 3                                         {product} {ergonomic}
     uint ConcGCThreads                            = 1                                         {product} {ergonomic}
     uint G1ConcRefinementThreads                  = 4                                         {product} {ergonomic}
   size_t G1HeapRegionSize                         = 1048576                                   {product} {ergonomic}
    uintx GCDrainStackTargetSize                   = 64                                        {product} {ergonomic}
   size_t InitialHeapSize                          = 167772160                                 {product} {ergonomic}
   size_t MarkStackSize                            = 4194304                                   {product} {ergonomic}
   size_t MaxHeapSize                              = 2147483648                                {product} {command line}
   size_t MaxNewSize                               = 1287651328                                {product} {ergonomic}
   size_t MinHeapDeltaBytes                        = 1048576                                   {product} {ergonomic}
    uintx NonNMethodCodeHeapSize                   = 5830732                                {pd product} {ergonomic}
    uintx NonProfiledCodeHeapSize                  = 122913754                              {pd product} {ergonomic}
    uintx ProfiledCodeHeapSize                     = 122913754                              {pd product} {ergonomic}
    uintx ReservedCodeCacheSize                    = 251658240                              {pd product} {ergonomic}
     bool SegmentedCodeCache                       = true                                      {product} {ergonomic}
     bool UseCompressedClassPointers               = true                                 {lp64_product} {ergonomic}
     bool UseCompressedOops                        = true                                 {lp64_product} {ergonomic}
     bool UseG1GC                                  = true                                      {product} {ergonomic}
     bool UseLargePagesIndividualAllocation        = false                                  {pd product} {ergonomic}

Logging:
Log output configuration:
 #0: stdout all=warning uptime,level,tags
 #1: stderr all=off uptime,level,tags

Environment Variables:
PATH=C:\Windows\system32;C:\Windows;C:\Windows\System32\Wbem;C:\Windows\System32\WindowsPowerShell\v1.0\;C:\Windows\System32\OpenSSH\;C:\Program Files\dotnet\;C:\Program Files\Git\cmd;C:\Users\Bayan\AppData\Local\Programs\Python\Python311\Scripts\;C:\Users\Bayan\AppData\Local\Programs\Python\Python311\;C:\Users\Bayan\AppData\Local\Microsoft\WindowsApps;C:\Users\Bayan\AppData\Local\JetBrains\Toolbox\scripts;C:\Users\Bayan\Programs\Executable;C:\Users\Bayan\Programs\Installer\yt-dlp\yt-dlp-gui\src\dist\yt-dlp-gui;
USERNAME=Bayan
OS=Windows_NT
PROCESSOR_IDENTIFIER=Intel64 Family 6 Model 60 Stepping 3, GenuineIntel



---------------  S Y S T E M  ---------------

OS: Windows 10 , 64 bit Build 19041 (10.0.19041.2364)
OS uptime: 1 days 18:51 hours

CPU:total 4 (initial active 4) (2 cores per cpu, 2 threads per core) family 6 model 60 stepping 3 microcode 0x27, cmov, cx8, fxsr, mmx, sse, sse2, sse3, ssse3, sse4.1, sse4.2, popcnt, avx, avx2, aes, clmul, erms, lzcnt, ht, tsc, tscinvbit, bmi1, bmi2, fma

Memory: 4k page, system-wide physical 10165M (609M free)
TotalPageFile size 10165M (AvailPageFile size 2M)
current process WorkingSet (physical memory assigned to process): 398M, peak: 398M
current process commit charge ("private bytes"): 444M, peak: 444M

vm_info: OpenJDK 64-Bit Server VM (11.0.13+0-b1751.21-8125866) for windows-amd64 JRE (11.0.13+0-b1751.21-8125866), built on Feb  2 2022 03:00:22 by "builder" with MS VC++ 14.0 (VS2015)

END.
