#
# There is insufficient memory for the Java Runtime Environment to continue.
# Native memory allocation (mmap) failed to map 167772160 bytes for Failed to commit area from 0x0000000761200000 to 0x000000076b200000 of length 167772160.
# Possible reasons:
#   The system is out of physical RAM or swap space
#   The process is running with CompressedOops enabled, and the Java Heap may be blocking the growth of the native heap
# Possible solutions:
#   Reduce memory load on the system
#   Increase physical memory or swap space
#   Check if swap backing store is full
#   Decrease Java heap size (-Xmx/-Xms)
#   Decrease number of Java threads
#   Decrease Java thread stack sizes (-Xss)
#   Set larger code cache with -XX:ReservedCodeCacheSize=
# This output file may be truncated or incomplete.
#
#  Out of Memory Error (./src/hotspot/os/windows/os_windows.cpp:3619), pid=1784, tid=6788
#
# JRE version:  (11.0.13) (build )
# Java VM: OpenJDK 64-Bit Server VM (11.0.13+0-b1751.21-8125866, mixed mode, sharing, tiered, compressed oops, g1 gc, windows-amd64)
# No core dump will be written. Minidumps are not enabled by default on client versions of Windows
#

---------------  S U M M A R Y ------------

Command Line: org.jetbrains.kotlin.cli.jvm.K2JVMCompiler @C:\Users\Bayan\AndroidStudioProjects\Testing\app\build\20230108_13382821987159823891.compiler.options

Host: Intel(R) Core(TM) i5-4310M CPU @ 2.70GHz, 4 cores, 9G,  Windows 10 , 64 bit Build 19041 (10.0.19041.2364)
Time: Sun Jan  8 12:52:38 2023 Pacific Standard Time elapsed time: 0.034340 seconds (0d 0h 0m 0s)

---------------  T H R E A D  ---------------

Current thread (0x00000215ccdae000):  JavaThread "Unknown thread" [_thread_in_vm, id=6788, stack(0x000000802a700000,0x000000802a800000)]

Stack: [0x000000802a700000,0x000000802a800000]
Native frames: (J=compiled Java code, j=interpreted, Vv=VM code, C=native code)
V  [jvm.dll+0x6100fa]
V  [jvm.dll+0x747090]
V  [jvm.dll+0x7486ad]
V  [jvm.dll+0x748d83]
V  [jvm.dll+0x24ab48]
V  [jvm.dll+0x60d164]
V  [jvm.dll+0x601e75]
V  [jvm.dll+0x308bdb]
V  [jvm.dll+0x308b4a]
V  [jvm.dll+0x308a22]
V  [jvm.dll+0x30d986]
V  [jvm.dll+0x357093]
V  [jvm.dll+0x357796]
V  [jvm.dll+0x357193]
V  [jvm.dll+0x2e3448]
V  [jvm.dll+0x2e45f7]
V  [jvm.dll+0x7242e7]
V  [jvm.dll+0x725adc]
V  [jvm.dll+0x364629]
V  [jvm.dll+0x707cee]
V  [jvm.dll+0x3d2633]
V  [jvm.dll+0x3d4a21]
C  [jli.dll+0x536b]
C  [ucrtbase.dll+0x21bb2]
C  [KERNEL32.DLL+0x17614]
C  [ntdll.dll+0x526a1]


---------------  P R O C E S S  ---------------

Threads class SMR info:
_java_thread_list=0x00000215cacc4e20, length=0, elements={
}

Java Threads: ( => current thread )

Other Threads:
  0x00000215ccdc7000 GCTaskThread "GC Thread#0" [stack: 0x000000802a800000,0x000000802a900000] [id=1320]
  0x00000215cce02800 ConcurrentGCThread "G1 Main Marker" [stack: 0x000000802a900000,0x000000802aa00000] [id=4304]
  0x00000215cce04800 ConcurrentGCThread "G1 Conc#0" [stack: 0x000000802aa00000,0x000000802ab00000] [id=6924]

[error occurred during error reporting (printing all threads), id 0xc0000005, EXCEPTION_ACCESS_VIOLATION (0xc0000005) at pc=0x00007fffd2ed3dd7]

VM state:not at safepoint (not fully initialized)

VM Mutex/Monitor currently owned by a thread:  ([mutex/lock_event])
[0x00000215ccdaa650] Heap_lock - owner thread: 0x00000215ccdae000

Heap address: 0x0000000761200000, size: 2542 MB, Compressed Oops mode: Non-zero based: 0x0000000761200000
Narrow klass base: 0x0000000000000000, Narrow klass shift: 0

GC Heap History (0 events):
No events

Deoptimization events (0 events):
No events

Classes redefined (0 events):
No events

Internal exceptions (0 events):
No events

Events (1 events):
Event: 0.018 Loaded shared library C:\Users\Bayan\AppData\Local\JetBrains\Toolbox\apps\AndroidStudio\ch-0\213.7172.25.2113.9123335\jre\bin\zip.dll


Dynamic libraries:
0x00007ff63d380000 - 0x00007ff63d38a000 	C:\Users\Bayan\AppData\Local\JetBrains\Toolbox\apps\AndroidStudio\ch-0\213.7172.25.2113.9123335\jre\bin\java.exe
0x00007ff8009d0000 - 0x00007ff800bc8000 	C:\Windows\SYSTEM32\ntdll.dll
0x00007ffffea00000 - 0x00007ffffeabf000 	C:\Windows\System32\KERNEL32.DLL
0x00007ffffe5c0000 - 0x00007ffffe892000 	C:\Windows\System32\KERNELBASE.dll
0x00007ffffe440000 - 0x00007ffffe540000 	C:\Windows\System32\ucrtbase.dll
0x00007fffe92b0000 - 0x00007fffe92c7000 	C:\Users\Bayan\AppData\Local\JetBrains\Toolbox\apps\AndroidStudio\ch-0\213.7172.25.2113.9123335\jre\bin\VCRUNTIME140.dll
0x00007fffe9130000 - 0x00007fffe9149000 	C:\Users\Bayan\AppData\Local\JetBrains\Toolbox\apps\AndroidStudio\ch-0\213.7172.25.2113.9123335\jre\bin\jli.dll
0x00007ffffeef0000 - 0x00007fffff091000 	C:\Windows\System32\USER32.dll
0x00007ffffe590000 - 0x00007ffffe5b2000 	C:\Windows\System32\win32u.dll
0x00007ff800800000 - 0x00007ff80082b000 	C:\Windows\System32\GDI32.dll
0x00007ffffe0b0000 - 0x00007ffffe1bf000 	C:\Windows\System32\gdi32full.dll
0x00007ffffe2f0000 - 0x00007ffffe38d000 	C:\Windows\System32\msvcp_win.dll
0x00007fffe6b60000 - 0x00007fffe6dfa000 	C:\Windows\WinSxS\amd64_microsoft.windows.common-controls_6595b64144ccf1df_6.0.19041.1110_none_60b5254171f9507e\COMCTL32.dll
0x00007ff800630000 - 0x00007ff8006ce000 	C:\Windows\System32\msvcrt.dll
0x00007ff800280000 - 0x00007ff8002b2000 	C:\Windows\System32\IMM32.DLL
0x00007fffe31f0000 - 0x00007fffe328d000 	C:\Users\Bayan\AppData\Local\JetBrains\Toolbox\apps\AndroidStudio\ch-0\213.7172.25.2113.9123335\jre\bin\msvcp140.dll
0x00007fffd2be0000 - 0x00007fffd36e2000 	C:\Users\Bayan\AppData\Local\JetBrains\Toolbox\apps\AndroidStudio\ch-0\213.7172.25.2113.9123335\jre\bin\server\jvm.dll
0x00007ffffeb20000 - 0x00007ffffebce000 	C:\Windows\System32\ADVAPI32.dll
0x00007fffff9c0000 - 0x00007fffffa5c000 	C:\Windows\System32\sechost.dll
0x00007ff800150000 - 0x00007ff800275000 	C:\Windows\System32\RPCRT4.dll
0x00007ff8002c0000 - 0x00007ff8002c8000 	C:\Windows\System32\PSAPI.DLL
0x00007ffff9370000 - 0x00007ffff9379000 	C:\Windows\SYSTEM32\WSOCK32.dll
0x00007fffff180000 - 0x00007fffff1eb000 	C:\Windows\System32\WS2_32.dll
0x00007fffec140000 - 0x00007fffec167000 	C:\Windows\SYSTEM32\WINMM.dll
0x00007ffff4dd0000 - 0x00007ffff4dda000 	C:\Windows\SYSTEM32\VERSION.dll
0x00007ffffbf70000 - 0x00007ffffbf82000 	C:\Windows\SYSTEM32\kernel.appcore.dll
0x00007ffff7970000 - 0x00007ffff7981000 	C:\Users\Bayan\AppData\Local\JetBrains\Toolbox\apps\AndroidStudio\ch-0\213.7172.25.2113.9123335\jre\bin\verify.dll
0x00007ffff6870000 - 0x00007ffff6a54000 	C:\Windows\SYSTEM32\DBGHELP.DLL
0x00007ffff6790000 - 0x00007ffff67c5000 	C:\Windows\SYSTEM32\dbgcore.DLL
0x00007ffffe260000 - 0x00007ffffe2e2000 	C:\Windows\System32\bcryptPrimitives.dll
0x00007ffff7760000 - 0x00007ffff7789000 	C:\Users\Bayan\AppData\Local\JetBrains\Toolbox\apps\AndroidStudio\ch-0\213.7172.25.2113.9123335\jre\bin\java.dll
0x00007ffff7a10000 - 0x00007ffff7a1b000 	C:\Users\Bayan\AppData\Local\JetBrains\Toolbox\apps\AndroidStudio\ch-0\213.7172.25.2113.9123335\jre\bin\jimage.dll
0x00007ffff7470000 - 0x00007ffff7488000 	C:\Users\Bayan\AppData\Local\JetBrains\Toolbox\apps\AndroidStudio\ch-0\213.7172.25.2113.9123335\jre\bin\zip.dll

dbghelp: loaded successfully - version: 4.0.5 - missing functions: none
symbol engine: initialized successfully - sym options: 0x614 - pdb path: .;C:\Users\Bayan\AppData\Local\JetBrains\Toolbox\apps\AndroidStudio\ch-0\213.7172.25.2113.9123335\jre\bin;C:\Windows\SYSTEM32;C:\Windows\WinSxS\amd64_microsoft.windows.common-controls_6595b64144ccf1df_6.0.19041.1110_none_60b5254171f9507e;C:\Users\Bayan\AppData\Local\JetBrains\Toolbox\apps\AndroidStudio\ch-0\213.7172.25.2113.9123335\jre\bin\server

VM Arguments:
java_command: org.jetbrains.kotlin.cli.jvm.K2JVMCompiler @C:\Users\Bayan\AndroidStudioProjects\Testing\app\build\20230108_13382821987159823891.compiler.options
java_class_path (initial): C:\Users\Bayan\.gradle\caches\modules-2\files-2.1\org.jetbrains.kotlin\kotlin-compiler-embeddable\1.7.20\8db18559a581dd2c36ddfd5046af145650f5b126\kotlin-compiler-embeddable-1.7.20.jar;C:\Users\Bayan\.gradle\caches\modules-2\files-2.1\org.jetbrains.kotlin\kotlin-reflect\1.7.20\12b2501e33bb6373e8e347c86d85481863629381\kotlin-reflect-1.7.20.jar;C:\Users\Bayan\.gradle\caches\modules-2\files-2.1\org.jetbrains.kotlin\kotlin-stdlib\1.7.20\726594ea9ba2beb2ee113647fefa9a10f9fabe52\kotlin-stdlib-1.7.20.jar;C:\Users\Bayan\.gradle\caches\modules-2\files-2.1\org.jetbrains.kotlin\kotlin-script-runtime\1.7.20\bcd1cc6f865e632550357fcc59f5ffd532615a8\kotlin-script-runtime-1.7.20.jar;C:\Users\Bayan\.gradle\caches\modules-2\files-2.1\org.jetbrains.kotlin\kotlin-daemon-embeddable\1.7.20\1e24355adad8d529d75d5b19eab55484057431ba\kotlin-daemon-embeddable-1.7.20.jar;C:\Users\Bayan\.gradle\caches\modules-2\files-2.1\org.jetbrains.intellij.deps\trove4j\1.0.20200330\3afb14d5f9ceb459d724e907a21145e8ff394f02\trove4j-1.0.20200330.jar;C:\Users\Bayan\.gradle\caches\modules-2\files-2.1\net.java.dev.jna\jna\5.6.0\330f2244e9030119ab3030fc3fededc86713d9cc\jna-5.6.0.jar;C:\Users\Bayan\.gradle\caches\modules-2\files-2.1\org.jetbrains.kotlin\kotlin-stdlib-common\1.7.20\e15351bdaf9fa06f009be5da7a202e4184f00ae3\kotlin-stdlib-common-1.7.20.jar;C:\Users\Bayan\.gradle\caches\modules-2\files-2.1\org.jetbrains\annotations\13.0\919f0dfe192fb4e063e7dacadee7f8bb9a2672a9\annotations-13.0.jar
Launcher Type: SUN_STANDARD

[Global flags]
     intx CICompilerCount                          = 3                                         {product} {ergonomic}
     uint ConcGCThreads                            = 1                                         {product} {ergonomic}
     uint G1ConcRefinementThreads                  = 4                                         {product} {ergonomic}
   size_t G1HeapRegionSize                         = 1048576                                   {product} {ergonomic}
    uintx GCDrainStackTargetSize                   = 64                                        {product} {ergonomic}
   size_t InitialHeapSize                          = 167772160                                 {product} {ergonomic}
   size_t MarkStackSize                            = 4194304                                   {product} {ergonomic}
   size_t MaxHeapSize                              = 2665480192                                {product} {ergonomic}
   size_t MinHeapDeltaBytes                        = 1048576                                   {product} {ergonomic}
    uintx NonNMethodCodeHeapSize                   = 5830732                                {pd product} {ergonomic}
    uintx NonProfiledCodeHeapSize                  = 122913754                              {pd product} {ergonomic}
    uintx ProfiledCodeHeapSize                     = 122913754                              {pd product} {ergonomic}
    uintx ReservedCodeCacheSize                    = 251658240                              {pd product} {ergonomic}
     bool SegmentedCodeCache                       = true                                      {product} {ergonomic}
     bool UseCompressedClassPointers               = true                                 {lp64_product} {ergonomic}
     bool UseCompressedOops                        = true                                 {lp64_product} {ergonomic}
     bool UseG1GC                                  = true                                      {product} {ergonomic}
     bool UseLargePagesIndividualAllocation        = false                                  {pd product} {ergonomic}

Logging:
Log output configuration:
 #0: stdout all=warning uptime,level,tags
 #1: stderr all=off uptime,level,tags

Environment Variables:
PATH=C:\Windows\system32;C:\Windows;C:\Windows\System32\Wbem;C:\Windows\System32\WindowsPowerShell\v1.0\;C:\Windows\System32\OpenSSH\;C:\Program Files\dotnet\;C:\Program Files\Git\cmd;C:\Users\Bayan\AppData\Local\Programs\Python\Python311\Scripts\;C:\Users\Bayan\AppData\Local\Programs\Python\Python311\;C:\Users\Bayan\AppData\Local\Microsoft\WindowsApps;C:\Users\Bayan\AppData\Local\JetBrains\Toolbox\scripts;C:\Users\Bayan\Programs\Executable;C:\Users\Bayan\Programs\Installer\yt-dlp\yt-dlp-gui\src\dist\yt-dlp-gui;
USERNAME=Bayan
OS=Windows_NT
PROCESSOR_IDENTIFIER=Intel64 Family 6 Model 60 Stepping 3, GenuineIntel



---------------  S Y S T E M  ---------------

OS: Windows 10 , 64 bit Build 19041 (10.0.19041.2364)
OS uptime: 1 days 18:51 hours

CPU:total 4 (initial active 4) (2 cores per cpu, 2 threads per core) family 6 model 60 stepping 3 microcode 0x27, cmov, cx8, fxsr, mmx, sse, sse2, sse3, ssse3, sse4.1, sse4.2, popcnt, avx, avx2, aes, clmul, erms, lzcnt, ht, tsc, tscinvbit, bmi1, bmi2, fma

Memory: 4k page, system-wide physical 10165M (798M free)
TotalPageFile size 10165M (AvailPageFile size 100M)
current process WorkingSet (physical memory assigned to process): 10M, peak: 10M
current process commit charge ("private bytes"): 51M, peak: 211M

vm_info: OpenJDK 64-Bit Server VM (11.0.13+0-b1751.21-8125866) for windows-amd64 JRE (11.0.13+0-b1751.21-8125866), built on Feb  2 2022 03:00:22 by "builder" with MS VC++ 14.0 (VS2015)

END.
